#
# There is insufficient memory for the Java Runtime Environment to continue.
# Native memory allocation (malloc) failed to allocate 975056 bytes for Chunk::new
# Possible reasons:
#   The system is out of physical RAM or swap space
#   The process is running with CompressedOops enabled, and the Java Heap may be blocking the growth of the native heap
# Possible solutions:
#   Reduce memory load on the system
#   Increase physical memory or swap space
#   Check if swap backing store is full
#   Decrease Java heap size (-Xmx/-Xms)
#   Decrease number of Java threads
#   Decrease Java thread stack sizes (-Xss)
#   Set larger code cache with -XX:ReservedCodeCacheSize=
#   JVM is running with Unscaled Compressed Oops mode in which the Java heap is
#     placed in the first 4GB address space. The Java Heap base address is the
#     maximum limit for the native heap growth. Please use -XX:HeapBaseMinAddress
#     to set the Java Heap base and to place the Java Heap above 4GB virtual address.
# This output file may be truncated or incomplete.
#
#  Out of Memory Error (./src/hotspot/share/memory/arena.cpp:197), pid=14452, tid=14212
#
# JRE version: OpenJDK Runtime Environment (11.0.13) (build 11.0.13+0-b1751.21-8125866)
# Java VM: OpenJDK 64-Bit Server VM (11.0.13+0-b1751.21-8125866, mixed mode, tiered, compressed oops, g1 gc, windows-amd64)
# No core dump will be written. Minidumps are not enabled by default on client versions of Windows
#

---------------  S U M M A R Y ------------

Command Line: --add-opens=java.base/java.util=ALL-UNNAMED --add-opens=java.base/java.lang=ALL-UNNAMED --add-opens=java.base/java.lang.invoke=ALL-UNNAMED --add-opens=java.base/java.util=ALL-UNNAMED --add-opens=java.prefs/java.util.prefs=ALL-UNNAMED --add-opens=java.prefs/java.util.prefs=ALL-UNNAMED --add-opens=java.base/java.nio.charset=ALL-UNNAMED --add-opens=java.base/java.net=ALL-UNNAMED --add-opens=java.base/java.util.concurrent.atomic=ALL-UNNAMED -Xmx2048m -Dfile.encoding=UTF-8 -Duser.country=ES -Duser.language=es -Duser.variant org.gradle.launcher.daemon.bootstrap.GradleDaemon 7.4

Host: 11th Gen Intel(R) Core(TM) i7-1165G7 @ 2.80GHz, 8 cores, 15G,  Windows 11 , 64 bit Build 22000 (10.0.22000.1219)
Time: Wed Dec  7 20:56:35 2022 Hora est. Pacífico, Sudamérica elapsed time: 6.222160 seconds (0d 0h 0m 6s)

---------------  T H R E A D  ---------------

Current thread (0x0000026b7a393800):  JavaThread "C2 CompilerThread2" daemon [_thread_in_native, id=14212, stack(0x00000070d6600000,0x00000070d6700000)]


Current CompileTask:
C2:   6222 5681       4       org.objectweb.asm.Frame::execute (2318 bytes)

Stack: [0x00000070d6600000,0x00000070d6700000]
Native frames: (J=compiled Java code, j=interpreted, Vv=VM code, C=native code)
V  [jvm.dll+0x6100fa]
V  [jvm.dll+0x747090]
V  [jvm.dll+0x7486ad]
V  [jvm.dll+0x748d83]
V  [jvm.dll+0x24ab48]
V  [jvm.dll+0xc04dc]
V  [jvm.dll+0xc0a0c]
V  [jvm.dll+0x35eb5b]
V  [jvm.dll+0x19d7bc]
V  [jvm.dll+0x2033be]
V  [jvm.dll+0x202437]
V  [jvm.dll+0x188e01]
V  [jvm.dll+0x21106b]
V  [jvm.dll+0x20f8c1]
V  [jvm.dll+0x70de0f]
V  [jvm.dll+0x706a75]
V  [jvm.dll+0x60ed66]
C  [ucrtbase.dll+0x26c0c]
C  [KERNEL32.DLL+0x15550]
C  [ntdll.dll+0x485b]


---------------  P R O C E S S  ---------------

Threads class SMR info:
_java_thread_list=0x0000026b7c8355e0, length=123, elements={
0x0000026b5e222800, 0x0000026b786ed800, 0x0000026b78f27800, 0x0000026b78f87800,
0x0000026b78f88800, 0x0000026b78f8a000, 0x0000026b78f8d800, 0x0000026b78f96800,
0x0000026b78f98800, 0x0000026b790f1000, 0x0000026b791fd800, 0x0000026b7a393800,
0x0000026b7a5c8800, 0x0000026b7c4d0800, 0x0000026b7b31f000, 0x0000026b7b8e5000,
0x0000026b7a5b0000, 0x0000026b7b085800, 0x0000026b7b7d6000, 0x0000026b7b442800,
0x0000026b7a42b000, 0x0000026b7ab4a000, 0x0000026b7cc93800, 0x0000026b7ae8c800,
0x0000026b7bca9000, 0x0000026b7bcab800, 0x0000026b7bcad000, 0x0000026b7bca8000,
0x0000026b7bcaa800, 0x0000026b7bcac800, 0x0000026b7bcae000, 0x0000026b7bcaa000,
0x0000026b7bcaf000, 0x0000026b7dca3800, 0x0000026b7dca7000, 0x0000026b7dca4800,
0x0000026b7dca5800, 0x0000026b7dca1800, 0x0000026b7dca2000, 0x0000026b7dca8800,
0x0000026b7dca9800, 0x0000026b7dcac800, 0x0000026b7dcac000, 0x0000026b7dcad800,
0x0000026b7dcab000, 0x0000026b7dcaa800, 0x0000026b7dca8000, 0x0000026b7dcb0000,
0x0000026b7dcae800, 0x0000026b7dcaf000, 0x0000026b7d8fa800, 0x0000026b7d8fb800,
0x0000026b7d8fc000, 0x0000026b7d8f6800, 0x0000026b7d8fd000, 0x0000026b7d8f7800,
0x0000026b7d8fe000, 0x0000026b7d8f8000, 0x0000026b7d8fe800, 0x0000026b7d8f9000,
0x0000026b7d8ff800, 0x0000026b7d8fa000, 0x0000026b7d900800, 0x0000026b7d903800,
0x0000026b7d902800, 0x0000026b7d905000, 0x0000026b7d901000, 0x0000026b7d902000,
0x0000026b7d904800, 0x0000026b7d7b8800, 0x0000026b7d7b6000, 0x0000026b7d7b8000,
0x0000026b7d7b7000, 0x0000026b7d7b5800, 0x0000026b7d7b9800, 0x0000026b7d7ba800,
0x0000026b7d7bb000, 0x0000026b7d7bc000, 0x0000026b7db5a800, 0x0000026b7db5d000,
0x0000026b7db58800, 0x0000026b7db57000, 0x0000026b7db5d800, 0x0000026b7db58000,
0x0000026b7db5e800, 0x0000026b7db5f000, 0x0000026b7db59800, 0x0000026b7db60000,
0x0000026b7db5c000, 0x0000026b7db61000, 0x0000026b7db5b000, 0x0000026b7db61800,
0x0000026b7db64000, 0x0000026b7db65000, 0x0000026b7db62800, 0x0000026b7db63800,
0x0000026b7db65800, 0x0000026b00985800, 0x0000026b00986000, 0x0000026b00983800,
0x0000026b00982000, 0x0000026b00987000, 0x0000026b00981000, 0x0000026b00984800,
0x0000026b00987800, 0x0000026b00983000, 0x0000026b00989800, 0x0000026b0098a000,
0x0000026b0098c800, 0x0000026b0098e800, 0x0000026b0098b000, 0x0000026b0098c000,
0x0000026b0098d800, 0x0000026b00988800, 0x0000026b0098f000, 0x0000026b00990000,
0x0000026b00489800, 0x0000026b00488000, 0x0000026b00486800, 0x0000026b0048c000,
0x0000026b0048a800, 0x0000026b00488800, 0x0000026b0048d000
}

Java Threads: ( => current thread )
  0x0000026b5e222800 JavaThread "main" [_thread_blocked, id=12168, stack(0x00000070d4f00000,0x00000070d5000000)]
  0x0000026b786ed800 JavaThread "Reference Handler" daemon [_thread_blocked, id=11096, stack(0x00000070d5600000,0x00000070d5700000)]
  0x0000026b78f27800 JavaThread "Finalizer" daemon [_thread_blocked, id=11916, stack(0x00000070d5700000,0x00000070d5800000)]
  0x0000026b78f87800 JavaThread "Signal Dispatcher" daemon [_thread_blocked, id=19260, stack(0x00000070d5800000,0x00000070d5900000)]
  0x0000026b78f88800 JavaThread "Attach Listener" daemon [_thread_blocked, id=20452, stack(0x00000070d5900000,0x00000070d5a00000)]
  0x0000026b78f8a000 JavaThread "Service Thread" daemon [_thread_blocked, id=10276, stack(0x00000070d5a00000,0x00000070d5b00000)]
  0x0000026b78f8d800 JavaThread "C2 CompilerThread0" daemon [_thread_in_native, id=9380, stack(0x00000070d5b00000,0x00000070d5c00000)]
  0x0000026b78f96800 JavaThread "C1 CompilerThread0" daemon [_thread_blocked, id=9100, stack(0x00000070d5c00000,0x00000070d5d00000)]
  0x0000026b78f98800 JavaThread "Sweeper thread" daemon [_thread_blocked, id=20136, stack(0x00000070d5d00000,0x00000070d5e00000)]
  0x0000026b790f1000 JavaThread "Common-Cleaner" daemon [_thread_blocked, id=10212, stack(0x00000070d5e00000,0x00000070d5f00000)]
  0x0000026b791fd800 JavaThread "C2 CompilerThread1" daemon [_thread_blocked, id=10480, stack(0x00000070d6000000,0x00000070d6100000)]
=>0x0000026b7a393800 JavaThread "C2 CompilerThread2" daemon [_thread_in_native, id=14212, stack(0x00000070d6600000,0x00000070d6700000)]
  0x0000026b7a5c8800 JavaThread "Daemon health stats" [_thread_blocked, id=8896, stack(0x00000070d6700000,0x00000070d6800000)]
  0x0000026b7c4d0800 JavaThread "Incoming local TCP Connector on port 55954" [_thread_in_native, id=8424, stack(0x00000070d6800000,0x00000070d6900000)]
  0x0000026b7b31f000 JavaThread "Daemon periodic checks" [_thread_blocked, id=12456, stack(0x00000070d6900000,0x00000070d6a00000)]
  0x0000026b7b8e5000 JavaThread "Daemon" [_thread_blocked, id=5244, stack(0x00000070d6a00000,0x00000070d6b00000)]
  0x0000026b7a5b0000 JavaThread "Handler for socket connection from /127.0.0.1:55954 to /127.0.0.1:55955" [_thread_in_native, id=2540, stack(0x00000070d6b00000,0x00000070d6c00000)]
  0x0000026b7b085800 JavaThread "Cancel handler" [_thread_blocked, id=15396, stack(0x00000070d6c00000,0x00000070d6d00000)]
  0x0000026b7b7d6000 JavaThread "Daemon worker" [_thread_in_vm, id=17744, stack(0x00000070d6d00000,0x00000070d6e00000)]
  0x0000026b7b442800 JavaThread "Asynchronous log dispatcher for DefaultDaemonConnection: socket connection from /127.0.0.1:55954 to /127.0.0.1:55955" [_thread_blocked, id=16884, stack(0x00000070d6e00000,0x00000070d6f00000)]
  0x0000026b7a42b000 JavaThread "Stdin handler" [_thread_blocked, id=18740, stack(0x00000070d6f00000,0x00000070d7000000)]
  0x0000026b7ab4a000 JavaThread "Daemon client event forwarder" [_thread_blocked, id=13452, stack(0x00000070d7000000,0x00000070d7100000)]
  0x0000026b7cc93800 JavaThread "Cache worker for journal cache (C:\Users\jossa\.gradle\caches\journal-1)" [_thread_blocked, id=5256, stack(0x00000070d7100000,0x00000070d7200000)]
  0x0000026b7ae8c800 JavaThread "File lock request listener" [_thread_in_native, id=21596, stack(0x00000070d7200000,0x00000070d7300000)]
  0x0000026b7bca9000 JavaThread "Cache worker for file hash cache (C:\Users\jossa\.gradle\caches\7.4\fileHashes)" [_thread_blocked, id=15996, stack(0x00000070d7300000,0x00000070d7400000)]
  0x0000026b7bcab800 JavaThread "File watcher server" daemon [_thread_in_native, id=16172, stack(0x00000070d7700000,0x00000070d7800000)]
  0x0000026b7bcad000 JavaThread "File watcher consumer" daemon [_thread_blocked, id=16168, stack(0x00000070d7800000,0x00000070d7900000)]
  0x0000026b7bca8000 JavaThread "Cache worker for checksums cache (D:\Alberth\IDAT\Desarrollo de Aplicaciones Moviles II\semana 11\AppMiyamovil\.gradle\7.4\checksums)" [_thread_blocked, id=1228, stack(0x00000070d7900000,0x00000070d7a00000)]
  0x0000026b7bcaa800 JavaThread "Cache worker for cache directory md-rule (C:\Users\jossa\.gradle\caches\7.4\md-rule)" [_thread_blocked, id=2304, stack(0x00000070d7a00000,0x00000070d7b00000)]
  0x0000026b7bcac800 JavaThread "Cache worker for file hash cache (D:\Alberth\IDAT\Desarrollo de Aplicaciones Moviles II\semana 11\AppMiyamovil\.gradle\7.4\fileHashes)" [_thread_blocked, id=11132, stack(0x00000070d7b00000,0x00000070d7c00000)]
  0x0000026b7bcae000 JavaThread "Cache worker for cache directory md-supplier (C:\Users\jossa\.gradle\caches\7.4\md-supplier)" [_thread_blocked, id=22124, stack(0x00000070d7c00000,0x00000070d7d00000)]
  0x0000026b7bcaa000 JavaThread "Cache worker for execution history cache (C:\Users\jossa\.gradle\caches\7.4\executionHistory)" [_thread_blocked, id=17856, stack(0x00000070d7d00000,0x00000070d7e00000)]
  0x0000026b7bcaf000 JavaThread "jar transforms" [_thread_blocked, id=10140, stack(0x00000070d7e00000,0x00000070d7f00000)]
  0x0000026b7dca3800 JavaThread "Cache worker for file content cache (C:\Users\jossa\.gradle\caches\7.4\fileContent)" [_thread_blocked, id=5320, stack(0x00000070d7f00000,0x00000070d8000000)]
  0x0000026b7dca7000 JavaThread "jar transforms Thread 2" [_thread_blocked, id=19140, stack(0x00000070d8000000,0x00000070d8100000)]
  0x0000026b7dca4800 JavaThread "Cache worker for dependencies-accessors (D:\Alberth\IDAT\Desarrollo de Aplicaciones Moviles II\semana 11\AppMiyamovil\.gradle\7.4\dependencies-accessors)" [_thread_blocked, id=2156, stack(0x00000070d8100000,0x00000070d8200000)]
  0x0000026b7dca5800 JavaThread "jar transforms Thread 3" [_thread_blocked, id=9080, stack(0x00000070d8200000,0x00000070d8300000)]
  0x0000026b7dca1800 JavaThread "Cache worker for Build Output Cleanup Cache (D:\Alberth\IDAT\Desarrollo de Aplicaciones Moviles II\semana 11\AppMiyamovil\.gradle\buildOutputCleanup)" [_thread_blocked, id=8640, stack(0x00000070d8300000,0x00000070d8400000)]
  0x0000026b7dca2000 JavaThread "Unconstrained build operations" [_thread_blocked, id=22072, stack(0x00000070d8400000,0x00000070d8500000)]
  0x0000026b7dca8800 JavaThread "Unconstrained build operations Thread 2" [_thread_blocked, id=18252, stack(0x00000070d8500000,0x00000070d8600000)]
  0x0000026b7dca9800 JavaThread "Unconstrained build operations Thread 3" [_thread_blocked, id=15896, stack(0x00000070d8600000,0x00000070d8700000)]
  0x0000026b7dcac800 JavaThread "Unconstrained build operations Thread 4" [_thread_blocked, id=18932, stack(0x00000070d8700000,0x00000070d8800000)]
  0x0000026b7dcac000 JavaThread "Unconstrained build operations Thread 5" [_thread_blocked, id=20072, stack(0x00000070d8800000,0x00000070d8900000)]
  0x0000026b7dcad800 JavaThread "Unconstrained build operations Thread 6" [_thread_blocked, id=11792, stack(0x00000070d8900000,0x00000070d8a00000)]
  0x0000026b7dcab000 JavaThread "Unconstrained build operations Thread 7" [_thread_blocked, id=22028, stack(0x00000070d8a00000,0x00000070d8b00000)]
  0x0000026b7dcaa800 JavaThread "Unconstrained build operations Thread 8" [_thread_blocked, id=9004, stack(0x00000070d8b00000,0x00000070d8c00000)]
  0x0000026b7dca8000 JavaThread "Unconstrained build operations Thread 9" [_thread_blocked, id=20916, stack(0x00000070d8c00000,0x00000070d8d00000)]
  0x0000026b7dcb0000 JavaThread "Unconstrained build operations Thread 10" [_thread_blocked, id=21592, stack(0x00000070d8d00000,0x00000070d8e00000)]
  0x0000026b7dcae800 JavaThread "Unconstrained build operations Thread 11" [_thread_blocked, id=6992, stack(0x00000070d8e00000,0x00000070d8f00000)]
  0x0000026b7dcaf000 JavaThread "Unconstrained build operations Thread 12" [_thread_blocked, id=22228, stack(0x00000070d8f00000,0x00000070d9000000)]
  0x0000026b7d8fa800 JavaThread "Unconstrained build operations Thread 13" [_thread_blocked, id=20604, stack(0x00000070d9000000,0x00000070d9100000)]
  0x0000026b7d8fb800 JavaThread "Unconstrained build operations Thread 14" [_thread_blocked, id=13704, stack(0x00000070d9100000,0x00000070d9200000)]
  0x0000026b7d8fc000 JavaThread "Unconstrained build operations Thread 15" [_thread_blocked, id=19408, stack(0x00000070d9200000,0x00000070d9300000)]
  0x0000026b7d8f6800 JavaThread "Unconstrained build operations Thread 16" [_thread_blocked, id=14648, stack(0x00000070d9300000,0x00000070d9400000)]
  0x0000026b7d8fd000 JavaThread "Unconstrained build operations Thread 17" [_thread_blocked, id=18540, stack(0x00000070d9400000,0x00000070d9500000)]
  0x0000026b7d8f7800 JavaThread "Unconstrained build operations Thread 18" [_thread_blocked, id=17848, stack(0x00000070d9500000,0x00000070d9600000)]
  0x0000026b7d8fe000 JavaThread "Unconstrained build operations Thread 19" [_thread_blocked, id=18072, stack(0x00000070d9600000,0x00000070d9700000)]
  0x0000026b7d8f8000 JavaThread "Unconstrained build operations Thread 20" [_thread_blocked, id=22420, stack(0x00000070d9700000,0x00000070d9800000)]
  0x0000026b7d8fe800 JavaThread "Unconstrained build operations Thread 21" [_thread_blocked, id=15232, stack(0x00000070d9800000,0x00000070d9900000)]
  0x0000026b7d8f9000 JavaThread "Unconstrained build operations Thread 22" [_thread_blocked, id=8904, stack(0x00000070d9900000,0x00000070d9a00000)]
  0x0000026b7d8ff800 JavaThread "Unconstrained build operations Thread 23" [_thread_blocked, id=22812, stack(0x00000070d9a00000,0x00000070d9b00000)]
  0x0000026b7d8fa000 JavaThread "Unconstrained build operations Thread 24" [_thread_blocked, id=1320, stack(0x00000070d9b00000,0x00000070d9c00000)]
  0x0000026b7d900800 JavaThread "Unconstrained build operations Thread 25" [_thread_blocked, id=17984, stack(0x00000070d9c00000,0x00000070d9d00000)]
  0x0000026b7d903800 JavaThread "Unconstrained build operations Thread 26" [_thread_blocked, id=20384, stack(0x00000070d9d00000,0x00000070d9e00000)]
  0x0000026b7d902800 JavaThread "Unconstrained build operations Thread 27" [_thread_blocked, id=10184, stack(0x00000070d9e00000,0x00000070d9f00000)]
  0x0000026b7d905000 JavaThread "Unconstrained build operations Thread 28" [_thread_blocked, id=18236, stack(0x00000070d9f00000,0x00000070da000000)]
  0x0000026b7d901000 JavaThread "Unconstrained build operations Thread 29" [_thread_blocked, id=22512, stack(0x00000070da000000,0x00000070da100000)]
  0x0000026b7d902000 JavaThread "Unconstrained build operations Thread 30" [_thread_blocked, id=2984, stack(0x00000070da100000,0x00000070da200000)]
  0x0000026b7d904800 JavaThread "Unconstrained build operations Thread 31" [_thread_blocked, id=19180, stack(0x00000070da200000,0x00000070da300000)]
  0x0000026b7d7b8800 JavaThread "Unconstrained build operations Thread 32" [_thread_blocked, id=20336, stack(0x00000070da300000,0x00000070da400000)]
  0x0000026b7d7b6000 JavaThread "Unconstrained build operations Thread 33" [_thread_blocked, id=21748, stack(0x00000070da400000,0x00000070da500000)]
  0x0000026b7d7b8000 JavaThread "Unconstrained build operations Thread 34" [_thread_blocked, id=9304, stack(0x00000070da500000,0x00000070da600000)]
  0x0000026b7d7b7000 JavaThread "Unconstrained build operations Thread 35" [_thread_blocked, id=23248, stack(0x00000070da600000,0x00000070da700000)]
  0x0000026b7d7b5800 JavaThread "Unconstrained build operations Thread 36" [_thread_blocked, id=18096, stack(0x00000070da700000,0x00000070da800000)]
  0x0000026b7d7b9800 JavaThread "Unconstrained build operations Thread 37" [_thread_blocked, id=13616, stack(0x00000070da800000,0x00000070da900000)]
  0x0000026b7d7ba800 JavaThread "Unconstrained build operations Thread 38" [_thread_blocked, id=17548, stack(0x00000070da900000,0x00000070daa00000)]
  0x0000026b7d7bb000 JavaThread "Unconstrained build operations Thread 39" [_thread_blocked, id=21284, stack(0x00000070daa00000,0x00000070dab00000)]
  0x0000026b7d7bc000 JavaThread "Unconstrained build operations Thread 40" [_thread_blocked, id=16672, stack(0x00000070dab00000,0x00000070dac00000)]
  0x0000026b7db5a800 JavaThread "Unconstrained build operations Thread 41" [_thread_blocked, id=12932, stack(0x00000070dac00000,0x00000070dad00000)]
  0x0000026b7db5d000 JavaThread "Unconstrained build operations Thread 42" [_thread_blocked, id=18600, stack(0x00000070dad00000,0x00000070dae00000)]
  0x0000026b7db58800 JavaThread "Unconstrained build operations Thread 43" [_thread_blocked, id=19136, stack(0x00000070dae00000,0x00000070daf00000)]
  0x0000026b7db57000 JavaThread "Unconstrained build operations Thread 44" [_thread_blocked, id=1976, stack(0x00000070daf00000,0x00000070db000000)]
  0x0000026b7db5d800 JavaThread "Unconstrained build operations Thread 45" [_thread_blocked, id=21508, stack(0x00000070db000000,0x00000070db100000)]
  0x0000026b7db58000 JavaThread "Unconstrained build operations Thread 46" [_thread_blocked, id=18628, stack(0x00000070db100000,0x00000070db200000)]
  0x0000026b7db5e800 JavaThread "Unconstrained build operations Thread 47" [_thread_blocked, id=4980, stack(0x00000070db200000,0x00000070db300000)]
  0x0000026b7db5f000 JavaThread "Unconstrained build operations Thread 48" [_thread_blocked, id=16948, stack(0x00000070db300000,0x00000070db400000)]
  0x0000026b7db59800 JavaThread "Unconstrained build operations Thread 49" [_thread_blocked, id=2128, stack(0x00000070db400000,0x00000070db500000)]
  0x0000026b7db60000 JavaThread "Unconstrained build operations Thread 50" [_thread_blocked, id=21084, stack(0x00000070db500000,0x00000070db600000)]
  0x0000026b7db5c000 JavaThread "Unconstrained build operations Thread 51" [_thread_blocked, id=9572, stack(0x00000070db600000,0x00000070db700000)]
  0x0000026b7db61000 JavaThread "Unconstrained build operations Thread 52" [_thread_blocked, id=3036, stack(0x00000070db700000,0x00000070db800000)]
  0x0000026b7db5b000 JavaThread "Unconstrained build operations Thread 53" [_thread_blocked, id=21840, stack(0x00000070db800000,0x00000070db900000)]
  0x0000026b7db61800 JavaThread "Unconstrained build operations Thread 54" [_thread_blocked, id=8588, stack(0x00000070db900000,0x00000070dba00000)]
  0x0000026b7db64000 JavaThread "Unconstrained build operations Thread 55" [_thread_blocked, id=18776, stack(0x00000070dba00000,0x00000070dbb00000)]
  0x0000026b7db65000 JavaThread "Unconstrained build operations Thread 56" [_thread_blocked, id=19664, stack(0x00000070dbb00000,0x00000070dbc00000)]
  0x0000026b7db62800 JavaThread "Unconstrained build operations Thread 57" [_thread_blocked, id=19076, stack(0x00000070dbc00000,0x00000070dbd00000)]
  0x0000026b7db63800 JavaThread "Unconstrained build operations Thread 58" [_thread_blocked, id=16692, stack(0x00000070dbd00000,0x00000070dbe00000)]
  0x0000026b7db65800 JavaThread "Unconstrained build operations Thread 59" [_thread_blocked, id=16632, stack(0x00000070dbe00000,0x00000070dbf00000)]
  0x0000026b00985800 JavaThread "Unconstrained build operations Thread 60" [_thread_blocked, id=2056, stack(0x00000070dbf00000,0x00000070dc000000)]
  0x0000026b00986000 JavaThread "Unconstrained build operations Thread 61" [_thread_blocked, id=22332, stack(0x00000070dc000000,0x00000070dc100000)]
  0x0000026b00983800 JavaThread "Unconstrained build operations Thread 62" [_thread_blocked, id=21036, stack(0x00000070dc100000,0x00000070dc200000)]
  0x0000026b00982000 JavaThread "Unconstrained build operations Thread 63" [_thread_blocked, id=11216, stack(0x00000070dc200000,0x00000070dc300000)]
  0x0000026b00987000 JavaThread "Unconstrained build operations Thread 64" [_thread_blocked, id=15288, stack(0x00000070dc300000,0x00000070dc400000)]
  0x0000026b00981000 JavaThread "Unconstrained build operations Thread 65" [_thread_blocked, id=22312, stack(0x00000070dc400000,0x00000070dc500000)]
  0x0000026b00984800 JavaThread "Unconstrained build operations Thread 66" [_thread_blocked, id=8848, stack(0x00000070dc500000,0x00000070dc600000)]
  0x0000026b00987800 JavaThread "Unconstrained build operations Thread 67" [_thread_blocked, id=22128, stack(0x00000070dc600000,0x00000070dc700000)]
  0x0000026b00983000 JavaThread "Unconstrained build operations Thread 68" [_thread_blocked, id=21040, stack(0x00000070dc700000,0x00000070dc800000)]
  0x0000026b00989800 JavaThread "Unconstrained build operations Thread 69" [_thread_blocked, id=1216, stack(0x00000070dc800000,0x00000070dc900000)]
  0x0000026b0098a000 JavaThread "Unconstrained build operations Thread 70" [_thread_blocked, id=11192, stack(0x00000070dc900000,0x00000070dca00000)]
  0x0000026b0098c800 JavaThread "Unconstrained build operations Thread 71" [_thread_blocked, id=18392, stack(0x00000070dca00000,0x00000070dcb00000)]
  0x0000026b0098e800 JavaThread "Unconstrained build operations Thread 72" [_thread_blocked, id=4420, stack(0x00000070dcb00000,0x00000070dcc00000)]
  0x0000026b0098b000 JavaThread "Unconstrained build operations Thread 73" [_thread_blocked, id=10348, stack(0x00000070dcc00000,0x00000070dcd00000)]
  0x0000026b0098c000 JavaThread "Unconstrained build operations Thread 74" [_thread_blocked, id=21836, stack(0x00000070dcd00000,0x00000070dce00000)]
  0x0000026b0098d800 JavaThread "Unconstrained build operations Thread 75" [_thread_blocked, id=12680, stack(0x00000070dce00000,0x00000070dcf00000)]
  0x0000026b00988800 JavaThread "Unconstrained build operations Thread 76" [_thread_blocked, id=16224, stack(0x00000070dcf00000,0x00000070dd000000)]
  0x0000026b0098f000 JavaThread "Unconstrained build operations Thread 77" [_thread_blocked, id=11844, stack(0x00000070dd000000,0x00000070dd100000)]
  0x0000026b00990000 JavaThread "Unconstrained build operations Thread 78" [_thread_blocked, id=20160, stack(0x00000070dd100000,0x00000070dd200000)]
  0x0000026b00489800 JavaThread "Unconstrained build operations Thread 79" [_thread_blocked, id=2268, stack(0x00000070dd200000,0x00000070dd300000)]
  0x0000026b00488000 JavaThread "Unconstrained build operations Thread 80" [_thread_blocked, id=19972, stack(0x00000070dd300000,0x00000070dd400000)]
  0x0000026b00486800 JavaThread "jar transforms Thread 4" [_thread_blocked, id=15364, stack(0x00000070dd400000,0x00000070dd500000)]
  0x0000026b0048c000 JavaThread "jar transforms Thread 5" [_thread_blocked, id=22904, stack(0x00000070dd500000,0x00000070dd600000)]
  0x0000026b0048a800 JavaThread "jar transforms Thread 6" [_thread_blocked, id=17036, stack(0x00000070dd600000,0x00000070dd700000)]
  0x0000026b00488800 JavaThread "jar transforms Thread 7" [_thread_blocked, id=6884, stack(0x00000070dd700000,0x00000070dd800000)]
  0x0000026b0048d000 JavaThread "jar transforms Thread 8" [_thread_blocked, id=19556, stack(0x00000070dd800000,0x00000070dd900000)]

Other Threads:
  0x0000026b786ea800 VMThread "VM Thread" [stack: 0x00000070d5500000,0x00000070d5600000] [id=12212]
  0x0000026b7910a800 WatcherThread [stack: 0x00000070d5f00000,0x00000070d6000000] [id=19828]
  0x0000026b5e23b800 GCTaskThread "GC Thread#0" [stack: 0x00000070d5000000,0x00000070d5100000] [id=19772]
  0x0000026b7a0d5000 GCTaskThread "GC Thread#1" [stack: 0x00000070d6100000,0x00000070d6200000] [id=15688]
  0x0000026b794f2800 GCTaskThread "GC Thread#2" [stack: 0x00000070d6200000,0x00000070d6300000] [id=7756]
  0x0000026b7a225800 GCTaskThread "GC Thread#3" [stack: 0x00000070d6300000,0x00000070d6400000] [id=12228]
  0x0000026b7984d800 GCTaskThread "GC Thread#4" [stack: 0x00000070d6400000,0x00000070d6500000] [id=9376]
  0x0000026b79584000 GCTaskThread "GC Thread#5" [stack: 0x00000070d6500000,0x00000070d6600000] [id=8520]
  0x0000026b7ab8b000 GCTaskThread "GC Thread#6" [stack: 0x00000070d7400000,0x00000070d7500000] [id=11244]
  0x0000026b7b863000 GCTaskThread "GC Thread#7" [stack: 0x00000070d7500000,0x00000070d7600000] [id=17056]
  0x0000026b5e26f000 ConcurrentGCThread "G1 Main Marker" [stack: 0x00000070d5100000,0x00000070d5200000] [id=2964]
  0x0000026b5e271800 ConcurrentGCThread "G1 Conc#0" [stack: 0x00000070d5200000,0x00000070d5300000] [id=16256]
  0x0000026b7ab88800 ConcurrentGCThread "G1 Conc#1" [stack: 0x00000070d7600000,0x00000070d7700000] [id=12148]
  0x0000026b7856e800 ConcurrentGCThread "G1 Refine#0" [stack: 0x00000070d5300000,0x00000070d5400000] [id=20364]
  0x0000026b78571800 ConcurrentGCThread "G1 Young RemSet Sampling" [stack: 0x00000070d5400000,0x00000070d5500000] [id=14692]

Threads with active compile tasks:
C2 CompilerThread0   6241 5716   !   4       com.google.common.reflect.TypeVisitor::visit (244 bytes)
C2 CompilerThread2   6241 5681       4       org.objectweb.asm.Frame::execute (2318 bytes)

VM state:not at safepoint (normal execution)

VM Mutex/Monitor currently owned by a thread: None

Heap address: 0x0000000080000000, size: 2048 MB, Compressed Oops mode: 32-bit
Narrow klass base: 0x0000000000000000, Narrow klass shift: 3
Compressed class space size: 1073741824 Address: 0x0000000100000000

Heap:
 garbage-first heap   total 260096K, used 68980K [0x0000000080000000, 0x0000000100000000)
  region size 1024K, 39 young (39936K), 18 survivors (18432K)
 Metaspace       used 58419K, capacity 59918K, committed 60240K, reserved 1101824K
  class space    used 7360K, capacity 7950K, committed 8064K, reserved 1048576K
Heap Regions: E=young(eden), S=young(survivor), O=old, HS=humongous(starts), HC=humongous(continues), CS=collection set, F=free, A=archive, TAMS=top-at-mark-start (previous, next)
|   0|0x0000000080000000, 0x0000000080100000, 0x0000000080100000|100%| O|  |TAMS 0x0000000080100000, 0x0000000080000000| Untracked 
|   1|0x0000000080100000, 0x0000000080200000, 0x0000000080200000|100%| O|  |TAMS 0x0000000080200000, 0x0000000080100000| Untracked 
|   2|0x0000000080200000, 0x0000000080300000, 0x0000000080300000|100%| O|  |TAMS 0x0000000080300000, 0x0000000080200000| Untracked 
|   3|0x0000000080300000, 0x0000000080400000, 0x0000000080400000|100%|HS|  |TAMS 0x0000000080400000, 0x0000000080300000| Complete 
|   4|0x0000000080400000, 0x0000000080500000, 0x0000000080500000|100%|HC|  |TAMS 0x0000000080500000, 0x0000000080400000| Complete 
|   5|0x0000000080500000, 0x0000000080600000, 0x0000000080600000|100%|HC|  |TAMS 0x0000000080600000, 0x0000000080500000| Complete 
|   6|0x0000000080600000, 0x0000000080700000, 0x0000000080700000|100%| O|  |TAMS 0x0000000080700000, 0x0000000080600000| Untracked 
|   7|0x0000000080700000, 0x0000000080800000, 0x0000000080800000|100%| O|  |TAMS 0x0000000080800000, 0x0000000080700000| Untracked 
|   8|0x0000000080800000, 0x0000000080900000, 0x0000000080900000|100%| O|  |TAMS 0x0000000080900000, 0x0000000080800000| Untracked 
|   9|0x0000000080900000, 0x0000000080a00000, 0x0000000080a00000|100%| O|  |TAMS 0x0000000080a00000, 0x0000000080900000| Untracked 
|  10|0x0000000080a00000, 0x0000000080b00000, 0x0000000080b00000|100%| O|  |TAMS 0x0000000080b00000, 0x0000000080a00000| Untracked 
|  11|0x0000000080b00000, 0x0000000080c00000, 0x0000000080c00000|100%| O|  |TAMS 0x0000000080c00000, 0x0000000080b00000| Untracked 
|  12|0x0000000080c00000, 0x0000000080d00000, 0x0000000080d00000|100%| O|  |TAMS 0x0000000080d00000, 0x0000000080c00000| Untracked 
|  13|0x0000000080d00000, 0x0000000080e00000, 0x0000000080e00000|100%| O|  |TAMS 0x0000000080e00000, 0x0000000080d00000| Untracked 
|  14|0x0000000080e00000, 0x0000000080f00000, 0x0000000080f00000|100%| O|  |TAMS 0x0000000080f00000, 0x0000000080e00000| Untracked 
|  15|0x0000000080f00000, 0x0000000081000000, 0x0000000081000000|100%| O|  |TAMS 0x0000000081000000, 0x0000000080f00000| Untracked 
|  16|0x0000000081000000, 0x0000000081100000, 0x0000000081100000|100%| O|  |TAMS 0x0000000081069c00, 0x0000000081000000| Untracked 
|  17|0x0000000081100000, 0x0000000081200000, 0x0000000081200000|100%|HS|  |TAMS 0x0000000081100000, 0x0000000081100000| Complete 
|  18|0x0000000081200000, 0x0000000081300000, 0x0000000081300000|100%|HS|  |TAMS 0x0000000081200000, 0x0000000081200000| Complete 
|  19|0x0000000081300000, 0x0000000081400000, 0x0000000081400000|100%|HS|  |TAMS 0x0000000081300000, 0x0000000081300000| Complete 
|  20|0x0000000081400000, 0x0000000081500000, 0x0000000081500000|100%|HS|  |TAMS 0x0000000081400000, 0x0000000081400000| Complete 
|  21|0x0000000081500000, 0x0000000081600000, 0x0000000081600000|100%|HC|  |TAMS 0x0000000081500000, 0x0000000081500000| Complete 
|  22|0x0000000081600000, 0x0000000081700000, 0x0000000081700000|100%|HC|  |TAMS 0x0000000081600000, 0x0000000081600000| Complete 
|  23|0x0000000081700000, 0x0000000081700000, 0x0000000081800000|  0%| F|  |TAMS 0x0000000081700000, 0x0000000081700000| Untracked 
|  24|0x0000000081800000, 0x0000000081900000, 0x0000000081900000|100%|HS|  |TAMS 0x0000000081800000, 0x0000000081800000| Complete 
|  25|0x0000000081900000, 0x0000000081a00000, 0x0000000081a00000|100%|HC|  |TAMS 0x0000000081900000, 0x0000000081900000| Complete 
|  26|0x0000000081a00000, 0x0000000081b00000, 0x0000000081b00000|100%| O|  |TAMS 0x0000000081a00000, 0x0000000081a00000| Untracked 
|  27|0x0000000081b00000, 0x0000000081c00000, 0x0000000081c00000|100%| O|  |TAMS 0x0000000081b00000, 0x0000000081b00000| Untracked 
|  28|0x0000000081c00000, 0x0000000081d00000, 0x0000000081d00000|100%| O|  |TAMS 0x0000000081c00000, 0x0000000081c00000| Untracked 
|  29|0x0000000081d00000, 0x0000000081e00000, 0x0000000081e00000|100%| O|  |TAMS 0x0000000081d00000, 0x0000000081d00000| Untracked 
|  30|0x0000000081e00000, 0x0000000081ea2600, 0x0000000081f00000| 63%| O|  |TAMS 0x0000000081e00000, 0x0000000081e00000| Untracked 
|  31|0x0000000081f00000, 0x0000000081f00000, 0x0000000082000000|  0%| F|  |TAMS 0x0000000081f00000, 0x0000000081f00000| Untracked 
|  32|0x0000000082000000, 0x0000000082000000, 0x0000000082100000|  0%| F|  |TAMS 0x0000000082000000, 0x0000000082000000| Untracked 
|  33|0x0000000082100000, 0x0000000082100000, 0x0000000082200000|  0%| F|  |TAMS 0x0000000082100000, 0x0000000082100000| Untracked 
|  34|0x0000000082200000, 0x0000000082200000, 0x0000000082300000|  0%| F|  |TAMS 0x0000000082200000, 0x0000000082200000| Untracked 
|  35|0x0000000082300000, 0x0000000082300000, 0x0000000082400000|  0%| F|  |TAMS 0x0000000082300000, 0x0000000082300000| Untracked 
|  36|0x0000000082400000, 0x0000000082400000, 0x0000000082500000|  0%| F|  |TAMS 0x0000000082400000, 0x0000000082400000| Untracked 
|  37|0x0000000082500000, 0x0000000082500000, 0x0000000082600000|  0%| F|  |TAMS 0x0000000082500000, 0x0000000082500000| Untracked 
|  38|0x0000000082600000, 0x0000000082600000, 0x0000000082700000|  0%| F|  |TAMS 0x0000000082600000, 0x0000000082600000| Untracked 
|  39|0x0000000082700000, 0x0000000082700000, 0x0000000082800000|  0%| F|  |TAMS 0x0000000082700000, 0x0000000082700000| Untracked 
|  40|0x0000000082800000, 0x0000000082800000, 0x0000000082900000|  0%| F|  |TAMS 0x0000000082800000, 0x0000000082800000| Untracked 
|  41|0x0000000082900000, 0x0000000082900000, 0x0000000082a00000|  0%| F|  |TAMS 0x0000000082900000, 0x0000000082900000| Untracked 
|  42|0x0000000082a00000, 0x0000000082a00000, 0x0000000082b00000|  0%| F|  |TAMS 0x0000000082a00000, 0x0000000082a00000| Untracked 
|  43|0x0000000082b00000, 0x0000000082b00000, 0x0000000082c00000|  0%| F|  |TAMS 0x0000000082b00000, 0x0000000082b00000| Untracked 
|  44|0x0000000082c00000, 0x0000000082c00000, 0x0000000082d00000|  0%| F|  |TAMS 0x0000000082c00000, 0x0000000082c00000| Untracked 
|  45|0x0000000082d00000, 0x0000000082d00000, 0x0000000082e00000|  0%| F|  |TAMS 0x0000000082d00000, 0x0000000082d00000| Untracked 
|  46|0x0000000082e00000, 0x0000000082e00000, 0x0000000082f00000|  0%| F|  |TAMS 0x0000000082e00000, 0x0000000082e00000| Untracked 
|  47|0x0000000082f00000, 0x0000000082f00000, 0x0000000083000000|  0%| F|  |TAMS 0x0000000082f00000, 0x0000000082f00000| Untracked 
|  48|0x0000000083000000, 0x0000000083000000, 0x0000000083100000|  0%| F|  |TAMS 0x0000000083000000, 0x0000000083000000| Untracked 
|  49|0x0000000083100000, 0x0000000083100000, 0x0000000083200000|  0%| F|  |TAMS 0x0000000083100000, 0x0000000083100000| Untracked 
|  50|0x0000000083200000, 0x0000000083200000, 0x0000000083300000|  0%| F|  |TAMS 0x0000000083200000, 0x0000000083200000| Untracked 
|  51|0x0000000083300000, 0x0000000083300000, 0x0000000083400000|  0%| F|  |TAMS 0x0000000083300000, 0x0000000083300000| Untracked 
|  52|0x0000000083400000, 0x0000000083400000, 0x0000000083500000|  0%| F|  |TAMS 0x0000000083400000, 0x0000000083400000| Untracked 
|  53|0x0000000083500000, 0x0000000083500000, 0x0000000083600000|  0%| F|  |TAMS 0x0000000083500000, 0x0000000083500000| Untracked 
|  54|0x0000000083600000, 0x0000000083600000, 0x0000000083700000|  0%| F|  |TAMS 0x0000000083600000, 0x0000000083600000| Untracked 
|  55|0x0000000083700000, 0x0000000083700000, 0x0000000083800000|  0%| F|  |TAMS 0x0000000083700000, 0x0000000083700000| Untracked 
|  56|0x0000000083800000, 0x0000000083800000, 0x0000000083900000|  0%| F|  |TAMS 0x0000000083800000, 0x0000000083800000| Untracked 
|  57|0x0000000083900000, 0x0000000083900000, 0x0000000083a00000|  0%| F|  |TAMS 0x0000000083900000, 0x0000000083900000| Untracked 
|  58|0x0000000083a00000, 0x0000000083a00000, 0x0000000083b00000|  0%| F|  |TAMS 0x0000000083a00000, 0x0000000083a00000| Untracked 
|  59|0x0000000083b00000, 0x0000000083b00000, 0x0000000083c00000|  0%| F|  |TAMS 0x0000000083b00000, 0x0000000083b00000| Untracked 
|  60|0x0000000083c00000, 0x0000000083c00000, 0x0000000083d00000|  0%| F|  |TAMS 0x0000000083c00000, 0x0000000083c00000| Untracked 
|  61|0x0000000083d00000, 0x0000000083d00000, 0x0000000083e00000|  0%| F|  |TAMS 0x0000000083d00000, 0x0000000083d00000| Untracked 
|  62|0x0000000083e00000, 0x0000000083e00000, 0x0000000083f00000|  0%| F|  |TAMS 0x0000000083e00000, 0x0000000083e00000| Untracked 
|  63|0x0000000083f00000, 0x0000000083f00000, 0x0000000084000000|  0%| F|  |TAMS 0x0000000083f00000, 0x0000000083f00000| Untracked 
|  64|0x0000000084000000, 0x0000000084000000, 0x0000000084100000|  0%| F|  |TAMS 0x0000000084000000, 0x0000000084000000| Untracked 
|  65|0x0000000084100000, 0x0000000084100000, 0x0000000084200000|  0%| F|  |TAMS 0x0000000084100000, 0x0000000084100000| Untracked 
|  66|0x0000000084200000, 0x0000000084200000, 0x0000000084300000|  0%| F|  |TAMS 0x0000000084200000, 0x0000000084200000| Untracked 
|  67|0x0000000084300000, 0x0000000084300000, 0x0000000084400000|  0%| F|  |TAMS 0x0000000084300000, 0x0000000084300000| Untracked 
|  68|0x0000000084400000, 0x0000000084400000, 0x0000000084500000|  0%| F|  |TAMS 0x0000000084400000, 0x0000000084400000| Untracked 
|  69|0x0000000084500000, 0x0000000084500000, 0x0000000084600000|  0%| F|  |TAMS 0x0000000084500000, 0x0000000084500000| Untracked 
|  70|0x0000000084600000, 0x0000000084600000, 0x0000000084700000|  0%| F|  |TAMS 0x0000000084600000, 0x0000000084600000| Untracked 
|  71|0x0000000084700000, 0x0000000084700000, 0x0000000084800000|  0%| F|  |TAMS 0x0000000084700000, 0x0000000084700000| Untracked 
|  72|0x0000000084800000, 0x0000000084800000, 0x0000000084900000|  0%| F|  |TAMS 0x0000000084800000, 0x0000000084800000| Untracked 
|  73|0x0000000084900000, 0x0000000084900000, 0x0000000084a00000|  0%| F|  |TAMS 0x0000000084900000, 0x0000000084900000| Untracked 
|  74|0x0000000084a00000, 0x0000000084a00000, 0x0000000084b00000|  0%| F|  |TAMS 0x0000000084a00000, 0x0000000084a00000| Untracked 
|  75|0x0000000084b00000, 0x0000000084b00000, 0x0000000084c00000|  0%| F|  |TAMS 0x0000000084b00000, 0x0000000084b00000| Untracked 
|  76|0x0000000084c00000, 0x0000000084c00000, 0x0000000084d00000|  0%| F|  |TAMS 0x0000000084c00000, 0x0000000084c00000| Untracked 
|  77|0x0000000084d00000, 0x0000000084d00000, 0x0000000084e00000|  0%| F|  |TAMS 0x0000000084d00000, 0x0000000084d00000| Untracked 
|  78|0x0000000084e00000, 0x0000000084e00000, 0x0000000084f00000|  0%| F|  |TAMS 0x0000000084e00000, 0x0000000084e00000| Untracked 
|  79|0x0000000084f00000, 0x0000000084f00000, 0x0000000085000000|  0%| F|  |TAMS 0x0000000084f00000, 0x0000000084f00000| Untracked 
|  80|0x0000000085000000, 0x0000000085000000, 0x0000000085100000|  0%| F|  |TAMS 0x0000000085000000, 0x0000000085000000| Untracked 
|  81|0x0000000085100000, 0x0000000085100000, 0x0000000085200000|  0%| F|  |TAMS 0x0000000085100000, 0x0000000085100000| Untracked 
|  82|0x0000000085200000, 0x0000000085200000, 0x0000000085300000|  0%| F|  |TAMS 0x0000000085200000, 0x0000000085200000| Untracked 
|  83|0x0000000085300000, 0x0000000085300000, 0x0000000085400000|  0%| F|  |TAMS 0x0000000085300000, 0x0000000085300000| Untracked 
|  84|0x0000000085400000, 0x0000000085400000, 0x0000000085500000|  0%| F|  |TAMS 0x0000000085400000, 0x0000000085400000| Untracked 
|  85|0x0000000085500000, 0x0000000085500000, 0x0000000085600000|  0%| F|  |TAMS 0x0000000085500000, 0x0000000085500000| Untracked 
|  86|0x0000000085600000, 0x0000000085600000, 0x0000000085700000|  0%| F|  |TAMS 0x0000000085600000, 0x0000000085600000| Untracked 
|  87|0x0000000085700000, 0x0000000085700000, 0x0000000085800000|  0%| F|  |TAMS 0x0000000085700000, 0x0000000085700000| Untracked 
|  88|0x0000000085800000, 0x0000000085800000, 0x0000000085900000|  0%| F|  |TAMS 0x0000000085800000, 0x0000000085800000| Untracked 
|  89|0x0000000085900000, 0x0000000085900000, 0x0000000085a00000|  0%| F|  |TAMS 0x0000000085900000, 0x0000000085900000| Untracked 
|  90|0x0000000085a00000, 0x0000000085abaab0, 0x0000000085b00000| 72%| S|CS|TAMS 0x0000000085a00000, 0x0000000085a00000| Complete 
|  91|0x0000000085b00000, 0x0000000085c00000, 0x0000000085c00000|100%| S|CS|TAMS 0x0000000085b00000, 0x0000000085b00000| Complete 
|  92|0x0000000085c00000, 0x0000000085d00000, 0x0000000085d00000|100%| S|CS|TAMS 0x0000000085c00000, 0x0000000085c00000| Complete 
|  93|0x0000000085d00000, 0x0000000085e00000, 0x0000000085e00000|100%| S|CS|TAMS 0x0000000085d00000, 0x0000000085d00000| Complete 
|  94|0x0000000085e00000, 0x0000000085f00000, 0x0000000085f00000|100%| S|CS|TAMS 0x0000000085e00000, 0x0000000085e00000| Complete 
|  95|0x0000000085f00000, 0x0000000086000000, 0x0000000086000000|100%| S|CS|TAMS 0x0000000085f00000, 0x0000000085f00000| Complete 
|  96|0x0000000086000000, 0x0000000086100000, 0x0000000086100000|100%| S|CS|TAMS 0x0000000086000000, 0x0000000086000000| Complete 
|  97|0x0000000086100000, 0x0000000086200000, 0x0000000086200000|100%| S|CS|TAMS 0x0000000086100000, 0x0000000086100000| Complete 
|  98|0x0000000086200000, 0x0000000086300000, 0x0000000086300000|100%| S|CS|TAMS 0x0000000086200000, 0x0000000086200000| Complete 
|  99|0x0000000086300000, 0x0000000086400000, 0x0000000086400000|100%| S|CS|TAMS 0x0000000086300000, 0x0000000086300000| Complete 
| 100|0x0000000086400000, 0x0000000086500000, 0x0000000086500000|100%| S|CS|TAMS 0x0000000086400000, 0x0000000086400000| Complete 
| 101|0x0000000086500000, 0x0000000086600000, 0x0000000086600000|100%| S|CS|TAMS 0x0000000086500000, 0x0000000086500000| Complete 
| 102|0x0000000086600000, 0x0000000086700000, 0x0000000086700000|100%| S|CS|TAMS 0x0000000086600000, 0x0000000086600000| Complete 
| 103|0x0000000086700000, 0x0000000086800000, 0x0000000086800000|100%| S|CS|TAMS 0x0000000086700000, 0x0000000086700000| Complete 
| 104|0x0000000086800000, 0x0000000086900000, 0x0000000086900000|100%| S|CS|TAMS 0x0000000086800000, 0x0000000086800000| Complete 
| 105|0x0000000086900000, 0x0000000086a00000, 0x0000000086a00000|100%| S|CS|TAMS 0x0000000086900000, 0x0000000086900000| Complete 
| 106|0x0000000086a00000, 0x0000000086b00000, 0x0000000086b00000|100%| S|CS|TAMS 0x0000000086a00000, 0x0000000086a00000| Complete 
| 107|0x0000000086b00000, 0x0000000086c00000, 0x0000000086c00000|100%| S|CS|TAMS 0x0000000086b00000, 0x0000000086b00000| Complete 
| 108|0x0000000086c00000, 0x0000000086c00000, 0x0000000086d00000|  0%| F|  |TAMS 0x0000000086c00000, 0x0000000086c00000| Untracked 
| 109|0x0000000086d00000, 0x0000000086d00000, 0x0000000086e00000|  0%| F|  |TAMS 0x0000000086d00000, 0x0000000086d00000| Untracked 
| 110|0x0000000086e00000, 0x0000000086e00000, 0x0000000086f00000|  0%| F|  |TAMS 0x0000000086e00000, 0x0000000086e00000| Untracked 
| 111|0x0000000086f00000, 0x0000000086f00000, 0x0000000087000000|  0%| F|  |TAMS 0x0000000086f00000, 0x0000000086f00000| Untracked 
| 112|0x0000000087000000, 0x0000000087000000, 0x0000000087100000|  0%| F|  |TAMS 0x0000000087000000, 0x0000000087000000| Untracked 
| 113|0x0000000087100000, 0x0000000087100000, 0x0000000087200000|  0%| F|  |TAMS 0x0000000087100000, 0x0000000087100000| Untracked 
| 114|0x0000000087200000, 0x0000000087200000, 0x0000000087300000|  0%| F|  |TAMS 0x0000000087200000, 0x0000000087200000| Untracked 
| 115|0x0000000087300000, 0x0000000087300000, 0x0000000087400000|  0%| F|  |TAMS 0x0000000087300000, 0x0000000087300000| Untracked 
| 116|0x0000000087400000, 0x0000000087400000, 0x0000000087500000|  0%| F|  |TAMS 0x0000000087400000, 0x0000000087400000| Untracked 
| 117|0x0000000087500000, 0x0000000087500000, 0x0000000087600000|  0%| F|  |TAMS 0x0000000087500000, 0x0000000087500000| Untracked 
| 118|0x0000000087600000, 0x0000000087600000, 0x0000000087700000|  0%| F|  |TAMS 0x0000000087600000, 0x0000000087600000| Untracked 
| 119|0x0000000087700000, 0x0000000087700000, 0x0000000087800000|  0%| F|  |TAMS 0x0000000087700000, 0x0000000087700000| Untracked 
| 120|0x0000000087800000, 0x0000000087800000, 0x0000000087900000|  0%| F|  |TAMS 0x0000000087800000, 0x0000000087800000| Untracked 
| 121|0x0000000087900000, 0x0000000087900000, 0x0000000087a00000|  0%| F|  |TAMS 0x0000000087900000, 0x0000000087900000| Untracked 
| 122|0x0000000087a00000, 0x0000000087a00000, 0x0000000087b00000|  0%| F|  |TAMS 0x0000000087a00000, 0x0000000087a00000| Untracked 
| 123|0x0000000087b00000, 0x0000000087b00000, 0x0000000087c00000|  0%| F|  |TAMS 0x0000000087b00000, 0x0000000087b00000| Untracked 
| 124|0x0000000087c00000, 0x0000000087c00000, 0x0000000087d00000|  0%| F|  |TAMS 0x0000000087c00000, 0x0000000087c00000| Untracked 
| 125|0x0000000087d00000, 0x0000000087d00000, 0x0000000087e00000|  0%| F|  |TAMS 0x0000000087d00000, 0x0000000087d00000| Untracked 
| 126|0x0000000087e00000, 0x0000000087e00000, 0x0000000087f00000|  0%| F|  |TAMS 0x0000000087e00000, 0x0000000087e00000| Untracked 
| 127|0x0000000087f00000, 0x0000000087f00000, 0x0000000088000000|  0%| F|  |TAMS 0x0000000087f00000, 0x0000000087f00000| Untracked 
| 128|0x0000000088000000, 0x0000000088000000, 0x0000000088100000|  0%| F|  |TAMS 0x0000000088000000, 0x0000000088000000| Untracked 
| 129|0x0000000088100000, 0x0000000088100000, 0x0000000088200000|  0%| F|  |TAMS 0x0000000088100000, 0x0000000088100000| Untracked 
| 130|0x0000000088200000, 0x0000000088200000, 0x0000000088300000|  0%| F|  |TAMS 0x0000000088200000, 0x0000000088200000| Untracked 
| 131|0x0000000088300000, 0x0000000088300000, 0x0000000088400000|  0%| F|  |TAMS 0x0000000088300000, 0x0000000088300000| Untracked 
| 132|0x0000000088400000, 0x0000000088400000, 0x0000000088500000|  0%| F|  |TAMS 0x0000000088400000, 0x0000000088400000| Untracked 
| 133|0x0000000088500000, 0x0000000088500000, 0x0000000088600000|  0%| F|  |TAMS 0x0000000088500000, 0x0000000088500000| Untracked 
| 134|0x0000000088600000, 0x0000000088600000, 0x0000000088700000|  0%| F|  |TAMS 0x0000000088600000, 0x0000000088600000| Untracked 
| 135|0x0000000088700000, 0x0000000088700000, 0x0000000088800000|  0%| F|  |TAMS 0x0000000088700000, 0x0000000088700000| Untracked 
| 136|0x0000000088800000, 0x0000000088800000, 0x0000000088900000|  0%| F|  |TAMS 0x0000000088800000, 0x0000000088800000| Untracked 
| 137|0x0000000088900000, 0x0000000088900000, 0x0000000088a00000|  0%| F|  |TAMS 0x0000000088900000, 0x0000000088900000| Untracked 
| 138|0x0000000088a00000, 0x0000000088a00000, 0x0000000088b00000|  0%| F|  |TAMS 0x0000000088a00000, 0x0000000088a00000| Untracked 
| 139|0x0000000088b00000, 0x0000000088b00000, 0x0000000088c00000|  0%| F|  |TAMS 0x0000000088b00000, 0x0000000088b00000| Untracked 
| 140|0x0000000088c00000, 0x0000000088c00000, 0x0000000088d00000|  0%| F|  |TAMS 0x0000000088c00000, 0x0000000088c00000| Untracked 
| 141|0x0000000088d00000, 0x0000000088d00000, 0x0000000088e00000|  0%| F|  |TAMS 0x0000000088d00000, 0x0000000088d00000| Untracked 
| 142|0x0000000088e00000, 0x0000000088e00000, 0x0000000088f00000|  0%| F|  |TAMS 0x0000000088e00000, 0x0000000088e00000| Untracked 
| 143|0x0000000088f00000, 0x0000000088f00000, 0x0000000089000000|  0%| F|  |TAMS 0x0000000088f00000, 0x0000000088f00000| Untracked 
| 144|0x0000000089000000, 0x0000000089000000, 0x0000000089100000|  0%| F|  |TAMS 0x0000000089000000, 0x0000000089000000| Untracked 
| 145|0x0000000089100000, 0x0000000089100000, 0x0000000089200000|  0%| F|  |TAMS 0x0000000089100000, 0x0000000089100000| Untracked 
| 146|0x0000000089200000, 0x0000000089200000, 0x0000000089300000|  0%| F|  |TAMS 0x0000000089200000, 0x0000000089200000| Untracked 
| 147|0x0000000089300000, 0x0000000089300000, 0x0000000089400000|  0%| F|  |TAMS 0x0000000089300000, 0x0000000089300000| Untracked 
| 148|0x0000000089400000, 0x0000000089400000, 0x0000000089500000|  0%| F|  |TAMS 0x0000000089400000, 0x0000000089400000| Untracked 
| 149|0x0000000089500000, 0x0000000089500000, 0x0000000089600000|  0%| F|  |TAMS 0x0000000089500000, 0x0000000089500000| Untracked 
| 150|0x0000000089600000, 0x0000000089600000, 0x0000000089700000|  0%| F|  |TAMS 0x0000000089600000, 0x0000000089600000| Untracked 
| 151|0x0000000089700000, 0x0000000089700000, 0x0000000089800000|  0%| F|  |TAMS 0x0000000089700000, 0x0000000089700000| Untracked 
| 152|0x0000000089800000, 0x0000000089800000, 0x0000000089900000|  0%| F|  |TAMS 0x0000000089800000, 0x0000000089800000| Untracked 
| 153|0x0000000089900000, 0x0000000089900000, 0x0000000089a00000|  0%| F|  |TAMS 0x0000000089900000, 0x0000000089900000| Untracked 
| 154|0x0000000089a00000, 0x0000000089a00000, 0x0000000089b00000|  0%| F|  |TAMS 0x0000000089a00000, 0x0000000089a00000| Untracked 
| 155|0x0000000089b00000, 0x0000000089b00000, 0x0000000089c00000|  0%| F|  |TAMS 0x0000000089b00000, 0x0000000089b00000| Untracked 
| 156|0x0000000089c00000, 0x0000000089c00000, 0x0000000089d00000|  0%| F|  |TAMS 0x0000000089c00000, 0x0000000089c00000| Untracked 
| 157|0x0000000089d00000, 0x0000000089d00000, 0x0000000089e00000|  0%| F|  |TAMS 0x0000000089d00000, 0x0000000089d00000| Untracked 
| 158|0x0000000089e00000, 0x0000000089e00000, 0x0000000089f00000|  0%| F|  |TAMS 0x0000000089e00000, 0x0000000089e00000| Untracked 
| 159|0x0000000089f00000, 0x0000000089f00000, 0x000000008a000000|  0%| F|  |TAMS 0x0000000089f00000, 0x0000000089f00000| Untracked 
| 160|0x000000008a000000, 0x000000008a000000, 0x000000008a100000|  0%| F|  |TAMS 0x000000008a000000, 0x000000008a000000| Untracked 
| 161|0x000000008a100000, 0x000000008a100000, 0x000000008a200000|  0%| F|  |TAMS 0x000000008a100000, 0x000000008a100000| Untracked 
| 162|0x000000008a200000, 0x000000008a200000, 0x000000008a300000|  0%| F|  |TAMS 0x000000008a200000, 0x000000008a200000| Untracked 
| 163|0x000000008a300000, 0x000000008a300000, 0x000000008a400000|  0%| F|  |TAMS 0x000000008a300000, 0x000000008a300000| Untracked 
| 164|0x000000008a400000, 0x000000008a400000, 0x000000008a500000|  0%| F|  |TAMS 0x000000008a400000, 0x000000008a400000| Untracked 
| 165|0x000000008a500000, 0x000000008a500000, 0x000000008a600000|  0%| F|  |TAMS 0x000000008a500000, 0x000000008a500000| Untracked 
| 166|0x000000008a600000, 0x000000008a600000, 0x000000008a700000|  0%| F|  |TAMS 0x000000008a600000, 0x000000008a600000| Untracked 
| 167|0x000000008a700000, 0x000000008a700000, 0x000000008a800000|  0%| F|  |TAMS 0x000000008a700000, 0x000000008a700000| Untracked 
| 168|0x000000008a800000, 0x000000008a800000, 0x000000008a900000|  0%| F|  |TAMS 0x000000008a800000, 0x000000008a800000| Untracked 
| 169|0x000000008a900000, 0x000000008a900000, 0x000000008aa00000|  0%| F|  |TAMS 0x000000008a900000, 0x000000008a900000| Untracked 
| 170|0x000000008aa00000, 0x000000008aa00000, 0x000000008ab00000|  0%| F|  |TAMS 0x000000008aa00000, 0x000000008aa00000| Untracked 
| 171|0x000000008ab00000, 0x000000008ab00000, 0x000000008ac00000|  0%| F|  |TAMS 0x000000008ab00000, 0x000000008ab00000| Untracked 
| 172|0x000000008ac00000, 0x000000008ac00000, 0x000000008ad00000|  0%| F|  |TAMS 0x000000008ac00000, 0x000000008ac00000| Untracked 
| 173|0x000000008ad00000, 0x000000008ad00000, 0x000000008ae00000|  0%| F|  |TAMS 0x000000008ad00000, 0x000000008ad00000| Untracked 
| 174|0x000000008ae00000, 0x000000008ae00000, 0x000000008af00000|  0%| F|  |TAMS 0x000000008ae00000, 0x000000008ae00000| Untracked 
| 175|0x000000008af00000, 0x000000008af00000, 0x000000008b000000|  0%| F|  |TAMS 0x000000008af00000, 0x000000008af00000| Untracked 
| 176|0x000000008b000000, 0x000000008b000000, 0x000000008b100000|  0%| F|  |TAMS 0x000000008b000000, 0x000000008b000000| Untracked 
| 177|0x000000008b100000, 0x000000008b100000, 0x000000008b200000|  0%| F|  |TAMS 0x000000008b100000, 0x000000008b100000| Untracked 
| 178|0x000000008b200000, 0x000000008b200000, 0x000000008b300000|  0%| F|  |TAMS 0x000000008b200000, 0x000000008b200000| Untracked 
| 179|0x000000008b300000, 0x000000008b300000, 0x000000008b400000|  0%| F|  |TAMS 0x000000008b300000, 0x000000008b300000| Untracked 
| 180|0x000000008b400000, 0x000000008b400000, 0x000000008b500000|  0%| F|  |TAMS 0x000000008b400000, 0x000000008b400000| Untracked 
| 181|0x000000008b500000, 0x000000008b500000, 0x000000008b600000|  0%| F|  |TAMS 0x000000008b500000, 0x000000008b500000| Untracked 
| 182|0x000000008b600000, 0x000000008b600000, 0x000000008b700000|  0%| F|  |TAMS 0x000000008b600000, 0x000000008b600000| Untracked 
| 183|0x000000008b700000, 0x000000008b700000, 0x000000008b800000|  0%| F|  |TAMS 0x000000008b700000, 0x000000008b700000| Untracked 
| 184|0x000000008b800000, 0x000000008b800000, 0x000000008b900000|  0%| F|  |TAMS 0x000000008b800000, 0x000000008b800000| Untracked 
| 185|0x000000008b900000, 0x000000008b900000, 0x000000008ba00000|  0%| F|  |TAMS 0x000000008b900000, 0x000000008b900000| Untracked 
| 186|0x000000008ba00000, 0x000000008ba00000, 0x000000008bb00000|  0%| F|  |TAMS 0x000000008ba00000, 0x000000008ba00000| Untracked 
| 187|0x000000008bb00000, 0x000000008bb00000, 0x000000008bc00000|  0%| F|  |TAMS 0x000000008bb00000, 0x000000008bb00000| Untracked 
| 188|0x000000008bc00000, 0x000000008bc00000, 0x000000008bd00000|  0%| F|  |TAMS 0x000000008bc00000, 0x000000008bc00000| Untracked 
| 189|0x000000008bd00000, 0x000000008bd00000, 0x000000008be00000|  0%| F|  |TAMS 0x000000008bd00000, 0x000000008bd00000| Untracked 
| 190|0x000000008be00000, 0x000000008be00000, 0x000000008bf00000|  0%| F|  |TAMS 0x000000008be00000, 0x000000008be00000| Untracked 
| 191|0x000000008bf00000, 0x000000008bf00000, 0x000000008c000000|  0%| F|  |TAMS 0x000000008bf00000, 0x000000008bf00000| Untracked 
| 192|0x000000008c000000, 0x000000008c000000, 0x000000008c100000|  0%| F|  |TAMS 0x000000008c000000, 0x000000008c000000| Untracked 
| 193|0x000000008c100000, 0x000000008c100000, 0x000000008c200000|  0%| F|  |TAMS 0x000000008c100000, 0x000000008c100000| Untracked 
| 194|0x000000008c200000, 0x000000008c200000, 0x000000008c300000|  0%| F|  |TAMS 0x000000008c200000, 0x000000008c200000| Untracked 
| 195|0x000000008c300000, 0x000000008c300000, 0x000000008c400000|  0%| F|  |TAMS 0x000000008c300000, 0x000000008c300000| Untracked 
| 196|0x000000008c400000, 0x000000008c400000, 0x000000008c500000|  0%| F|  |TAMS 0x000000008c400000, 0x000000008c400000| Untracked 
| 197|0x000000008c500000, 0x000000008c500000, 0x000000008c600000|  0%| F|  |TAMS 0x000000008c500000, 0x000000008c500000| Untracked 
| 198|0x000000008c600000, 0x000000008c600000, 0x000000008c700000|  0%| F|  |TAMS 0x000000008c600000, 0x000000008c600000| Untracked 
| 199|0x000000008c700000, 0x000000008c700000, 0x000000008c800000|  0%| F|  |TAMS 0x000000008c700000, 0x000000008c700000| Untracked 
| 200|0x000000008c800000, 0x000000008c800000, 0x000000008c900000|  0%| F|  |TAMS 0x000000008c800000, 0x000000008c800000| Untracked 
| 201|0x000000008c900000, 0x000000008c900000, 0x000000008ca00000|  0%| F|  |TAMS 0x000000008c900000, 0x000000008c900000| Untracked 
| 202|0x000000008ca00000, 0x000000008ca00000, 0x000000008cb00000|  0%| F|  |TAMS 0x000000008ca00000, 0x000000008ca00000| Untracked 
| 203|0x000000008cb00000, 0x000000008cb00000, 0x000000008cc00000|  0%| F|  |TAMS 0x000000008cb00000, 0x000000008cb00000| Untracked 
| 204|0x000000008cc00000, 0x000000008cc00000, 0x000000008cd00000|  0%| F|  |TAMS 0x000000008cc00000, 0x000000008cc00000| Untracked 
| 205|0x000000008cd00000, 0x000000008cd00000, 0x000000008ce00000|  0%| F|  |TAMS 0x000000008cd00000, 0x000000008cd00000| Untracked 
| 206|0x000000008ce00000, 0x000000008ce00000, 0x000000008cf00000|  0%| F|  |TAMS 0x000000008ce00000, 0x000000008ce00000| Untracked 
| 207|0x000000008cf00000, 0x000000008cf00000, 0x000000008d000000|  0%| F|  |TAMS 0x000000008cf00000, 0x000000008cf00000| Untracked 
| 208|0x000000008d000000, 0x000000008d000000, 0x000000008d100000|  0%| F|  |TAMS 0x000000008d000000, 0x000000008d000000| Untracked 
| 209|0x000000008d100000, 0x000000008d100000, 0x000000008d200000|  0%| F|  |TAMS 0x000000008d100000, 0x000000008d100000| Untracked 
| 210|0x000000008d200000, 0x000000008d200000, 0x000000008d300000|  0%| F|  |TAMS 0x000000008d200000, 0x000000008d200000| Untracked 
| 211|0x000000008d300000, 0x000000008d300000, 0x000000008d400000|  0%| F|  |TAMS 0x000000008d300000, 0x000000008d300000| Untracked 
| 212|0x000000008d400000, 0x000000008d400000, 0x000000008d500000|  0%| F|  |TAMS 0x000000008d400000, 0x000000008d400000| Untracked 
| 213|0x000000008d500000, 0x000000008d500000, 0x000000008d600000|  0%| F|  |TAMS 0x000000008d500000, 0x000000008d500000| Untracked 
| 214|0x000000008d600000, 0x000000008d600000, 0x000000008d700000|  0%| F|  |TAMS 0x000000008d600000, 0x000000008d600000| Untracked 
| 215|0x000000008d700000, 0x000000008d700000, 0x000000008d800000|  0%| F|  |TAMS 0x000000008d700000, 0x000000008d700000| Untracked 
| 216|0x000000008d800000, 0x000000008d800000, 0x000000008d900000|  0%| F|  |TAMS 0x000000008d800000, 0x000000008d800000| Untracked 
| 217|0x000000008d900000, 0x000000008d900000, 0x000000008da00000|  0%| F|  |TAMS 0x000000008d900000, 0x000000008d900000| Untracked 
| 218|0x000000008da00000, 0x000000008da00000, 0x000000008db00000|  0%| F|  |TAMS 0x000000008da00000, 0x000000008da00000| Untracked 
| 219|0x000000008db00000, 0x000000008db00000, 0x000000008dc00000|  0%| F|  |TAMS 0x000000008db00000, 0x000000008db00000| Untracked 
| 220|0x000000008dc00000, 0x000000008dc00000, 0x000000008dd00000|  0%| F|  |TAMS 0x000000008dc00000, 0x000000008dc00000| Untracked 
| 221|0x000000008dd00000, 0x000000008dd00000, 0x000000008de00000|  0%| F|  |TAMS 0x000000008dd00000, 0x000000008dd00000| Untracked 
| 222|0x000000008de00000, 0x000000008de00000, 0x000000008df00000|  0%| F|  |TAMS 0x000000008de00000, 0x000000008de00000| Untracked 
| 223|0x000000008df00000, 0x000000008df00000, 0x000000008e000000|  0%| F|  |TAMS 0x000000008df00000, 0x000000008df00000| Untracked 
| 224|0x000000008e000000, 0x000000008e000000, 0x000000008e100000|  0%| F|  |TAMS 0x000000008e000000, 0x000000008e000000| Untracked 
| 225|0x000000008e100000, 0x000000008e100000, 0x000000008e200000|  0%| F|  |TAMS 0x000000008e100000, 0x000000008e100000| Untracked 
| 226|0x000000008e200000, 0x000000008e200000, 0x000000008e300000|  0%| F|  |TAMS 0x000000008e200000, 0x000000008e200000| Untracked 
| 227|0x000000008e300000, 0x000000008e300000, 0x000000008e400000|  0%| F|  |TAMS 0x000000008e300000, 0x000000008e300000| Untracked 
| 228|0x000000008e400000, 0x000000008e400000, 0x000000008e500000|  0%| F|  |TAMS 0x000000008e400000, 0x000000008e400000| Untracked 
| 229|0x000000008e500000, 0x000000008e500000, 0x000000008e600000|  0%| F|  |TAMS 0x000000008e500000, 0x000000008e500000| Untracked 
| 230|0x000000008e600000, 0x000000008e600000, 0x000000008e700000|  0%| F|  |TAMS 0x000000008e600000, 0x000000008e600000| Untracked 
| 231|0x000000008e700000, 0x000000008e700000, 0x000000008e800000|  0%| F|  |TAMS 0x000000008e700000, 0x000000008e700000| Untracked 
| 232|0x000000008e800000, 0x000000008e800000, 0x000000008e900000|  0%| F|  |TAMS 0x000000008e800000, 0x000000008e800000| Untracked 
| 233|0x000000008e900000, 0x000000008e980800, 0x000000008ea00000| 50%| E|  |TAMS 0x000000008e900000, 0x000000008e900000| Complete 
| 234|0x000000008ea00000, 0x000000008eb00000, 0x000000008eb00000|100%| E|CS|TAMS 0x000000008ea00000, 0x000000008ea00000| Complete 
| 235|0x000000008eb00000, 0x000000008ec00000, 0x000000008ec00000|100%| E|CS|TAMS 0x000000008eb00000, 0x000000008eb00000| Complete 
| 236|0x000000008ec00000, 0x000000008ed00000, 0x000000008ed00000|100%| E|CS|TAMS 0x000000008ec00000, 0x000000008ec00000| Complete 
| 237|0x000000008ed00000, 0x000000008ee00000, 0x000000008ee00000|100%| E|CS|TAMS 0x000000008ed00000, 0x000000008ed00000| Complete 
| 238|0x000000008ee00000, 0x000000008ef00000, 0x000000008ef00000|100%| E|CS|TAMS 0x000000008ee00000, 0x000000008ee00000| Complete 
| 239|0x000000008ef00000, 0x000000008f000000, 0x000000008f000000|100%| E|CS|TAMS 0x000000008ef00000, 0x000000008ef00000| Complete 
| 240|0x000000008f000000, 0x000000008f100000, 0x000000008f100000|100%| E|CS|TAMS 0x000000008f000000, 0x000000008f000000| Complete 
| 241|0x000000008f100000, 0x000000008f200000, 0x000000008f200000|100%| E|CS|TAMS 0x000000008f100000, 0x000000008f100000| Complete 
| 242|0x000000008f200000, 0x000000008f300000, 0x000000008f300000|100%| E|CS|TAMS 0x000000008f200000, 0x000000008f200000| Complete 
| 243|0x000000008f300000, 0x000000008f400000, 0x000000008f400000|100%| E|CS|TAMS 0x000000008f300000, 0x000000008f300000| Complete 
| 244|0x000000008f400000, 0x000000008f500000, 0x000000008f500000|100%| E|CS|TAMS 0x000000008f400000, 0x000000008f400000| Complete 
| 245|0x000000008f500000, 0x000000008f600000, 0x000000008f600000|100%| E|CS|TAMS 0x000000008f500000, 0x000000008f500000| Complete 
| 246|0x000000008f600000, 0x000000008f700000, 0x000000008f700000|100%| E|CS|TAMS 0x000000008f600000, 0x000000008f600000| Complete 
| 247|0x000000008f700000, 0x000000008f800000, 0x000000008f800000|100%| E|CS|TAMS 0x000000008f700000, 0x000000008f700000| Complete 
| 248|0x000000008f800000, 0x000000008f900000, 0x000000008f900000|100%| E|CS|TAMS 0x000000008f800000, 0x000000008f800000| Complete 
| 249|0x000000008f900000, 0x000000008fa00000, 0x000000008fa00000|100%| E|CS|TAMS 0x000000008f900000, 0x000000008f900000| Complete 
| 250|0x000000008fa00000, 0x000000008fb00000, 0x000000008fb00000|100%| E|CS|TAMS 0x000000008fa00000, 0x000000008fa00000| Complete 
| 251|0x000000008fb00000, 0x000000008fc00000, 0x000000008fc00000|100%| E|CS|TAMS 0x000000008fb00000, 0x000000008fb00000| Complete 
| 252|0x000000008fc00000, 0x000000008fd00000, 0x000000008fd00000|100%| E|CS|TAMS 0x000000008fc00000, 0x000000008fc00000| Complete 
| 253|0x000000008fd00000, 0x000000008fe00000, 0x000000008fe00000|100%| E|CS|TAMS 0x000000008fd00000, 0x000000008fd00000| Complete 

Card table byte_map: [0x0000026b71470000,0x0000026b71870000] _byte_map_base: 0x0000026b71070000

Marking Bits (Prev, Next): (CMBitMap*) 0x0000026b5e2666b8, (CMBitMap*) 0x0000026b5e2666f0
 Prev Bits: [0x0000026b71c70000, 0x0000026b73c70000)
 Next Bits: [0x0000026b73c70000, 0x0000026b75c70000)

Polling page: 0x0000026b5da00000

Metaspace:

Usage:
  Non-class:     50.82 MB capacity,    49.95 MB ( 98%) used,   724.95 KB (  1%) free+waste,   158.69 KB ( <1%) overhead. 
      Class:      7.77 MB capacity,     7.20 MB ( 93%) used,   505.21 KB (  6%) free+waste,    75.25 KB ( <1%) overhead. 
       Both:     58.58 MB capacity,    57.15 MB ( 98%) used,     1.20 MB (  2%) free+waste,   233.94 KB ( <1%) overhead. 

Virtual space:
  Non-class space:       52.00 MB reserved,      50.95 MB ( 98%) committed 
      Class space:        1.00 GB reserved,       7.88 MB ( <1%) committed 
             Both:        1.05 GB reserved,      58.83 MB (  5%) committed 

Chunk freelists:
   Non-Class:  8.00 KB
       Class:  14.00 KB
        Both:  22.00 KB

MaxMetaspaceSize: 17179869184.00 GB
CompressedClassSpaceSize: 1.00 GB
Initial GC threshold: 20.80 MB
Current GC threshold: 59.09 MB
CDS: off

CodeHeap 'non-profiled nmethods': size=120000Kb used=3565Kb max_used=3565Kb free=116434Kb
 bounds [0x0000026b69810000, 0x0000026b69b90000, 0x0000026b70d40000]
CodeHeap 'profiled nmethods': size=120000Kb used=12046Kb max_used=12046Kb free=107953Kb
 bounds [0x0000026b622e0000, 0x0000026b62eb0000, 0x0000026b69810000]
CodeHeap 'non-nmethods': size=5760Kb used=2328Kb max_used=2364Kb free=3431Kb
 bounds [0x0000026b61d40000, 0x0000026b61fb0000, 0x0000026b622e0000]
 total_blobs=6656 nmethods=5831 adapters=737
 compilation: enabled
              stopped_count=0, restarted_count=0
 full_count=0

Compilation events (20 events):
Event: 6.187 Thread 0x0000026b78f96800 nmethod 5820 0x0000026b62e97610 code [0x0000026b62e978c0, 0x0000026b62e985a8]
Event: 6.187 Thread 0x0000026b78f96800 5821       3       java.lang.reflect.Constructor::hasGenericInformation (13 bytes)
Event: 6.188 Thread 0x0000026b78f96800 nmethod 5821 0x0000026b62e98a10 code [0x0000026b62e98bc0, 0x0000026b62e98d38]
Event: 6.189 Thread 0x0000026b78f96800 5822       3       org.objectweb.asm.Frame::getInitializedType (153 bytes)
Event: 6.190 Thread 0x0000026b78f96800 nmethod 5822 0x0000026b62e98e10 code [0x0000026b62e99020, 0x0000026b62e99558]
Event: 6.193 Thread 0x0000026b78f96800 5823       3       com.google.common.reflect.Types::newParameterizedTypeWithOwner (44 bytes)
Event: 6.194 Thread 0x0000026b78f96800 nmethod 5823 0x0000026b62e99810 code [0x0000026b62e99ae0, 0x0000026b62e9a788]
Event: 6.194 Thread 0x0000026b78f96800 5824       3       com.google.common.reflect.Types::newParameterizedType (17 bytes)
Event: 6.195 Thread 0x0000026b78f96800 nmethod 5824 0x0000026b62e9ac10 code [0x0000026b62e9ae40, 0x0000026b62e9b3d8]
Event: 6.195 Thread 0x0000026b78f96800 5825       3       com.google.common.reflect.Types$ParameterizedTypeImpl::<init> (55 bytes)
Event: 6.196 Thread 0x0000026b78f96800 nmethod 5825 0x0000026b62e9b610 code [0x0000026b62e9b8a0, 0x0000026b62e9c428]
Event: 6.198 Thread 0x0000026b78f96800 5826       1       java.util.Spliterators$EmptySpliterator::characteristics (4 bytes)
Event: 6.198 Thread 0x0000026b78f96800 nmethod 5826 0x0000026b69b8a610 code [0x0000026b69b8a7c0, 0x0000026b69b8a878]
Event: 6.198 Thread 0x0000026b78f96800 5827       3       java.util.concurrent.ConcurrentHashMap$ValuesView::iterator (34 bytes)
Event: 6.198 Thread 0x0000026b78f96800 nmethod 5827 0x0000026b62e9c810 code [0x0000026b62e9ca00, 0x0000026b62e9cd98]
Event: 6.198 Thread 0x0000026b78f96800 5828       3       java.util.concurrent.ConcurrentHashMap$ValueIterator::<init> (12 bytes)
Event: 6.198 Thread 0x0000026b78f96800 nmethod 5828 0x0000026b62e9cf90 code [0x0000026b62e9d160, 0x0000026b62e9d398]
Event: 6.200 Thread 0x0000026b78f96800 5829       3       java.util.Arrays::copyOf (19 bytes)
Event: 6.200 Thread 0x0000026b78f96800 nmethod 5829 0x0000026b62e9d490 code [0x0000026b62e9d660, 0x0000026b62e9d948]
Event: 6.213 Thread 0x0000026b791fd800 5830  s    4       java.io.ByteArrayOutputStream::write (43 bytes)

GC Heap History (12 events):
Event: 0.507 GC heap before
{Heap before GC invocations=0 (full 0):
 garbage-first heap   total 260096K, used 29696K [0x0000000080000000, 0x0000000100000000)
  region size 1024K, 24 young (24576K), 0 survivors (0K)
 Metaspace       used 10163K, capacity 10387K, committed 10624K, reserved 1058816K
  class space    used 1045K, capacity 1106K, committed 1152K, reserved 1048576K
}
Event: 0.510 GC heap after
{Heap after GC invocations=1 (full 0):
 garbage-first heap   total 260096K, used 9639K [0x0000000080000000, 0x0000000100000000)
  region size 1024K, 3 young (3072K), 3 survivors (3072K)
 Metaspace       used 10163K, capacity 10387K, committed 10624K, reserved 1058816K
  class space    used 1045K, capacity 1106K, committed 1152K, reserved 1048576K
}
Event: 1.990 GC heap before
{Heap before GC invocations=1 (full 0):
 garbage-first heap   total 260096K, used 114087K [0x0000000080000000, 0x0000000100000000)
  region size 1024K, 106 young (108544K), 3 survivors (3072K)
 Metaspace       used 20773K, capacity 21185K, committed 21296K, reserved 1069056K
  class space    used 2528K, capacity 2688K, committed 2688K, reserved 1048576K
}
Event: 2.000 GC heap after
{Heap after GC invocations=2 (full 0):
 garbage-first heap   total 260096K, used 16951K [0x0000000080000000, 0x0000000100000000)
  region size 1024K, 11 young (11264K), 11 survivors (11264K)
 Metaspace       used 20773K, capacity 21185K, committed 21296K, reserved 1069056K
  class space    used 2528K, capacity 2688K, committed 2688K, reserved 1048576K
}
Event: 2.622 GC heap before
{Heap before GC invocations=3 (full 0):
 garbage-first heap   total 260096K, used 86583K [0x0000000080000000, 0x0000000100000000)
  region size 1024K, 79 young (80896K), 11 survivors (11264K)
 Metaspace       used 27494K, capacity 28165K, committed 28416K, reserved 1073152K
  class space    used 3581K, capacity 3812K, committed 3840K, reserved 1048576K
}
Event: 2.629 GC heap after
{Heap after GC invocations=4 (full 0):
 garbage-first heap   total 260096K, used 19645K [0x0000000080000000, 0x0000000100000000)
  region size 1024K, 3 young (3072K), 3 survivors (3072K)
 Metaspace       used 27494K, capacity 28165K, committed 28416K, reserved 1073152K
  class space    used 3581K, capacity 3812K, committed 3840K, reserved 1048576K
}
Event: 3.177 GC heap before
{Heap before GC invocations=4 (full 0):
 garbage-first heap   total 260096K, used 66749K [0x0000000080000000, 0x0000000100000000)
  region size 1024K, 50 young (51200K), 3 survivors (3072K)
 Metaspace       used 35265K, capacity 35977K, committed 36048K, reserved 1081344K
  class space    used 4511K, capacity 4822K, committed 4864K, reserved 1048576K
}
Event: 3.183 GC heap after
{Heap after GC invocations=5 (full 0):
 garbage-first heap   total 260096K, used 22679K [0x0000000080000000, 0x0000000100000000)
  region size 1024K, 6 young (6144K), 6 survivors (6144K)
 Metaspace       used 35265K, capacity 35977K, committed 36048K, reserved 1081344K
  class space    used 4511K, capacity 4822K, committed 4864K, reserved 1048576K
}
Event: 4.515 GC heap before
{Heap before GC invocations=6 (full 0):
 garbage-first heap   total 260096K, used 152727K [0x0000000080000000, 0x0000000100000000)
  region size 1024K, 130 young (133120K), 6 survivors (6144K)
 Metaspace       used 45771K, capacity 46802K, committed 46928K, reserved 1089536K
  class space    used 5793K, capacity 6178K, committed 6272K, reserved 1048576K
}
Event: 4.528 GC heap after
{Heap after GC invocations=7 (full 0):
 garbage-first heap   total 260096K, used 29566K [0x0000000080000000, 0x0000000100000000)
  region size 1024K, 13 young (13312K), 13 survivors (13312K)
 Metaspace       used 45771K, capacity 46802K, committed 46928K, reserved 1089536K
  class space    used 5793K, capacity 6178K, committed 6272K, reserved 1048576K
}
Event: 5.944 GC heap before
{Heap before GC invocations=7 (full 0):
 garbage-first heap   total 260096K, used 173950K [0x0000000080000000, 0x0000000100000000)
  region size 1024K, 146 young (149504K), 13 survivors (13312K)
 Metaspace       used 55396K, capacity 56826K, committed 56912K, reserved 1099776K
  class space    used 6979K, capacity 7519K, committed 7552K, reserved 1048576K
}
Event: 5.958 GC heap after
{Heap after GC invocations=8 (full 0):
 garbage-first heap   total 260096K, used 48500K [0x0000000080000000, 0x0000000100000000)
  region size 1024K, 18 young (18432K), 18 survivors (18432K)
 Metaspace       used 55396K, capacity 56826K, committed 56912K, reserved 1099776K
  class space    used 6979K, capacity 7519K, committed 7552K, reserved 1048576K
}

Deoptimization events (20 events):
Event: 5.624 Thread 0x0000026b7b7d6000 Uncommon trap: trap_request=0xffffffde fr.pc=0x0000026b69a080f4 relative=0x0000000000000954
Event: 5.624 Thread 0x0000026b7b7d6000 Uncommon trap: reason=class_check action=maybe_recompile pc=0x0000026b69a080f4 method=java.io.BufferedInputStream.read1([BII)I @ 39 c2
Event: 5.624 Thread 0x0000026b7b7d6000 DEOPT PACKING pc=0x0000026b69a080f4 sp=0x00000070d6df7370
Event: 5.624 Thread 0x0000026b7b7d6000 DEOPT UNPACKING pc=0x0000026b61d485af sp=0x00000070d6df7288 mode 2
Event: 5.624 Thread 0x0000026b7b7d6000 Uncommon trap: trap_request=0xffffffde fr.pc=0x0000026b69a080f4 relative=0x0000000000000954
Event: 5.624 Thread 0x0000026b7b7d6000 Uncommon trap: reason=class_check action=maybe_recompile pc=0x0000026b69a080f4 method=java.io.BufferedInputStream.read1([BII)I @ 39 c2
Event: 5.624 Thread 0x0000026b7b7d6000 DEOPT PACKING pc=0x0000026b69a080f4 sp=0x00000070d6df7370
Event: 5.624 Thread 0x0000026b7b7d6000 DEOPT UNPACKING pc=0x0000026b61d485af sp=0x00000070d6df7288 mode 2
Event: 5.638 Thread 0x0000026b7b7d6000 Uncommon trap: trap_request=0xffffffde fr.pc=0x0000026b69a080f4 relative=0x0000000000000954
Event: 5.639 Thread 0x0000026b7b7d6000 Uncommon trap: reason=class_check action=maybe_recompile pc=0x0000026b69a080f4 method=java.io.BufferedInputStream.read1([BII)I @ 39 c2
Event: 5.639 Thread 0x0000026b7b7d6000 DEOPT PACKING pc=0x0000026b69a080f4 sp=0x00000070d6df7c40
Event: 5.639 Thread 0x0000026b7b7d6000 DEOPT UNPACKING pc=0x0000026b61d485af sp=0x00000070d6df7b58 mode 2
Event: 5.639 Thread 0x0000026b7b7d6000 Uncommon trap: trap_request=0xffffffde fr.pc=0x0000026b699d3204 relative=0x00000000000001a4
Event: 5.639 Thread 0x0000026b7b7d6000 Uncommon trap: reason=class_check action=maybe_recompile pc=0x0000026b699d3204 method=java.io.BufferedInputStream.read1([BII)I @ 39 c2
Event: 5.639 Thread 0x0000026b7b7d6000 DEOPT PACKING pc=0x0000026b699d3204 sp=0x00000070d6df7ba0
Event: 5.639 Thread 0x0000026b7b7d6000 DEOPT UNPACKING pc=0x0000026b61d485af sp=0x00000070d6df7b48 mode 2
Event: 5.958 Thread 0x0000026b790f1000 Uncommon trap: trap_request=0xffffffde fr.pc=0x0000026b699713ec relative=0x000000000000052c
Event: 5.958 Thread 0x0000026b790f1000 Uncommon trap: reason=class_check action=maybe_recompile pc=0x0000026b699713ec method=jdk.internal.ref.PhantomCleanable.clean()V @ 12 c2
Event: 5.958 Thread 0x0000026b790f1000 DEOPT PACKING pc=0x0000026b699713ec sp=0x00000070d5efee30
Event: 5.958 Thread 0x0000026b790f1000 DEOPT UNPACKING pc=0x0000026b61d485af sp=0x00000070d5efee10 mode 2

Classes redefined (0 events):
No events

Internal exceptions (20 events):
Event: 5.278 Thread 0x0000026b7b7d6000 Exception <a 'java/security/PrivilegedActionException'{0x000000008b01a8f0}> (0x000000008b01a8f0) thrown at [./src/hotspot/share/prims/jvm.cpp, line 1306]
Event: 5.278 Thread 0x0000026b7b7d6000 Exception <a 'java/security/PrivilegedActionException'{0x000000008b01bbb0}> (0x000000008b01bbb0) thrown at [./src/hotspot/share/prims/jvm.cpp, line 1306]
Event: 5.278 Thread 0x0000026b7b7d6000 Exception <a 'java/security/PrivilegedActionException'{0x000000008b01e7d8}> (0x000000008b01e7d8) thrown at [./src/hotspot/share/prims/jvm.cpp, line 1306]
Event: 5.278 Thread 0x0000026b7b7d6000 Exception <a 'java/security/PrivilegedActionException'{0x000000008b01fa98}> (0x000000008b01fa98) thrown at [./src/hotspot/share/prims/jvm.cpp, line 1306]
Event: 5.279 Thread 0x0000026b7b7d6000 Exception <a 'java/security/PrivilegedActionException'{0x000000008b022778}> (0x000000008b022778) thrown at [./src/hotspot/share/prims/jvm.cpp, line 1306]
Event: 5.279 Thread 0x0000026b7b7d6000 Exception <a 'java/security/PrivilegedActionException'{0x000000008b023a38}> (0x000000008b023a38) thrown at [./src/hotspot/share/prims/jvm.cpp, line 1306]
Event: 5.279 Thread 0x0000026b7b7d6000 Exception <a 'java/security/PrivilegedActionException'{0x000000008b026668}> (0x000000008b026668) thrown at [./src/hotspot/share/prims/jvm.cpp, line 1306]
Event: 5.279 Thread 0x0000026b7b7d6000 Exception <a 'java/security/PrivilegedActionException'{0x000000008b027928}> (0x000000008b027928) thrown at [./src/hotspot/share/prims/jvm.cpp, line 1306]
Event: 5.279 Thread 0x0000026b7b7d6000 Exception <a 'java/security/PrivilegedActionException'{0x000000008b02a5a8}> (0x000000008b02a5a8) thrown at [./src/hotspot/share/prims/jvm.cpp, line 1306]
Event: 5.279 Thread 0x0000026b7b7d6000 Exception <a 'java/security/PrivilegedActionException'{0x000000008b02b868}> (0x000000008b02b868) thrown at [./src/hotspot/share/prims/jvm.cpp, line 1306]
Event: 5.279 Thread 0x0000026b7b7d6000 Exception <a 'java/security/PrivilegedActionException'{0x000000008b02e548}> (0x000000008b02e548) thrown at [./src/hotspot/share/prims/jvm.cpp, line 1306]
Event: 5.279 Thread 0x0000026b7b7d6000 Exception <a 'java/security/PrivilegedActionException'{0x000000008b02f808}> (0x000000008b02f808) thrown at [./src/hotspot/share/prims/jvm.cpp, line 1306]
Event: 5.348 Thread 0x0000026b7b7d6000 Exception <a 'java/lang/ClassNotFoundException'{0x000000008a7ab908}: org/gradle/api/internal/plugins/DefaultObjectConfigurationActionBeanInfo> (0x000000008a7ab908) thrown at [./src/hotspot/share/classfile/systemDictionary.cpp, line 231]
Event: 5.349 Thread 0x0000026b7b7d6000 Exception <a 'java/lang/ClassNotFoundException'{0x000000008a7e24c0}: org/gradle/api/internal/plugins/DefaultObjectConfigurationActionCustomizer> (0x000000008a7e24c0) thrown at [./src/hotspot/share/classfile/systemDictionary.cpp, line 231]
Event: 5.458 Thread 0x0000026b7b7d6000 Exception <a 'java/lang/NoSuchMethodError'{0x0000000089cc8328}: 'java.lang.Object java.lang.invoke.DirectMethodHandle$Holder.invokeStatic(java.lang.Object, java.lang.Object, java.lang.Object, java.lang.Object, int)'> (0x0000000089cc8328) thrown at [./src/hotspot/share/interpreter/linkResolver.cpp, line 773]
Event: 5.458 Thread 0x0000026b7b7d6000 Exception <a 'java/lang/NoSuchMethodError'{0x0000000089cccd20}: 'java.lang.Object java.lang.invoke.DirectMethodHandle$Holder.invokeSpecial(java.lang.Object, java.lang.Object, java.lang.Object, java.lang.Object, java.lang.Object, int)'> (0x0000000089cccd20) thrown at [./src/hotspot/share/interpreter/linkResolver.cpp, line 773]
Event: 5.458 Thread 0x0000026b7b7d6000 Exception <a 'java/lang/NoSuchMethodError'{0x0000000089cd1360}: 'java.lang.Object java.lang.invoke.Invokers$Holder.linkToTargetMethod(java.lang.Object, java.lang.Object, java.lang.Object, int, java.lang.Object)'> (0x0000000089cd1360) thrown at [./src/hotspot/share/interpreter/linkResolver.cpp, line 773]
Event: 5.660 Thread 0x0000026b7b7d6000 Exception <a 'java/lang/NoSuchMethodError'{0x0000000088b2cdc0}: 'java.lang.Object java.lang.invoke.DirectMethodHandle$Holder.invokeSpecial(java.lang.Object, java.lang.Object, int, int, java.lang.Object, java.lang.Object, java.lang.Object)'> (0x0000000088b2cdc0) thrown at [./src/hotspot/share/interpreter/linkResolver.cpp, line 773]
Event: 5.660 Thread 0x0000026b7b7d6000 Exception <a 'java/lang/NoSuchMethodError'{0x0000000088b31340}: 'java.lang.Object java.lang.invoke.DelegatingMethodHandle$Holder.reinvoke_L(java.lang.Object, int, int, java.lang.Object, java.lang.Object, java.lang.Object)'> (0x0000000088b31340) thrown at [./src/hotspot/share/interpreter/linkResolver.cpp, line 773]
Event: 5.856 Thread 0x0000026b7b7d6000 Exception <a 'java/lang/NoSuchMethodError'{0x0000000087e41900}: 'int java.lang.invoke.DirectMethodHandle$Holder.invokeInterface(java.lang.Object, java.lang.Object, java.lang.Object, java.lang.Object)'> (0x0000000087e41900) thrown at [./src/hotspot/share/interpreter/linkResolver.cpp, line 773]

Events (20 events):
Event: 6.219 loading class javax/management/DescriptorRead
Event: 6.219 loading class javax/management/DescriptorRead done
Event: 6.219 loading class javax/management/MBeanFeatureInfo done
Event: 6.219 loading class javax/management/MBeanNotificationInfo done
Event: 6.219 loading class javax/management/MBeanInfo
Event: 6.219 loading class javax/management/MBeanInfo done
Event: 6.219 loading class javax/management/MBeanAttributeInfo
Event: 6.219 loading class javax/management/MBeanAttributeInfo done
Event: 6.219 loading class javax/management/NotificationBroadcasterSupport
Event: 6.219 loading class javax/management/NotificationBroadcasterSupport done
Event: 6.219 loading class javax/management/NotificationBroadcasterSupport$1
Event: 6.220 loading class javax/management/NotificationBroadcasterSupport$1 done
Event: 6.220 loading class com/sun/jmx/remote/util/ClassLogger
Event: 6.220 loading class com/sun/jmx/remote/util/ClassLogger done
Event: 6.220 loading class jdk/internal/logger/LazyLoggers
Event: 6.220 loading class jdk/internal/logger/LazyLoggers done
Event: 6.220 loading class jdk/internal/logger/LazyLoggers$1
Event: 6.221 loading class jdk/internal/logger/LazyLoggers$1 done
Event: 6.221 loading class jdk/internal/logger/LazyLoggers$LazyLoggerFactories
Event: 6.221 loading class jdk/internal/logger/LazyLoggers$LazyLoggerFactories done


Dynamic libraries:
0x00007ff7997c0000 - 0x00007ff7997ca000 	C:\Program Files\Android\Android Studio1\jre\bin\java.exe
0x00007ffeb0b60000 - 0x00007ffeb0d69000 	C:\WINDOWS\SYSTEM32\ntdll.dll
0x00007ffeaf340000 - 0x00007ffeaf3fe000 	C:\WINDOWS\System32\KERNEL32.DLL
0x00007ffeae0d0000 - 0x00007ffeae44b000 	C:\WINDOWS\System32\KERNELBASE.dll
0x00007ffeae8c0000 - 0x00007ffeae9d1000 	C:\WINDOWS\System32\ucrtbase.dll
0x00007ffe8fb00000 - 0x00007ffe8fb17000 	C:\Program Files\Android\Android Studio1\jre\bin\VCRUNTIME140.dll
0x00007ffe93960000 - 0x00007ffe93979000 	C:\Program Files\Android\Android Studio1\jre\bin\jli.dll
0x00007ffeaf820000 - 0x00007ffeaf9cd000 	C:\WINDOWS\System32\USER32.dll
0x00007ffeae600000 - 0x00007ffeae626000 	C:\WINDOWS\System32\win32u.dll
0x00007ffeae9e0000 - 0x00007ffeaea09000 	C:\WINDOWS\System32\GDI32.dll
0x00007ffe8b990000 - 0x00007ffe8bc35000 	C:\WINDOWS\WinSxS\amd64_microsoft.windows.common-controls_6595b64144ccf1df_6.0.22000.120_none_9d947278b86cc467\COMCTL32.dll
0x00007ffeae630000 - 0x00007ffeae748000 	C:\WINDOWS\System32\gdi32full.dll
0x00007ffeaf500000 - 0x00007ffeaf5a3000 	C:\WINDOWS\System32\msvcrt.dll
0x00007ffeae030000 - 0x00007ffeae0cd000 	C:\WINDOWS\System32\msvcp_win.dll
0x00007ffeaf9d0000 - 0x00007ffeafa02000 	C:\WINDOWS\System32\IMM32.DLL
0x00007ffe617a0000 - 0x00007ffe6183d000 	C:\Program Files\Android\Android Studio1\jre\bin\msvcp140.dll
0x00007ffe30e70000 - 0x00007ffe31972000 	C:\Program Files\Android\Android Studio1\jre\bin\server\jvm.dll
0x00007ffeafb70000 - 0x00007ffeafc1e000 	C:\WINDOWS\System32\ADVAPI32.dll
0x00007ffeaf5b0000 - 0x00007ffeaf64e000 	C:\WINDOWS\System32\sechost.dll
0x00007ffeb0590000 - 0x00007ffeb06b0000 	C:\WINDOWS\System32\RPCRT4.dll
0x00007ffeaf1d0000 - 0x00007ffeaf1d8000 	C:\WINDOWS\System32\PSAPI.DLL
0x00007ffea7b90000 - 0x00007ffea7b99000 	C:\WINDOWS\SYSTEM32\WSOCK32.dll
0x00007ffea5d20000 - 0x00007ffea5d2a000 	C:\WINDOWS\SYSTEM32\VERSION.dll
0x00007ffea57d0000 - 0x00007ffea5803000 	C:\WINDOWS\SYSTEM32\WINMM.dll
0x00007ffeafa10000 - 0x00007ffeafa7f000 	C:\WINDOWS\System32\WS2_32.dll
0x00007ffead1a0000 - 0x00007ffead1b8000 	C:\WINDOWS\SYSTEM32\kernel.appcore.dll
0x00007ffea58d0000 - 0x00007ffea58e1000 	C:\Program Files\Android\Android Studio1\jre\bin\verify.dll
0x00007ffeabad0000 - 0x00007ffeabcf1000 	C:\WINDOWS\SYSTEM32\DBGHELP.DLL
0x00007ffe99ab0000 - 0x00007ffe99ae1000 	C:\WINDOWS\SYSTEM32\dbgcore.DLL
0x00007ffeae580000 - 0x00007ffeae5ff000 	C:\WINDOWS\System32\bcryptPrimitives.dll
0x00007ffea4590000 - 0x00007ffea45b9000 	C:\Program Files\Android\Android Studio1\jre\bin\java.dll
0x00007ffea7b80000 - 0x00007ffea7b8b000 	C:\Program Files\Android\Android Studio1\jre\bin\jimage.dll
0x00007ffe99a30000 - 0x00007ffe99a48000 	C:\Program Files\Android\Android Studio1\jre\bin\zip.dll
0x00007ffeaea10000 - 0x00007ffeaf1c8000 	C:\WINDOWS\System32\SHELL32.dll
0x00007ffeabfd0000 - 0x00007ffeac835000 	C:\WINDOWS\SYSTEM32\windows.storage.dll
0x00007ffeb0090000 - 0x00007ffeb0408000 	C:\WINDOWS\System32\combase.dll
0x00007ffeabe60000 - 0x00007ffeabfc6000 	C:\WINDOWS\SYSTEM32\wintypes.dll
0x00007ffeb04a0000 - 0x00007ffeb058a000 	C:\WINDOWS\System32\SHCORE.dll
0x00007ffeaf400000 - 0x00007ffeaf45d000 	C:\WINDOWS\System32\shlwapi.dll
0x00007ffeadf60000 - 0x00007ffeadf81000 	C:\WINDOWS\SYSTEM32\profapi.dll
0x00007ffe92bc0000 - 0x00007ffe92bda000 	C:\Program Files\Android\Android Studio1\jre\bin\net.dll
0x00007ffea6a80000 - 0x00007ffea6b94000 	C:\WINDOWS\SYSTEM32\WINHTTP.dll
0x00007ffead640000 - 0x00007ffead6a7000 	C:\WINDOWS\system32\mswsock.dll
0x00007ffe92ba0000 - 0x00007ffe92bb4000 	C:\Program Files\Android\Android Studio1\jre\bin\nio.dll
0x00007ffe7b840000 - 0x00007ffe7b867000 	C:\Users\jossa\.gradle\native\e1d6ef7f7dcc3fd88c89a11ec53ec762bb8ba0a96d01ffa2cd45eb1d1d8dd5c5\windows-amd64\native-platform.dll
0x00007ffe53500000 - 0x00007ffe53644000 	C:\Users\jossa\.gradle\native\0d407fdbe67a94daf76414ababcb853783967236a71b16ec16e742cd7a986fd3\windows-amd64\native-platform-file-events.dll
0x00007ffea74a0000 - 0x00007ffea74aa000 	C:\Program Files\Android\Android Studio1\jre\bin\management.dll
0x00007ffea5ca0000 - 0x00007ffea5cad000 	C:\Program Files\Android\Android Studio1\jre\bin\management_ext.dll
0x00007ffead880000 - 0x00007ffead898000 	C:\WINDOWS\SYSTEM32\CRYPTSP.dll
0x00007ffead100000 - 0x00007ffead135000 	C:\WINDOWS\system32\rsaenh.dll
0x00007ffead730000 - 0x00007ffead759000 	C:\WINDOWS\SYSTEM32\USERENV.dll
0x00007ffeada10000 - 0x00007ffeada37000 	C:\WINDOWS\SYSTEM32\bcrypt.dll
0x00007ffead8a0000 - 0x00007ffead8ac000 	C:\WINDOWS\SYSTEM32\CRYPTBASE.dll
0x00007ffeacc50000 - 0x00007ffeacc7d000 	C:\WINDOWS\SYSTEM32\IPHLPAPI.DLL
0x00007ffeafb60000 - 0x00007ffeafb69000 	C:\WINDOWS\System32\NSI.dll
0x00007ffea5400000 - 0x00007ffea5419000 	C:\WINDOWS\SYSTEM32\dhcpcsvc6.DLL
0x00007ffea5f90000 - 0x00007ffea5fae000 	C:\WINDOWS\SYSTEM32\dhcpcsvc.DLL
0x00007ffeacc80000 - 0x00007ffeacd68000 	C:\WINDOWS\SYSTEM32\DNSAPI.dll

dbghelp: loaded successfully - version: 4.0.5 - missing functions: none
symbol engine: initialized successfully - sym options: 0x614 - pdb path: .;C:\Program Files\Android\Android Studio1\jre\bin;C:\WINDOWS\SYSTEM32;C:\WINDOWS\WinSxS\amd64_microsoft.windows.common-controls_6595b64144ccf1df_6.0.22000.120_none_9d947278b86cc467;C:\Program Files\Android\Android Studio1\jre\bin\server;C:\Users\jossa\.gradle\native\e1d6ef7f7dcc3fd88c89a11ec53ec762bb8ba0a96d01ffa2cd45eb1d1d8dd5c5\windows-amd64;C:\Users\jossa\.gradle\native\0d407fdbe67a94daf76414ababcb853783967236a71b16ec16e742cd7a986fd3\windows-amd64

VM Arguments:
jvm_args: --add-opens=java.base/java.util=ALL-UNNAMED --add-opens=java.base/java.lang=ALL-UNNAMED --add-opens=java.base/java.lang.invoke=ALL-UNNAMED --add-opens=java.base/java.util=ALL-UNNAMED --add-opens=java.prefs/java.util.prefs=ALL-UNNAMED --add-opens=java.prefs/java.util.prefs=ALL-UNNAMED --add-opens=java.base/java.nio.charset=ALL-UNNAMED --add-opens=java.base/java.net=ALL-UNNAMED --add-opens=java.base/java.util.concurrent.atomic=ALL-UNNAMED -Xmx2048m -Dfile.encoding=UTF-8 -Duser.country=ES -Duser.language=es -Duser.variant 
java_command: org.gradle.launcher.daemon.bootstrap.GradleDaemon 7.4
java_class_path (initial): C:\Users\jossa\.gradle\wrapper\dists\gradle-7.4-bin\c0gwcg53nkjbqw7r0h0umtfvt\gradle-7.4\lib\gradle-launcher-7.4.jar
Launcher Type: SUN_STANDARD

[Global flags]
     intx CICompilerCount                          = 4                                         {product} {ergonomic}
     uint ConcGCThreads                            = 2                                         {product} {ergonomic}
     uint G1ConcRefinementThreads                  = 8                                         {product} {ergonomic}
   size_t G1HeapRegionSize                         = 1048576                                   {product} {ergonomic}
    uintx GCDrainStackTargetSize                   = 64                                        {product} {ergonomic}
   size_t InitialHeapSize                          = 266338304                                 {product} {ergonomic}
   size_t MarkStackSize                            = 4194304                                   {product} {ergonomic}
   size_t MaxHeapSize                              = 2147483648                                {product} {command line}
   size_t MaxNewSize                               = 1287651328                                {product} {ergonomic}
   size_t MinHeapDeltaBytes                        = 1048576                                   {product} {ergonomic}
    uintx NonNMethodCodeHeapSize                   = 5836300                                {pd product} {ergonomic}
    uintx NonProfiledCodeHeapSize                  = 122910970                              {pd product} {ergonomic}
    uintx ProfiledCodeHeapSize                     = 122910970                              {pd product} {ergonomic}
    uintx ReservedCodeCacheSize                    = 251658240                              {pd product} {ergonomic}
     bool SegmentedCodeCache                       = true                                      {product} {ergonomic}
     bool UseCompressedClassPointers               = true                                 {lp64_product} {ergonomic}
     bool UseCompressedOops                        = true                                 {lp64_product} {ergonomic}
     bool UseG1GC                                  = true                                      {product} {ergonomic}
     bool UseLargePagesIndividualAllocation        = false                                  {pd product} {ergonomic}

Logging:
Log output configuration:
 #0: stdout all=warning uptime,level,tags
 #1: stderr all=off uptime,level,tags

Environment Variables:
PATH=%JAVA_HOME%\bin;C:\Program Files (x86)\Common Files\Oracle\Java\javapath;C:\Program Files\Microsoft MPI\Bin\;C:\Program Files\Common Files\Oracle\Java\javapath;C:\windows\system32;C:\windows;C:\windows\System32\Wbem;C:\windows\System32\WindowsPowerShell\v1.0\;C:\windows\System32\OpenSSH\;C:\Program Files (x86)\NVIDIA Corporation\PhysX\Common;C:\Program Files\NVIDIA Corporation\NVIDIA NvDLISR;C:\WINDOWS\system32;C:\WINDOWS;C:\WINDOWS\System32\Wbem;C:\WINDOWS\System32\WindowsPowerShell\v1.0\;C:\WINDOWS\System32\OpenSSH\;C:\Program Files\dotnet\;C:\Program Files\Microsoft SQL Server\Client SDK\ODBC\170\Tools\Binn\;C:\Program Files\Microsoft SQL Server\150\Tools\Binn\;C:\Program Files (x86)\Microsoft SQL Server\150\Tools\Binn\;C:\Program Files (x86)\Microsoft SQL Server\150\DTS\Binn\;C:\Program Files\Microsoft SQL Server\150\DTS\Binn\;C:\Program Files\Azure Data Studio\bin;C:\Program Files\nodejs\;C:\apache-maven\bin;C:\Program Files\Microsoft SQL Server\130\Tools\Binn\;C:\Program Files\Git\cmd;C:\Program Files (x86)\Microsoft SQL Server\110\DTS\Binn\;C:\Program Files (x86)\Microsoft SQL Server\120\DTS\Binn\;C:\Program Files (x86)\Microsoft SQL Server\130\DTS\Binn\;C:\Program Files (x86)\Microsoft SQL Server\140\DTS\Binn\;C:\Program Files (x86)\Microsoft SQL Server\160\DTS\Binn\;C:\Users\jossa\AppData\Local\Programs\Python\Python310\Scripts;C:\Users\jossa\AppData\Local\Programs\Python\Python310\;C:\Program Files\MySQL\MySQL Shell 8.0\bin\;C:\Users\jossa\AppData\Local\Microsoft\WindowsApps;C:\Users\jossa\.dotnet\tools;C:\Program Files\Azure Data Studio\bin;C:\Users\jossa\AppData\Local\Programs\Microsoft VS Code\bin;C:\Users\jossa\AppData\Roaming\npm;
USERNAME=jossa
OS=Windows_NT
PROCESSOR_IDENTIFIER=Intel64 Family 6 Model 140 Stepping 1, GenuineIntel



---------------  S Y S T E M  ---------------

OS: Windows 11 , 64 bit Build 22000 (10.0.22000.1219)
OS uptime: 2 days 1:06 hours

CPU:total 8 (initial active 8) (4 cores per cpu, 2 threads per core) family 6 model 140 stepping 1 microcode 0x86, cmov, cx8, fxsr, mmx, sse, sse2, sse3, ssse3, sse4.1, sse4.2, popcnt, avx, avx2, aes, clmul, erms, 3dnowpref, lzcnt, ht, tsc, tscinvbit, bmi1, bmi2, adx, evex, sha, fma

Memory: 4k page, system-wide physical 16149M (2492M free)
TotalPageFile size 20917M (AvailPageFile size 9M)
current process WorkingSet (physical memory assigned to process): 398M, peak: 401M
current process commit charge ("private bytes"): 499M, peak: 503M

vm_info: OpenJDK 64-Bit Server VM (11.0.13+0-b1751.21-8125866) for windows-amd64 JRE (11.0.13+0-b1751.21-8125866), built on Feb  2 2022 03:00:22 by "builder" with MS VC++ 14.0 (VS2015)

END.
