#
# There is insufficient memory for the Java Runtime Environment to continue.
# Native memory allocation (malloc) failed to allocate 1003776 bytes for Chunk::new
# Possible reasons:
#   The system is out of physical RAM or swap space
#   The process is running with CompressedOops enabled, and the Java Heap may be blocking the growth of the native heap
# Possible solutions:
#   Reduce memory load on the system
#   Increase physical memory or swap space
#   Check if swap backing store is full
#   Decrease Java heap size (-Xmx/-Xms)
#   Decrease number of Java threads
#   Decrease Java thread stack sizes (-Xss)
#   Set larger code cache with -XX:ReservedCodeCacheSize=
#   JVM is running with Unscaled Compressed Oops mode in which the Java heap is
#     placed in the first 4GB address space. The Java Heap base address is the
#     maximum limit for the native heap growth. Please use -XX:HeapBaseMinAddress
#     to set the Java Heap base and to place the Java Heap above 4GB virtual address.
# This output file may be truncated or incomplete.
#
#  Out of Memory Error (./src/hotspot/share/memory/arena.cpp:197), pid=23168, tid=20012
#
# JRE version: OpenJDK Runtime Environment (11.0.13) (build 11.0.13+0-b1751.21-8125866)
# Java VM: OpenJDK 64-Bit Server VM (11.0.13+0-b1751.21-8125866, mixed mode, tiered, compressed oops, g1 gc, windows-amd64)
# No core dump will be written. Minidumps are not enabled by default on client versions of Windows
#

---------------  S U M M A R Y ------------

Command Line: --add-opens=java.base/java.util=ALL-UNNAMED --add-opens=java.base/java.lang=ALL-UNNAMED --add-opens=java.base/java.lang.invoke=ALL-UNNAMED --add-opens=java.base/java.util=ALL-UNNAMED --add-opens=java.prefs/java.util.prefs=ALL-UNNAMED --add-opens=java.prefs/java.util.prefs=ALL-UNNAMED --add-opens=java.base/java.nio.charset=ALL-UNNAMED --add-opens=java.base/java.net=ALL-UNNAMED --add-opens=java.base/java.util.concurrent.atomic=ALL-UNNAMED -Xmx2048m -Dfile.encoding=UTF-8 -Duser.country=ES -Duser.language=es -Duser.variant org.gradle.launcher.daemon.bootstrap.GradleDaemon 7.4

Host: 11th Gen Intel(R) Core(TM) i7-1165G7 @ 2.80GHz, 8 cores, 15G,  Windows 11 , 64 bit Build 22000 (10.0.22000.1219)
Time: Wed Dec  7 20:55:28 2022 Hora est. Pacífico, Sudamérica elapsed time: 6.079366 seconds (0d 0h 0m 6s)

---------------  T H R E A D  ---------------

Current thread (0x000001c300ad5800):  JavaThread "C2 CompilerThread2" daemon [_thread_in_native, id=20012, stack(0x0000009d9c000000,0x0000009d9c100000)]


Current CompileTask:
C2:   6079 5377       4       org.objectweb.asm.Frame::execute (2318 bytes)

Stack: [0x0000009d9c000000,0x0000009d9c100000]
Native frames: (J=compiled Java code, j=interpreted, Vv=VM code, C=native code)
V  [jvm.dll+0x6100fa]
V  [jvm.dll+0x747090]
V  [jvm.dll+0x7486ad]
V  [jvm.dll+0x748d83]
V  [jvm.dll+0x24ab48]
V  [jvm.dll+0xc04dc]
V  [jvm.dll+0xc0a0c]
V  [jvm.dll+0x2bfab4]
V  [jvm.dll+0x524238]
V  [jvm.dll+0x20b193]
V  [jvm.dll+0x204ca0]
V  [jvm.dll+0x2023c2]
V  [jvm.dll+0x188e01]
V  [jvm.dll+0x21106b]
V  [jvm.dll+0x20f8c1]
V  [jvm.dll+0x70de0f]
V  [jvm.dll+0x706a75]
V  [jvm.dll+0x60ed66]
C  [ucrtbase.dll+0x26c0c]
C  [KERNEL32.DLL+0x15550]
C  [ntdll.dll+0x485b]


---------------  P R O C E S S  ---------------

Threads class SMR info:
_java_thread_list=0x000001c303adde30, length=123, elements={
0x000001c361f50000, 0x000001c37cc65800, 0x000001c37cc68000, 0x000001c37ccc9800,
0x000001c37ccca800, 0x000001c37cccb800, 0x000001c37ccd7800, 0x000001c37ccde800,
0x000001c37cce2800, 0x000001c37ce3d800, 0x000001c37f9b4800, 0x000001c37cf51000,
0x000001c37e0b1800, 0x000001c37f1c7800, 0x000001c37f0a4000, 0x000001c37f065800,
0x000001c37f260800, 0x000001c30025e000, 0x000001c37ef53800, 0x000001c37efc4800,
0x000001c37f01e800, 0x000001c37f74d800, 0x000001c37f749800, 0x000001c37f74c800,
0x000001c37f74a000, 0x000001c37f74b000, 0x000001c37f750000, 0x000001c37f74e000,
0x000001c37f74c000, 0x000001c37f74f000, 0x000001c37f353800, 0x000001c300ad5800,
0x000001c37f354800, 0x000001c37f350000, 0x000001c37f352800, 0x000001c37f355000,
0x000001c37f34f800, 0x000001c37f356000, 0x000001c37f351000, 0x000001c37f356800,
0x000001c37f357800, 0x000001c37f352000, 0x000001c37f359000, 0x000001c37f358800,
0x000001c37f35a000, 0x000001c37f35b000, 0x000001c37f35d800, 0x000001c37f35b800,
0x000001c37f35c800, 0x000001c37f44e800, 0x000001c37f451800, 0x000001c37f454000,
0x000001c37f450000, 0x000001c37f450800, 0x000001c37f455000, 0x000001c37f452800,
0x000001c37f44f000, 0x000001c37f456800, 0x000001c37f455800, 0x000001c37f458000,
0x000001c37f457800, 0x000001c37f459000, 0x000001c37f453000, 0x000001c37f45c000,
0x000001c37f459800, 0x000001c37f45d000, 0x000001c37f45a800, 0x000001c37f45b800,
0x000001c37cdfa800, 0x000001c37cdf8000, 0x000001c37cdf7000, 0x000001c37cdf9800,
0x000001c37cdfb000, 0x000001c37cdf6800, 0x000001c37cdf5800, 0x000001c37cdfc000,
0x000001c37cdfd800, 0x000001c37cdf8800, 0x000001c37cdff000, 0x000001c37cdfe800,
0x000001c37ce00000, 0x000001c37ce01000, 0x000001c37cdfd000, 0x000001c37ce03800,
0x000001c37ce01800, 0x000001c37ce02800, 0x000001c37ce04000, 0x000001c300958800,
0x000001c300957800, 0x000001c30095c800, 0x000001c30095e000, 0x000001c30095c000,
0x000001c30095f000, 0x000001c30095a000, 0x000001c300959800, 0x000001c300960000,
0x000001c30095d800, 0x000001c30095b000, 0x000001c300960800, 0x000001c300963000,
0x000001c300964000, 0x000001c300961800, 0x000001c300965800, 0x000001c300964800,
0x000001c300966800, 0x000001c300962800, 0x000001c37f547800, 0x000001c37f545000,
0x000001c37f542000, 0x000001c37f544800, 0x000001c37f547000, 0x000001c37f548800,
0x000001c37f543000, 0x000001c37f549800, 0x000001c37f543800, 0x000001c37f54a000,
0x000001c37f546000, 0x000001c37f54f000, 0x000001c37f54c800, 0x000001c37f550000,
0x000001c37f550800, 0x000001c37f54b000, 0x000001c37f54c000
}

Java Threads: ( => current thread )
  0x000001c361f50000 JavaThread "main" [_thread_blocked, id=9816, stack(0x0000009d99200000,0x0000009d99300000)]
  0x000001c37cc65800 JavaThread "Reference Handler" daemon [_thread_blocked, id=20000, stack(0x0000009d99900000,0x0000009d99a00000)]
  0x000001c37cc68000 JavaThread "Finalizer" daemon [_thread_blocked, id=12240, stack(0x0000009d99a00000,0x0000009d99b00000)]
  0x000001c37ccc9800 JavaThread "Signal Dispatcher" daemon [_thread_blocked, id=3260, stack(0x0000009d99b00000,0x0000009d99c00000)]
  0x000001c37ccca800 JavaThread "Attach Listener" daemon [_thread_blocked, id=15860, stack(0x0000009d99c00000,0x0000009d99d00000)]
  0x000001c37cccb800 JavaThread "Service Thread" daemon [_thread_blocked, id=4740, stack(0x0000009d99d00000,0x0000009d99e00000)]
  0x000001c37ccd7800 JavaThread "C2 CompilerThread0" daemon [_thread_blocked, id=16132, stack(0x0000009d99e00000,0x0000009d99f00000)]
  0x000001c37ccde800 JavaThread "C1 CompilerThread0" daemon [_thread_blocked, id=10196, stack(0x0000009d99f00000,0x0000009d9a000000)]
  0x000001c37cce2800 JavaThread "Sweeper thread" daemon [_thread_blocked, id=22156, stack(0x0000009d9a000000,0x0000009d9a100000)]
  0x000001c37ce3d800 JavaThread "Common-Cleaner" daemon [_thread_blocked, id=17764, stack(0x0000009d9a100000,0x0000009d9a200000)]
  0x000001c37f9b4800 JavaThread "Daemon health stats" [_thread_blocked, id=23468, stack(0x0000009d9aa00000,0x0000009d9ab00000)]
  0x000001c37cf51000 JavaThread "Incoming local TCP Connector on port 55920" [_thread_in_native, id=17192, stack(0x0000009d9a300000,0x0000009d9a400000)]
  0x000001c37e0b1800 JavaThread "Daemon periodic checks" [_thread_blocked, id=18960, stack(0x0000009d9a900000,0x0000009d9aa00000)]
  0x000001c37f1c7800 JavaThread "Daemon" [_thread_blocked, id=8036, stack(0x0000009d9ab00000,0x0000009d9ac00000)]
  0x000001c37f0a4000 JavaThread "Handler for socket connection from /127.0.0.1:55920 to /127.0.0.1:55921" [_thread_in_native, id=15212, stack(0x0000009d9ac00000,0x0000009d9ad00000)]
  0x000001c37f065800 JavaThread "Cancel handler" [_thread_blocked, id=22268, stack(0x0000009d9ad00000,0x0000009d9ae00000)]
  0x000001c37f260800 JavaThread "Daemon worker" [_thread_in_vm, id=20528, stack(0x0000009d9ae00000,0x0000009d9af00000)]
  0x000001c30025e000 JavaThread "Asynchronous log dispatcher for DefaultDaemonConnection: socket connection from /127.0.0.1:55920 to /127.0.0.1:55921" [_thread_blocked, id=11448, stack(0x0000009d9af00000,0x0000009d9b000000)]
  0x000001c37ef53800 JavaThread "Stdin handler" [_thread_blocked, id=12232, stack(0x0000009d9b000000,0x0000009d9b100000)]
  0x000001c37efc4800 JavaThread "Daemon client event forwarder" [_thread_blocked, id=22204, stack(0x0000009d9b100000,0x0000009d9b200000)]
  0x000001c37f01e800 JavaThread "C2 CompilerThread1" daemon [_thread_blocked, id=4936, stack(0x0000009d9b200000,0x0000009d9b300000)]
  0x000001c37f74d800 JavaThread "Cache worker for journal cache (C:\Users\jossa\.gradle\caches\journal-1)" [_thread_blocked, id=15072, stack(0x0000009d9b300000,0x0000009d9b400000)]
  0x000001c37f749800 JavaThread "File lock request listener" [_thread_in_native, id=18360, stack(0x0000009d9b400000,0x0000009d9b500000)]
  0x000001c37f74c800 JavaThread "Cache worker for file hash cache (C:\Users\jossa\.gradle\caches\7.4\fileHashes)" [_thread_blocked, id=18904, stack(0x0000009d9b500000,0x0000009d9b600000)]
  0x000001c37f74a000 JavaThread "File watcher server" daemon [_thread_in_native, id=22556, stack(0x0000009d9b900000,0x0000009d9ba00000)]
  0x000001c37f74b000 JavaThread "File watcher consumer" daemon [_thread_blocked, id=11156, stack(0x0000009d9ba00000,0x0000009d9bb00000)]
  0x000001c37f750000 JavaThread "Cache worker for checksums cache (D:\Alberth\IDAT\Desarrollo de Aplicaciones Moviles II\semana 11\AppMiyamovil\.gradle\7.4\checksums)" [_thread_blocked, id=17420, stack(0x0000009d9bb00000,0x0000009d9bc00000)]
  0x000001c37f74e000 JavaThread "Cache worker for cache directory md-rule (C:\Users\jossa\.gradle\caches\7.4\md-rule)" [_thread_blocked, id=4792, stack(0x0000009d9bc00000,0x0000009d9bd00000)]
  0x000001c37f74c000 JavaThread "Cache worker for file hash cache (D:\Alberth\IDAT\Desarrollo de Aplicaciones Moviles II\semana 11\AppMiyamovil\.gradle\7.4\fileHashes)" [_thread_blocked, id=10728, stack(0x0000009d9bd00000,0x0000009d9be00000)]
  0x000001c37f74f000 JavaThread "Cache worker for cache directory md-supplier (C:\Users\jossa\.gradle\caches\7.4\md-supplier)" [_thread_blocked, id=15948, stack(0x0000009d9be00000,0x0000009d9bf00000)]
  0x000001c37f353800 JavaThread "Cache worker for execution history cache (C:\Users\jossa\.gradle\caches\7.4\executionHistory)" [_thread_blocked, id=13680, stack(0x0000009d9bf00000,0x0000009d9c000000)]
=>0x000001c300ad5800 JavaThread "C2 CompilerThread2" daemon [_thread_in_native, id=20012, stack(0x0000009d9c000000,0x0000009d9c100000)]
  0x000001c37f354800 JavaThread "jar transforms" [_thread_blocked, id=17456, stack(0x0000009d9c100000,0x0000009d9c200000)]
  0x000001c37f350000 JavaThread "Cache worker for file content cache (C:\Users\jossa\.gradle\caches\7.4\fileContent)" [_thread_blocked, id=16708, stack(0x0000009d9c200000,0x0000009d9c300000)]
  0x000001c37f352800 JavaThread "jar transforms Thread 2" [_thread_blocked, id=13980, stack(0x0000009d9c300000,0x0000009d9c400000)]
  0x000001c37f355000 JavaThread "Cache worker for dependencies-accessors (D:\Alberth\IDAT\Desarrollo de Aplicaciones Moviles II\semana 11\AppMiyamovil\.gradle\7.4\dependencies-accessors)" [_thread_blocked, id=19756, stack(0x0000009d9c400000,0x0000009d9c500000)]
  0x000001c37f34f800 JavaThread "jar transforms Thread 3" [_thread_blocked, id=18860, stack(0x0000009d9c500000,0x0000009d9c600000)]
  0x000001c37f356000 JavaThread "Cache worker for Build Output Cleanup Cache (D:\Alberth\IDAT\Desarrollo de Aplicaciones Moviles II\semana 11\AppMiyamovil\.gradle\buildOutputCleanup)" [_thread_blocked, id=2296, stack(0x0000009d9c600000,0x0000009d9c700000)]
  0x000001c37f351000 JavaThread "Unconstrained build operations" [_thread_blocked, id=11816, stack(0x0000009d9c700000,0x0000009d9c800000)]
  0x000001c37f356800 JavaThread "Unconstrained build operations Thread 2" [_thread_blocked, id=15368, stack(0x0000009d9c800000,0x0000009d9c900000)]
  0x000001c37f357800 JavaThread "Unconstrained build operations Thread 3" [_thread_blocked, id=4512, stack(0x0000009d9c900000,0x0000009d9ca00000)]
  0x000001c37f352000 JavaThread "Unconstrained build operations Thread 4" [_thread_blocked, id=13152, stack(0x0000009d9ca00000,0x0000009d9cb00000)]
  0x000001c37f359000 JavaThread "Unconstrained build operations Thread 5" [_thread_blocked, id=11356, stack(0x0000009d9cb00000,0x0000009d9cc00000)]
  0x000001c37f358800 JavaThread "Unconstrained build operations Thread 6" [_thread_blocked, id=17920, stack(0x0000009d9cc00000,0x0000009d9cd00000)]
  0x000001c37f35a000 JavaThread "Unconstrained build operations Thread 7" [_thread_blocked, id=15612, stack(0x0000009d9cd00000,0x0000009d9ce00000)]
  0x000001c37f35b000 JavaThread "Unconstrained build operations Thread 8" [_thread_blocked, id=4456, stack(0x0000009d9ce00000,0x0000009d9cf00000)]
  0x000001c37f35d800 JavaThread "Unconstrained build operations Thread 9" [_thread_blocked, id=10868, stack(0x0000009d9cf00000,0x0000009d9d000000)]
  0x000001c37f35b800 JavaThread "Unconstrained build operations Thread 10" [_thread_blocked, id=18012, stack(0x0000009d9d000000,0x0000009d9d100000)]
  0x000001c37f35c800 JavaThread "Unconstrained build operations Thread 11" [_thread_blocked, id=7588, stack(0x0000009d9d100000,0x0000009d9d200000)]
  0x000001c37f44e800 JavaThread "Unconstrained build operations Thread 12" [_thread_blocked, id=21604, stack(0x0000009d9d200000,0x0000009d9d300000)]
  0x000001c37f451800 JavaThread "Unconstrained build operations Thread 13" [_thread_blocked, id=21932, stack(0x0000009d9d300000,0x0000009d9d400000)]
  0x000001c37f454000 JavaThread "Unconstrained build operations Thread 14" [_thread_blocked, id=108, stack(0x0000009d9d400000,0x0000009d9d500000)]
  0x000001c37f450000 JavaThread "Unconstrained build operations Thread 15" [_thread_blocked, id=244, stack(0x0000009d9d500000,0x0000009d9d600000)]
  0x000001c37f450800 JavaThread "Unconstrained build operations Thread 16" [_thread_blocked, id=21240, stack(0x0000009d9d600000,0x0000009d9d700000)]
  0x000001c37f455000 JavaThread "Unconstrained build operations Thread 17" [_thread_blocked, id=16660, stack(0x0000009d9d700000,0x0000009d9d800000)]
  0x000001c37f452800 JavaThread "Unconstrained build operations Thread 18" [_thread_blocked, id=18720, stack(0x0000009d9d800000,0x0000009d9d900000)]
  0x000001c37f44f000 JavaThread "Unconstrained build operations Thread 19" [_thread_blocked, id=4924, stack(0x0000009d9d900000,0x0000009d9da00000)]
  0x000001c37f456800 JavaThread "Unconstrained build operations Thread 20" [_thread_blocked, id=812, stack(0x0000009d9da00000,0x0000009d9db00000)]
  0x000001c37f455800 JavaThread "Unconstrained build operations Thread 21" [_thread_blocked, id=1640, stack(0x0000009d9db00000,0x0000009d9dc00000)]
  0x000001c37f458000 JavaThread "Unconstrained build operations Thread 22" [_thread_blocked, id=5544, stack(0x0000009d9dc00000,0x0000009d9dd00000)]
  0x000001c37f457800 JavaThread "Unconstrained build operations Thread 23" [_thread_blocked, id=21096, stack(0x0000009d9dd00000,0x0000009d9de00000)]
  0x000001c37f459000 JavaThread "Unconstrained build operations Thread 24" [_thread_blocked, id=18556, stack(0x0000009d9de00000,0x0000009d9df00000)]
  0x000001c37f453000 JavaThread "Unconstrained build operations Thread 25" [_thread_blocked, id=5972, stack(0x0000009d9df00000,0x0000009d9e000000)]
  0x000001c37f45c000 JavaThread "Unconstrained build operations Thread 26" [_thread_blocked, id=14624, stack(0x0000009d9e000000,0x0000009d9e100000)]
  0x000001c37f459800 JavaThread "Unconstrained build operations Thread 27" [_thread_blocked, id=22428, stack(0x0000009d9e100000,0x0000009d9e200000)]
  0x000001c37f45d000 JavaThread "Unconstrained build operations Thread 28" [_thread_blocked, id=18956, stack(0x0000009d9e200000,0x0000009d9e300000)]
  0x000001c37f45a800 JavaThread "Unconstrained build operations Thread 29" [_thread_blocked, id=15424, stack(0x0000009d9e300000,0x0000009d9e400000)]
  0x000001c37f45b800 JavaThread "Unconstrained build operations Thread 30" [_thread_blocked, id=19344, stack(0x0000009d9e400000,0x0000009d9e500000)]
  0x000001c37cdfa800 JavaThread "Unconstrained build operations Thread 31" [_thread_blocked, id=8420, stack(0x0000009d9e500000,0x0000009d9e600000)]
  0x000001c37cdf8000 JavaThread "Unconstrained build operations Thread 32" [_thread_blocked, id=15416, stack(0x0000009d9e600000,0x0000009d9e700000)]
  0x000001c37cdf7000 JavaThread "Unconstrained build operations Thread 33" [_thread_blocked, id=20428, stack(0x0000009d9e700000,0x0000009d9e800000)]
  0x000001c37cdf9800 JavaThread "Unconstrained build operations Thread 34" [_thread_blocked, id=17156, stack(0x0000009d9e800000,0x0000009d9e900000)]
  0x000001c37cdfb000 JavaThread "Unconstrained build operations Thread 35" [_thread_blocked, id=5452, stack(0x0000009d9e900000,0x0000009d9ea00000)]
  0x000001c37cdf6800 JavaThread "Unconstrained build operations Thread 36" [_thread_blocked, id=9588, stack(0x0000009d9ea00000,0x0000009d9eb00000)]
  0x000001c37cdf5800 JavaThread "Unconstrained build operations Thread 37" [_thread_blocked, id=22508, stack(0x0000009d9eb00000,0x0000009d9ec00000)]
  0x000001c37cdfc000 JavaThread "Unconstrained build operations Thread 38" [_thread_blocked, id=22604, stack(0x0000009d9ec00000,0x0000009d9ed00000)]
  0x000001c37cdfd800 JavaThread "Unconstrained build operations Thread 39" [_thread_blocked, id=23024, stack(0x0000009d9ed00000,0x0000009d9ee00000)]
  0x000001c37cdf8800 JavaThread "Unconstrained build operations Thread 40" [_thread_blocked, id=8396, stack(0x0000009d9ee00000,0x0000009d9ef00000)]
  0x000001c37cdff000 JavaThread "Unconstrained build operations Thread 41" [_thread_blocked, id=20556, stack(0x0000009d9ef00000,0x0000009d9f000000)]
  0x000001c37cdfe800 JavaThread "Unconstrained build operations Thread 42" [_thread_blocked, id=15584, stack(0x0000009d9f000000,0x0000009d9f100000)]
  0x000001c37ce00000 JavaThread "Unconstrained build operations Thread 43" [_thread_blocked, id=22724, stack(0x0000009d9f100000,0x0000009d9f200000)]
  0x000001c37ce01000 JavaThread "Unconstrained build operations Thread 44" [_thread_blocked, id=23376, stack(0x0000009d9f200000,0x0000009d9f300000)]
  0x000001c37cdfd000 JavaThread "Unconstrained build operations Thread 45" [_thread_blocked, id=18464, stack(0x0000009d9f300000,0x0000009d9f400000)]
  0x000001c37ce03800 JavaThread "Unconstrained build operations Thread 46" [_thread_blocked, id=14428, stack(0x0000009d9f400000,0x0000009d9f500000)]
  0x000001c37ce01800 JavaThread "Unconstrained build operations Thread 47" [_thread_blocked, id=19508, stack(0x0000009d9f500000,0x0000009d9f600000)]
  0x000001c37ce02800 JavaThread "Unconstrained build operations Thread 48" [_thread_blocked, id=15108, stack(0x0000009d9f600000,0x0000009d9f700000)]
  0x000001c37ce04000 JavaThread "Unconstrained build operations Thread 49" [_thread_blocked, id=8120, stack(0x0000009d9f700000,0x0000009d9f800000)]
  0x000001c300958800 JavaThread "Unconstrained build operations Thread 50" [_thread_blocked, id=20060, stack(0x0000009d9f800000,0x0000009d9f900000)]
  0x000001c300957800 JavaThread "Unconstrained build operations Thread 51" [_thread_blocked, id=1404, stack(0x0000009d9f900000,0x0000009d9fa00000)]
  0x000001c30095c800 JavaThread "Unconstrained build operations Thread 52" [_thread_blocked, id=18428, stack(0x0000009d9fa00000,0x0000009d9fb00000)]
  0x000001c30095e000 JavaThread "Unconstrained build operations Thread 53" [_thread_blocked, id=3196, stack(0x0000009d9fb00000,0x0000009d9fc00000)]
  0x000001c30095c000 JavaThread "Unconstrained build operations Thread 54" [_thread_blocked, id=12716, stack(0x0000009d9fc00000,0x0000009d9fd00000)]
  0x000001c30095f000 JavaThread "Unconstrained build operations Thread 55" [_thread_blocked, id=3100, stack(0x0000009d9fd00000,0x0000009d9fe00000)]
  0x000001c30095a000 JavaThread "Unconstrained build operations Thread 56" [_thread_blocked, id=19196, stack(0x0000009d9fe00000,0x0000009d9ff00000)]
  0x000001c300959800 JavaThread "Unconstrained build operations Thread 57" [_thread_blocked, id=12792, stack(0x0000009d9ff00000,0x0000009da0000000)]
  0x000001c300960000 JavaThread "Unconstrained build operations Thread 58" [_thread_blocked, id=8688, stack(0x0000009da0000000,0x0000009da0100000)]
  0x000001c30095d800 JavaThread "Unconstrained build operations Thread 59" [_thread_blocked, id=13304, stack(0x0000009da0100000,0x0000009da0200000)]
  0x000001c30095b000 JavaThread "Unconstrained build operations Thread 60" [_thread_blocked, id=23424, stack(0x0000009da0200000,0x0000009da0300000)]
  0x000001c300960800 JavaThread "Unconstrained build operations Thread 61" [_thread_blocked, id=22968, stack(0x0000009da0300000,0x0000009da0400000)]
  0x000001c300963000 JavaThread "Unconstrained build operations Thread 62" [_thread_blocked, id=21780, stack(0x0000009da0400000,0x0000009da0500000)]
  0x000001c300964000 JavaThread "Unconstrained build operations Thread 63" [_thread_blocked, id=12172, stack(0x0000009da0500000,0x0000009da0600000)]
  0x000001c300961800 JavaThread "Unconstrained build operations Thread 64" [_thread_blocked, id=17616, stack(0x0000009da0600000,0x0000009da0700000)]
  0x000001c300965800 JavaThread "Unconstrained build operations Thread 65" [_thread_blocked, id=16940, stack(0x0000009da0700000,0x0000009da0800000)]
  0x000001c300964800 JavaThread "Unconstrained build operations Thread 66" [_thread_blocked, id=8576, stack(0x0000009da0800000,0x0000009da0900000)]
  0x000001c300966800 JavaThread "Unconstrained build operations Thread 67" [_thread_blocked, id=23036, stack(0x0000009da0900000,0x0000009da0a00000)]
  0x000001c300962800 JavaThread "Unconstrained build operations Thread 68" [_thread_blocked, id=6656, stack(0x0000009da0a00000,0x0000009da0b00000)]
  0x000001c37f547800 JavaThread "Unconstrained build operations Thread 69" [_thread_blocked, id=10040, stack(0x0000009da0b00000,0x0000009da0c00000)]
  0x000001c37f545000 JavaThread "Unconstrained build operations Thread 70" [_thread_blocked, id=19048, stack(0x0000009da0c00000,0x0000009da0d00000)]
  0x000001c37f542000 JavaThread "Unconstrained build operations Thread 71" [_thread_blocked, id=23536, stack(0x0000009da0d00000,0x0000009da0e00000)]
  0x000001c37f544800 JavaThread "Unconstrained build operations Thread 72" [_thread_blocked, id=8156, stack(0x0000009da0e00000,0x0000009da0f00000)]
  0x000001c37f547000 JavaThread "Unconstrained build operations Thread 73" [_thread_blocked, id=7112, stack(0x0000009da0f00000,0x0000009da1000000)]
  0x000001c37f548800 JavaThread "Unconstrained build operations Thread 74" [_thread_blocked, id=2028, stack(0x0000009da1000000,0x0000009da1100000)]
  0x000001c37f543000 JavaThread "Unconstrained build operations Thread 75" [_thread_blocked, id=18664, stack(0x0000009da1100000,0x0000009da1200000)]
  0x000001c37f549800 JavaThread "Unconstrained build operations Thread 76" [_thread_blocked, id=23436, stack(0x0000009da1200000,0x0000009da1300000)]
  0x000001c37f543800 JavaThread "Unconstrained build operations Thread 77" [_thread_blocked, id=16748, stack(0x0000009da1300000,0x0000009da1400000)]
  0x000001c37f54a000 JavaThread "Unconstrained build operations Thread 78" [_thread_blocked, id=16808, stack(0x0000009da1400000,0x0000009da1500000)]
  0x000001c37f546000 JavaThread "Unconstrained build operations Thread 79" [_thread_blocked, id=20748, stack(0x0000009da1500000,0x0000009da1600000)]
  0x000001c37f54f000 JavaThread "Unconstrained build operations Thread 80" [_thread_blocked, id=4836, stack(0x0000009da1600000,0x0000009da1700000)]
  0x000001c37f54c800 JavaThread "jar transforms Thread 4" [_thread_blocked, id=15680, stack(0x0000009da1700000,0x0000009da1800000)]
  0x000001c37f550000 JavaThread "jar transforms Thread 5" [_thread_blocked, id=10756, stack(0x0000009da1800000,0x0000009da1900000)]
  0x000001c37f550800 JavaThread "jar transforms Thread 6" [_thread_blocked, id=11932, stack(0x0000009da1900000,0x0000009da1a00000)]
  0x000001c37f54b000 JavaThread "jar transforms Thread 7" [_thread_blocked, id=3544, stack(0x0000009da1a00000,0x0000009da1b00000)]
  0x000001c37f54c000 JavaThread "jar transforms Thread 8" [_thread_blocked, id=4632, stack(0x0000009da1b00000,0x0000009da1c00000)]

Other Threads:
  0x000001c37c42d000 VMThread "VM Thread" [stack: 0x0000009d99800000,0x0000009d99900000] [id=8076]
  0x000001c37ce6b800 WatcherThread [stack: 0x0000009d9a200000,0x0000009d9a300000] [id=19492]
  0x000001c361f6a000 GCTaskThread "GC Thread#0" [stack: 0x0000009d99300000,0x0000009d99400000] [id=2404]
  0x000001c37e068800 GCTaskThread "GC Thread#1" [stack: 0x0000009d9a400000,0x0000009d9a500000] [id=22580]
  0x000001c37e267800 GCTaskThread "GC Thread#2" [stack: 0x0000009d9a500000,0x0000009d9a600000] [id=9768]
  0x000001c37e268800 GCTaskThread "GC Thread#3" [stack: 0x0000009d9a600000,0x0000009d9a700000] [id=9576]
  0x000001c37d90d800 GCTaskThread "GC Thread#4" [stack: 0x0000009d9a700000,0x0000009d9a800000] [id=9940]
  0x000001c37d90e000 GCTaskThread "GC Thread#5" [stack: 0x0000009d9a800000,0x0000009d9a900000] [id=2968]
  0x000001c300249000 GCTaskThread "GC Thread#6" [stack: 0x0000009d9b600000,0x0000009d9b700000] [id=16480]
  0x000001c37dd43800 GCTaskThread "GC Thread#7" [stack: 0x0000009d9b700000,0x0000009d9b800000] [id=3268]
  0x000001c361f9b000 ConcurrentGCThread "G1 Main Marker" [stack: 0x0000009d99400000,0x0000009d99500000] [id=10344]
  0x000001c361f9d000 ConcurrentGCThread "G1 Conc#0" [stack: 0x0000009d99500000,0x0000009d99600000] [id=5984]
  0x000001c37e0e5000 ConcurrentGCThread "G1 Conc#1" [stack: 0x0000009d9b800000,0x0000009d9b900000] [id=22320]
  0x000001c37c2b0800 ConcurrentGCThread "G1 Refine#0" [stack: 0x0000009d99600000,0x0000009d99700000] [id=4384]
  0x000001c37c2b3800 ConcurrentGCThread "G1 Young RemSet Sampling" [stack: 0x0000009d99700000,0x0000009d99800000] [id=16560]

Threads with active compile tasks:
C2 CompilerThread2   6103 5377       4       org.objectweb.asm.Frame::execute (2318 bytes)

VM state:not at safepoint (normal execution)

VM Mutex/Monitor currently owned by a thread: None

Heap address: 0x0000000080000000, size: 2048 MB, Compressed Oops mode: 32-bit
Narrow klass base: 0x0000000000000000, Narrow klass shift: 3
Compressed class space size: 1073741824 Address: 0x0000000100000000

Heap:
 garbage-first heap   total 260096K, used 158742K [0x0000000080000000, 0x0000000100000000)
  region size 1024K, 132 young (135168K), 13 survivors (13312K)
 Metaspace       used 51895K, capacity 53173K, committed 53456K, reserved 1099776K
  class space    used 6554K, capacity 7071K, committed 7168K, reserved 1048576K
Heap Regions: E=young(eden), S=young(survivor), O=old, HS=humongous(starts), HC=humongous(continues), CS=collection set, F=free, A=archive, TAMS=top-at-mark-start (previous, next)
|   0|0x0000000080000000, 0x0000000080100000, 0x0000000080100000|100%| O|  |TAMS 0x0000000080100000, 0x0000000080000000| Untracked 
|   1|0x0000000080100000, 0x0000000080200000, 0x0000000080200000|100%| O|  |TAMS 0x0000000080200000, 0x0000000080100000| Untracked 
|   2|0x0000000080200000, 0x0000000080300000, 0x0000000080300000|100%| O|  |TAMS 0x0000000080300000, 0x0000000080200000| Untracked 
|   3|0x0000000080300000, 0x0000000080400000, 0x0000000080400000|100%|HS|  |TAMS 0x0000000080400000, 0x0000000080300000| Complete 
|   4|0x0000000080400000, 0x0000000080500000, 0x0000000080500000|100%|HC|  |TAMS 0x0000000080500000, 0x0000000080400000| Complete 
|   5|0x0000000080500000, 0x0000000080600000, 0x0000000080600000|100%|HC|  |TAMS 0x0000000080600000, 0x0000000080500000| Complete 
|   6|0x0000000080600000, 0x0000000080700000, 0x0000000080700000|100%| O|  |TAMS 0x0000000080700000, 0x0000000080600000| Untracked 
|   7|0x0000000080700000, 0x0000000080800000, 0x0000000080800000|100%| O|  |TAMS 0x0000000080800000, 0x0000000080700000| Untracked 
|   8|0x0000000080800000, 0x0000000080900000, 0x0000000080900000|100%| O|  |TAMS 0x0000000080900000, 0x0000000080800000| Untracked 
|   9|0x0000000080900000, 0x0000000080a00000, 0x0000000080a00000|100%| O|  |TAMS 0x0000000080a00000, 0x0000000080900000| Untracked 
|  10|0x0000000080a00000, 0x0000000080b00000, 0x0000000080b00000|100%| O|  |TAMS 0x0000000080b00000, 0x0000000080a00000| Untracked 
|  11|0x0000000080b00000, 0x0000000080c00000, 0x0000000080c00000|100%| O|  |TAMS 0x0000000080c00000, 0x0000000080b00000| Untracked 
|  12|0x0000000080c00000, 0x0000000080d00000, 0x0000000080d00000|100%| O|  |TAMS 0x0000000080d00000, 0x0000000080c00000| Untracked 
|  13|0x0000000080d00000, 0x0000000080e00000, 0x0000000080e00000|100%| O|  |TAMS 0x0000000080e00000, 0x0000000080d00000| Untracked 
|  14|0x0000000080e00000, 0x0000000080f00000, 0x0000000080f00000|100%| O|  |TAMS 0x0000000080f00000, 0x0000000080e00000| Untracked 
|  15|0x0000000080f00000, 0x0000000081000000, 0x0000000081000000|100%| O|  |TAMS 0x0000000081000000, 0x0000000080f00000| Untracked 
|  16|0x0000000081000000, 0x000000008108fe00, 0x0000000081100000| 56%| O|  |TAMS 0x000000008108fe00, 0x0000000081000000| Untracked 
|  17|0x0000000081100000, 0x0000000081200000, 0x0000000081200000|100%|HS|  |TAMS 0x0000000081100000, 0x0000000081100000| Complete 
|  18|0x0000000081200000, 0x0000000081300000, 0x0000000081300000|100%|HS|  |TAMS 0x0000000081200000, 0x0000000081200000| Complete 
|  19|0x0000000081300000, 0x0000000081400000, 0x0000000081400000|100%|HS|  |TAMS 0x0000000081300000, 0x0000000081300000| Complete 
|  20|0x0000000081400000, 0x0000000081500000, 0x0000000081500000|100%|HS|  |TAMS 0x0000000081400000, 0x0000000081400000| Complete 
|  21|0x0000000081500000, 0x0000000081600000, 0x0000000081600000|100%|HC|  |TAMS 0x0000000081500000, 0x0000000081500000| Complete 
|  22|0x0000000081600000, 0x0000000081700000, 0x0000000081700000|100%|HC|  |TAMS 0x0000000081600000, 0x0000000081600000| Complete 
|  23|0x0000000081700000, 0x0000000081800000, 0x0000000081800000|100%|HS|  |TAMS 0x0000000081700000, 0x0000000081700000| Complete 
|  24|0x0000000081800000, 0x0000000081900000, 0x0000000081900000|100%|HS|  |TAMS 0x0000000081800000, 0x0000000081800000| Complete 
|  25|0x0000000081900000, 0x0000000081a00000, 0x0000000081a00000|100%|HC|  |TAMS 0x0000000081900000, 0x0000000081900000| Complete 
|  26|0x0000000081a00000, 0x0000000081a00000, 0x0000000081b00000|  0%| F|  |TAMS 0x0000000081a00000, 0x0000000081a00000| Untracked 
|  27|0x0000000081b00000, 0x0000000081b00000, 0x0000000081c00000|  0%| F|  |TAMS 0x0000000081b00000, 0x0000000081b00000| Untracked 
|  28|0x0000000081c00000, 0x0000000081c00000, 0x0000000081d00000|  0%| F|  |TAMS 0x0000000081c00000, 0x0000000081c00000| Untracked 
|  29|0x0000000081d00000, 0x0000000081d00000, 0x0000000081e00000|  0%| F|  |TAMS 0x0000000081d00000, 0x0000000081d00000| Untracked 
|  30|0x0000000081e00000, 0x0000000081e00000, 0x0000000081f00000|  0%| F|  |TAMS 0x0000000081e00000, 0x0000000081e00000| Untracked 
|  31|0x0000000081f00000, 0x0000000081f00000, 0x0000000082000000|  0%| F|  |TAMS 0x0000000081f00000, 0x0000000081f00000| Untracked 
|  32|0x0000000082000000, 0x0000000082000000, 0x0000000082100000|  0%| F|  |TAMS 0x0000000082000000, 0x0000000082000000| Untracked 
|  33|0x0000000082100000, 0x0000000082100000, 0x0000000082200000|  0%| F|  |TAMS 0x0000000082100000, 0x0000000082100000| Untracked 
|  34|0x0000000082200000, 0x0000000082200000, 0x0000000082300000|  0%| F|  |TAMS 0x0000000082200000, 0x0000000082200000| Untracked 
|  35|0x0000000082300000, 0x0000000082300000, 0x0000000082400000|  0%| F|  |TAMS 0x0000000082300000, 0x0000000082300000| Untracked 
|  36|0x0000000082400000, 0x0000000082400000, 0x0000000082500000|  0%| F|  |TAMS 0x0000000082400000, 0x0000000082400000| Untracked 
|  37|0x0000000082500000, 0x0000000082500000, 0x0000000082600000|  0%| F|  |TAMS 0x0000000082500000, 0x0000000082500000| Untracked 
|  38|0x0000000082600000, 0x0000000082600000, 0x0000000082700000|  0%| F|  |TAMS 0x0000000082600000, 0x0000000082600000| Untracked 
|  39|0x0000000082700000, 0x0000000082700000, 0x0000000082800000|  0%| F|  |TAMS 0x0000000082700000, 0x0000000082700000| Untracked 
|  40|0x0000000082800000, 0x0000000082800000, 0x0000000082900000|  0%| F|  |TAMS 0x0000000082800000, 0x0000000082800000| Untracked 
|  41|0x0000000082900000, 0x0000000082900000, 0x0000000082a00000|  0%| F|  |TAMS 0x0000000082900000, 0x0000000082900000| Untracked 
|  42|0x0000000082a00000, 0x0000000082a00000, 0x0000000082b00000|  0%| F|  |TAMS 0x0000000082a00000, 0x0000000082a00000| Untracked 
|  43|0x0000000082b00000, 0x0000000082b00000, 0x0000000082c00000|  0%| F|  |TAMS 0x0000000082b00000, 0x0000000082b00000| Untracked 
|  44|0x0000000082c00000, 0x0000000082c00000, 0x0000000082d00000|  0%| F|  |TAMS 0x0000000082c00000, 0x0000000082c00000| Untracked 
|  45|0x0000000082d00000, 0x0000000082d00000, 0x0000000082e00000|  0%| F|  |TAMS 0x0000000082d00000, 0x0000000082d00000| Untracked 
|  46|0x0000000082e00000, 0x0000000082e00000, 0x0000000082f00000|  0%| F|  |TAMS 0x0000000082e00000, 0x0000000082e00000| Untracked 
|  47|0x0000000082f00000, 0x0000000082f00000, 0x0000000083000000|  0%| F|  |TAMS 0x0000000082f00000, 0x0000000082f00000| Untracked 
|  48|0x0000000083000000, 0x0000000083000000, 0x0000000083100000|  0%| F|  |TAMS 0x0000000083000000, 0x0000000083000000| Untracked 
|  49|0x0000000083100000, 0x0000000083100000, 0x0000000083200000|  0%| F|  |TAMS 0x0000000083100000, 0x0000000083100000| Untracked 
|  50|0x0000000083200000, 0x0000000083200000, 0x0000000083300000|  0%| F|  |TAMS 0x0000000083200000, 0x0000000083200000| Untracked 
|  51|0x0000000083300000, 0x0000000083300000, 0x0000000083400000|  0%| F|  |TAMS 0x0000000083300000, 0x0000000083300000| Untracked 
|  52|0x0000000083400000, 0x0000000083400000, 0x0000000083500000|  0%| F|  |TAMS 0x0000000083400000, 0x0000000083400000| Untracked 
|  53|0x0000000083500000, 0x0000000083500000, 0x0000000083600000|  0%| F|  |TAMS 0x0000000083500000, 0x0000000083500000| Untracked 
|  54|0x0000000083600000, 0x0000000083600000, 0x0000000083700000|  0%| F|  |TAMS 0x0000000083600000, 0x0000000083600000| Untracked 
|  55|0x0000000083700000, 0x0000000083700000, 0x0000000083800000|  0%| F|  |TAMS 0x0000000083700000, 0x0000000083700000| Untracked 
|  56|0x0000000083800000, 0x0000000083800000, 0x0000000083900000|  0%| F|  |TAMS 0x0000000083800000, 0x0000000083800000| Untracked 
|  57|0x0000000083900000, 0x0000000083900000, 0x0000000083a00000|  0%| F|  |TAMS 0x0000000083900000, 0x0000000083900000| Untracked 
|  58|0x0000000083a00000, 0x0000000083a00000, 0x0000000083b00000|  0%| F|  |TAMS 0x0000000083a00000, 0x0000000083a00000| Untracked 
|  59|0x0000000083b00000, 0x0000000083b00000, 0x0000000083c00000|  0%| F|  |TAMS 0x0000000083b00000, 0x0000000083b00000| Untracked 
|  60|0x0000000083c00000, 0x0000000083c00000, 0x0000000083d00000|  0%| F|  |TAMS 0x0000000083c00000, 0x0000000083c00000| Untracked 
|  61|0x0000000083d00000, 0x0000000083d00000, 0x0000000083e00000|  0%| F|  |TAMS 0x0000000083d00000, 0x0000000083d00000| Untracked 
|  62|0x0000000083e00000, 0x0000000083e00000, 0x0000000083f00000|  0%| F|  |TAMS 0x0000000083e00000, 0x0000000083e00000| Untracked 
|  63|0x0000000083f00000, 0x0000000083f00000, 0x0000000084000000|  0%| F|  |TAMS 0x0000000083f00000, 0x0000000083f00000| Untracked 
|  64|0x0000000084000000, 0x0000000084000000, 0x0000000084100000|  0%| F|  |TAMS 0x0000000084000000, 0x0000000084000000| Untracked 
|  65|0x0000000084100000, 0x0000000084100000, 0x0000000084200000|  0%| F|  |TAMS 0x0000000084100000, 0x0000000084100000| Untracked 
|  66|0x0000000084200000, 0x0000000084200000, 0x0000000084300000|  0%| F|  |TAMS 0x0000000084200000, 0x0000000084200000| Untracked 
|  67|0x0000000084300000, 0x0000000084300000, 0x0000000084400000|  0%| F|  |TAMS 0x0000000084300000, 0x0000000084300000| Untracked 
|  68|0x0000000084400000, 0x0000000084400000, 0x0000000084500000|  0%| F|  |TAMS 0x0000000084400000, 0x0000000084400000| Untracked 
|  69|0x0000000084500000, 0x0000000084500000, 0x0000000084600000|  0%| F|  |TAMS 0x0000000084500000, 0x0000000084500000| Untracked 
|  70|0x0000000084600000, 0x0000000084600000, 0x0000000084700000|  0%| F|  |TAMS 0x0000000084600000, 0x0000000084600000| Untracked 
|  71|0x0000000084700000, 0x0000000084700000, 0x0000000084800000|  0%| F|  |TAMS 0x0000000084700000, 0x0000000084700000| Untracked 
|  72|0x0000000084800000, 0x0000000084800000, 0x0000000084900000|  0%| F|  |TAMS 0x0000000084800000, 0x0000000084800000| Untracked 
|  73|0x0000000084900000, 0x0000000084900000, 0x0000000084a00000|  0%| F|  |TAMS 0x0000000084900000, 0x0000000084900000| Untracked 
|  74|0x0000000084a00000, 0x0000000084a00000, 0x0000000084b00000|  0%| F|  |TAMS 0x0000000084a00000, 0x0000000084a00000| Untracked 
|  75|0x0000000084b00000, 0x0000000084b00000, 0x0000000084c00000|  0%| F|  |TAMS 0x0000000084b00000, 0x0000000084b00000| Untracked 
|  76|0x0000000084c00000, 0x0000000084c00000, 0x0000000084d00000|  0%| F|  |TAMS 0x0000000084c00000, 0x0000000084c00000| Untracked 
|  77|0x0000000084d00000, 0x0000000084d00000, 0x0000000084e00000|  0%| F|  |TAMS 0x0000000084d00000, 0x0000000084d00000| Untracked 
|  78|0x0000000084e00000, 0x0000000084e00000, 0x0000000084f00000|  0%| F|  |TAMS 0x0000000084e00000, 0x0000000084e00000| Untracked 
|  79|0x0000000084f00000, 0x0000000084f00000, 0x0000000085000000|  0%| F|  |TAMS 0x0000000084f00000, 0x0000000084f00000| Untracked 
|  80|0x0000000085000000, 0x0000000085000000, 0x0000000085100000|  0%| F|  |TAMS 0x0000000085000000, 0x0000000085000000| Untracked 
|  81|0x0000000085100000, 0x0000000085100000, 0x0000000085200000|  0%| F|  |TAMS 0x0000000085100000, 0x0000000085100000| Untracked 
|  82|0x0000000085200000, 0x0000000085200000, 0x0000000085300000|  0%| F|  |TAMS 0x0000000085200000, 0x0000000085200000| Untracked 
|  83|0x0000000085300000, 0x0000000085300000, 0x0000000085400000|  0%| F|  |TAMS 0x0000000085300000, 0x0000000085300000| Untracked 
|  84|0x0000000085400000, 0x0000000085400000, 0x0000000085500000|  0%| F|  |TAMS 0x0000000085400000, 0x0000000085400000| Untracked 
|  85|0x0000000085500000, 0x0000000085500000, 0x0000000085600000|  0%| F|  |TAMS 0x0000000085500000, 0x0000000085500000| Untracked 
|  86|0x0000000085600000, 0x0000000085600000, 0x0000000085700000|  0%| F|  |TAMS 0x0000000085600000, 0x0000000085600000| Untracked 
|  87|0x0000000085700000, 0x0000000085700000, 0x0000000085800000|  0%| F|  |TAMS 0x0000000085700000, 0x0000000085700000| Untracked 
|  88|0x0000000085800000, 0x0000000085800000, 0x0000000085900000|  0%| F|  |TAMS 0x0000000085800000, 0x0000000085800000| Untracked 
|  89|0x0000000085900000, 0x0000000085900000, 0x0000000085a00000|  0%| F|  |TAMS 0x0000000085900000, 0x0000000085900000| Untracked 
|  90|0x0000000085a00000, 0x0000000085a00000, 0x0000000085b00000|  0%| F|  |TAMS 0x0000000085a00000, 0x0000000085a00000| Untracked 
|  91|0x0000000085b00000, 0x0000000085b00000, 0x0000000085c00000|  0%| F|  |TAMS 0x0000000085b00000, 0x0000000085b00000| Untracked 
|  92|0x0000000085c00000, 0x0000000085c00000, 0x0000000085d00000|  0%| F|  |TAMS 0x0000000085c00000, 0x0000000085c00000| Untracked 
|  93|0x0000000085d00000, 0x0000000085d00000, 0x0000000085e00000|  0%| F|  |TAMS 0x0000000085d00000, 0x0000000085d00000| Untracked 
|  94|0x0000000085e00000, 0x0000000085e00000, 0x0000000085f00000|  0%| F|  |TAMS 0x0000000085e00000, 0x0000000085e00000| Untracked 
|  95|0x0000000085f00000, 0x0000000085f00000, 0x0000000086000000|  0%| F|  |TAMS 0x0000000085f00000, 0x0000000085f00000| Untracked 
|  96|0x0000000086000000, 0x0000000086000000, 0x0000000086100000|  0%| F|  |TAMS 0x0000000086000000, 0x0000000086000000| Untracked 
|  97|0x0000000086100000, 0x0000000086100000, 0x0000000086200000|  0%| F|  |TAMS 0x0000000086100000, 0x0000000086100000| Untracked 
|  98|0x0000000086200000, 0x0000000086200000, 0x0000000086300000|  0%| F|  |TAMS 0x0000000086200000, 0x0000000086200000| Untracked 
|  99|0x0000000086300000, 0x0000000086300000, 0x0000000086400000|  0%| F|  |TAMS 0x0000000086300000, 0x0000000086300000| Untracked 
| 100|0x0000000086400000, 0x0000000086400000, 0x0000000086500000|  0%| F|  |TAMS 0x0000000086400000, 0x0000000086400000| Untracked 
| 101|0x0000000086500000, 0x0000000086500000, 0x0000000086600000|  0%| F|  |TAMS 0x0000000086500000, 0x0000000086500000| Untracked 
| 102|0x0000000086600000, 0x0000000086600000, 0x0000000086700000|  0%| F|  |TAMS 0x0000000086600000, 0x0000000086600000| Untracked 
| 103|0x0000000086700000, 0x0000000086700000, 0x0000000086800000|  0%| F|  |TAMS 0x0000000086700000, 0x0000000086700000| Untracked 
| 104|0x0000000086800000, 0x0000000086800000, 0x0000000086900000|  0%| F|  |TAMS 0x0000000086800000, 0x0000000086800000| Untracked 
| 105|0x0000000086900000, 0x0000000086900000, 0x0000000086a00000|  0%| F|  |TAMS 0x0000000086900000, 0x0000000086900000| Untracked 
| 106|0x0000000086a00000, 0x0000000086a00000, 0x0000000086b00000|  0%| F|  |TAMS 0x0000000086a00000, 0x0000000086a00000| Untracked 
| 107|0x0000000086b00000, 0x0000000086b00000, 0x0000000086c00000|  0%| F|  |TAMS 0x0000000086b00000, 0x0000000086b00000| Untracked 
| 108|0x0000000086c00000, 0x0000000086c00000, 0x0000000086d00000|  0%| F|  |TAMS 0x0000000086c00000, 0x0000000086c00000| Untracked 
| 109|0x0000000086d00000, 0x0000000086d00000, 0x0000000086e00000|  0%| F|  |TAMS 0x0000000086d00000, 0x0000000086d00000| Untracked 
| 110|0x0000000086e00000, 0x0000000086e00000, 0x0000000086f00000|  0%| F|  |TAMS 0x0000000086e00000, 0x0000000086e00000| Untracked 
| 111|0x0000000086f00000, 0x0000000086f00000, 0x0000000087000000|  0%| F|  |TAMS 0x0000000086f00000, 0x0000000086f00000| Untracked 
| 112|0x0000000087000000, 0x0000000087000000, 0x0000000087100000|  0%| F|  |TAMS 0x0000000087000000, 0x0000000087000000| Untracked 
| 113|0x0000000087100000, 0x0000000087100000, 0x0000000087200000|  0%| F|  |TAMS 0x0000000087100000, 0x0000000087100000| Untracked 
| 114|0x0000000087200000, 0x0000000087200000, 0x0000000087300000|  0%| F|  |TAMS 0x0000000087200000, 0x0000000087200000| Untracked 
| 115|0x0000000087300000, 0x0000000087300000, 0x0000000087400000|  0%| F|  |TAMS 0x0000000087300000, 0x0000000087300000| Untracked 
| 116|0x0000000087400000, 0x0000000087400000, 0x0000000087500000|  0%| F|  |TAMS 0x0000000087400000, 0x0000000087400000| Untracked 
| 117|0x0000000087500000, 0x0000000087500000, 0x0000000087600000|  0%| F|  |TAMS 0x0000000087500000, 0x0000000087500000| Untracked 
| 118|0x0000000087600000, 0x0000000087600000, 0x0000000087700000|  0%| F|  |TAMS 0x0000000087600000, 0x0000000087600000| Untracked 
| 119|0x0000000087700000, 0x0000000087700000, 0x0000000087800000|  0%| F|  |TAMS 0x0000000087700000, 0x0000000087700000| Untracked 
| 120|0x0000000087800000, 0x0000000087800000, 0x0000000087900000|  0%| F|  |TAMS 0x0000000087800000, 0x0000000087800000| Untracked 
| 121|0x0000000087900000, 0x0000000087900000, 0x0000000087a00000|  0%| F|  |TAMS 0x0000000087900000, 0x0000000087900000| Untracked 
| 122|0x0000000087a00000, 0x0000000087b00000, 0x0000000087b00000|100%| E|  |TAMS 0x0000000087a00000, 0x0000000087a00000| Complete 
| 123|0x0000000087b00000, 0x0000000087b75d58, 0x0000000087c00000| 46%| S|CS|TAMS 0x0000000087b00000, 0x0000000087b00000| Complete 
| 124|0x0000000087c00000, 0x0000000087d00000, 0x0000000087d00000|100%| S|CS|TAMS 0x0000000087c00000, 0x0000000087c00000| Complete 
| 125|0x0000000087d00000, 0x0000000087e00000, 0x0000000087e00000|100%| S|CS|TAMS 0x0000000087d00000, 0x0000000087d00000| Complete 
| 126|0x0000000087e00000, 0x0000000087f00000, 0x0000000087f00000|100%| S|CS|TAMS 0x0000000087e00000, 0x0000000087e00000| Complete 
| 127|0x0000000087f00000, 0x0000000088000000, 0x0000000088000000|100%| S|CS|TAMS 0x0000000087f00000, 0x0000000087f00000| Complete 
| 128|0x0000000088000000, 0x0000000088100000, 0x0000000088100000|100%| S|CS|TAMS 0x0000000088000000, 0x0000000088000000| Complete 
| 129|0x0000000088100000, 0x0000000088200000, 0x0000000088200000|100%| S|CS|TAMS 0x0000000088100000, 0x0000000088100000| Complete 
| 130|0x0000000088200000, 0x0000000088300000, 0x0000000088300000|100%| S|CS|TAMS 0x0000000088200000, 0x0000000088200000| Complete 
| 131|0x0000000088300000, 0x0000000088400000, 0x0000000088400000|100%| S|CS|TAMS 0x0000000088300000, 0x0000000088300000| Complete 
| 132|0x0000000088400000, 0x0000000088500000, 0x0000000088500000|100%| S|CS|TAMS 0x0000000088400000, 0x0000000088400000| Complete 
| 133|0x0000000088500000, 0x0000000088600000, 0x0000000088600000|100%| S|CS|TAMS 0x0000000088500000, 0x0000000088500000| Complete 
| 134|0x0000000088600000, 0x0000000088700000, 0x0000000088700000|100%| S|CS|TAMS 0x0000000088600000, 0x0000000088600000| Complete 
| 135|0x0000000088700000, 0x0000000088800000, 0x0000000088800000|100%| S|CS|TAMS 0x0000000088700000, 0x0000000088700000| Complete 
| 136|0x0000000088800000, 0x0000000088900000, 0x0000000088900000|100%| E|CS|TAMS 0x0000000088800000, 0x0000000088800000| Complete 
| 137|0x0000000088900000, 0x0000000088a00000, 0x0000000088a00000|100%| E|CS|TAMS 0x0000000088900000, 0x0000000088900000| Complete 
| 138|0x0000000088a00000, 0x0000000088b00000, 0x0000000088b00000|100%| E|CS|TAMS 0x0000000088a00000, 0x0000000088a00000| Complete 
| 139|0x0000000088b00000, 0x0000000088c00000, 0x0000000088c00000|100%| E|CS|TAMS 0x0000000088b00000, 0x0000000088b00000| Complete 
| 140|0x0000000088c00000, 0x0000000088d00000, 0x0000000088d00000|100%| E|CS|TAMS 0x0000000088c00000, 0x0000000088c00000| Complete 
| 141|0x0000000088d00000, 0x0000000088e00000, 0x0000000088e00000|100%| E|CS|TAMS 0x0000000088d00000, 0x0000000088d00000| Complete 
| 142|0x0000000088e00000, 0x0000000088f00000, 0x0000000088f00000|100%| E|CS|TAMS 0x0000000088e00000, 0x0000000088e00000| Complete 
| 143|0x0000000088f00000, 0x0000000089000000, 0x0000000089000000|100%| E|CS|TAMS 0x0000000088f00000, 0x0000000088f00000| Complete 
| 144|0x0000000089000000, 0x0000000089100000, 0x0000000089100000|100%| E|CS|TAMS 0x0000000089000000, 0x0000000089000000| Complete 
| 145|0x0000000089100000, 0x0000000089200000, 0x0000000089200000|100%| E|CS|TAMS 0x0000000089100000, 0x0000000089100000| Complete 
| 146|0x0000000089200000, 0x0000000089300000, 0x0000000089300000|100%| E|CS|TAMS 0x0000000089200000, 0x0000000089200000| Complete 
| 147|0x0000000089300000, 0x0000000089400000, 0x0000000089400000|100%| E|CS|TAMS 0x0000000089300000, 0x0000000089300000| Complete 
| 148|0x0000000089400000, 0x0000000089500000, 0x0000000089500000|100%| E|CS|TAMS 0x0000000089400000, 0x0000000089400000| Complete 
| 149|0x0000000089500000, 0x0000000089600000, 0x0000000089600000|100%| E|CS|TAMS 0x0000000089500000, 0x0000000089500000| Complete 
| 150|0x0000000089600000, 0x0000000089700000, 0x0000000089700000|100%| E|CS|TAMS 0x0000000089600000, 0x0000000089600000| Complete 
| 151|0x0000000089700000, 0x0000000089800000, 0x0000000089800000|100%| E|CS|TAMS 0x0000000089700000, 0x0000000089700000| Complete 
| 152|0x0000000089800000, 0x0000000089900000, 0x0000000089900000|100%| E|CS|TAMS 0x0000000089800000, 0x0000000089800000| Complete 
| 153|0x0000000089900000, 0x0000000089a00000, 0x0000000089a00000|100%| E|CS|TAMS 0x0000000089900000, 0x0000000089900000| Complete 
| 154|0x0000000089a00000, 0x0000000089b00000, 0x0000000089b00000|100%| E|CS|TAMS 0x0000000089a00000, 0x0000000089a00000| Complete 
| 155|0x0000000089b00000, 0x0000000089c00000, 0x0000000089c00000|100%| E|CS|TAMS 0x0000000089b00000, 0x0000000089b00000| Complete 
| 156|0x0000000089c00000, 0x0000000089d00000, 0x0000000089d00000|100%| E|CS|TAMS 0x0000000089c00000, 0x0000000089c00000| Complete 
| 157|0x0000000089d00000, 0x0000000089e00000, 0x0000000089e00000|100%| E|CS|TAMS 0x0000000089d00000, 0x0000000089d00000| Complete 
| 158|0x0000000089e00000, 0x0000000089f00000, 0x0000000089f00000|100%| E|CS|TAMS 0x0000000089e00000, 0x0000000089e00000| Complete 
| 159|0x0000000089f00000, 0x000000008a000000, 0x000000008a000000|100%| E|CS|TAMS 0x0000000089f00000, 0x0000000089f00000| Complete 
| 160|0x000000008a000000, 0x000000008a100000, 0x000000008a100000|100%| E|CS|TAMS 0x000000008a000000, 0x000000008a000000| Complete 
| 161|0x000000008a100000, 0x000000008a200000, 0x000000008a200000|100%| E|CS|TAMS 0x000000008a100000, 0x000000008a100000| Complete 
| 162|0x000000008a200000, 0x000000008a300000, 0x000000008a300000|100%| E|CS|TAMS 0x000000008a200000, 0x000000008a200000| Complete 
| 163|0x000000008a300000, 0x000000008a400000, 0x000000008a400000|100%| E|CS|TAMS 0x000000008a300000, 0x000000008a300000| Complete 
| 164|0x000000008a400000, 0x000000008a500000, 0x000000008a500000|100%| E|  |TAMS 0x000000008a400000, 0x000000008a400000| Complete 
| 165|0x000000008a500000, 0x000000008a600000, 0x000000008a600000|100%| E|CS|TAMS 0x000000008a500000, 0x000000008a500000| Complete 
| 166|0x000000008a600000, 0x000000008a700000, 0x000000008a700000|100%| E|CS|TAMS 0x000000008a600000, 0x000000008a600000| Complete 
| 167|0x000000008a700000, 0x000000008a800000, 0x000000008a800000|100%| E|CS|TAMS 0x000000008a700000, 0x000000008a700000| Complete 
| 168|0x000000008a800000, 0x000000008a900000, 0x000000008a900000|100%| E|CS|TAMS 0x000000008a800000, 0x000000008a800000| Complete 
| 169|0x000000008a900000, 0x000000008aa00000, 0x000000008aa00000|100%| E|CS|TAMS 0x000000008a900000, 0x000000008a900000| Complete 
| 170|0x000000008aa00000, 0x000000008ab00000, 0x000000008ab00000|100%| E|CS|TAMS 0x000000008aa00000, 0x000000008aa00000| Complete 
| 171|0x000000008ab00000, 0x000000008ac00000, 0x000000008ac00000|100%| E|CS|TAMS 0x000000008ab00000, 0x000000008ab00000| Complete 
| 172|0x000000008ac00000, 0x000000008ad00000, 0x000000008ad00000|100%| E|CS|TAMS 0x000000008ac00000, 0x000000008ac00000| Complete 
| 173|0x000000008ad00000, 0x000000008ae00000, 0x000000008ae00000|100%| E|CS|TAMS 0x000000008ad00000, 0x000000008ad00000| Complete 
| 174|0x000000008ae00000, 0x000000008af00000, 0x000000008af00000|100%| E|CS|TAMS 0x000000008ae00000, 0x000000008ae00000| Complete 
| 175|0x000000008af00000, 0x000000008b000000, 0x000000008b000000|100%| E|CS|TAMS 0x000000008af00000, 0x000000008af00000| Complete 
| 176|0x000000008b000000, 0x000000008b100000, 0x000000008b100000|100%| E|CS|TAMS 0x000000008b000000, 0x000000008b000000| Complete 
| 177|0x000000008b100000, 0x000000008b200000, 0x000000008b200000|100%| E|CS|TAMS 0x000000008b100000, 0x000000008b100000| Complete 
| 178|0x000000008b200000, 0x000000008b300000, 0x000000008b300000|100%| E|CS|TAMS 0x000000008b200000, 0x000000008b200000| Complete 
| 179|0x000000008b300000, 0x000000008b400000, 0x000000008b400000|100%| E|CS|TAMS 0x000000008b300000, 0x000000008b300000| Complete 
| 180|0x000000008b400000, 0x000000008b500000, 0x000000008b500000|100%| E|CS|TAMS 0x000000008b400000, 0x000000008b400000| Complete 
| 181|0x000000008b500000, 0x000000008b600000, 0x000000008b600000|100%| E|CS|TAMS 0x000000008b500000, 0x000000008b500000| Complete 
| 182|0x000000008b600000, 0x000000008b700000, 0x000000008b700000|100%| E|CS|TAMS 0x000000008b600000, 0x000000008b600000| Complete 
| 183|0x000000008b700000, 0x000000008b800000, 0x000000008b800000|100%| E|CS|TAMS 0x000000008b700000, 0x000000008b700000| Complete 
| 184|0x000000008b800000, 0x000000008b900000, 0x000000008b900000|100%| E|CS|TAMS 0x000000008b800000, 0x000000008b800000| Complete 
| 185|0x000000008b900000, 0x000000008ba00000, 0x000000008ba00000|100%| E|CS|TAMS 0x000000008b900000, 0x000000008b900000| Complete 
| 186|0x000000008ba00000, 0x000000008bb00000, 0x000000008bb00000|100%| E|CS|TAMS 0x000000008ba00000, 0x000000008ba00000| Complete 
| 187|0x000000008bb00000, 0x000000008bc00000, 0x000000008bc00000|100%| E|CS|TAMS 0x000000008bb00000, 0x000000008bb00000| Complete 
| 188|0x000000008bc00000, 0x000000008bd00000, 0x000000008bd00000|100%| E|CS|TAMS 0x000000008bc00000, 0x000000008bc00000| Complete 
| 189|0x000000008bd00000, 0x000000008be00000, 0x000000008be00000|100%| E|CS|TAMS 0x000000008bd00000, 0x000000008bd00000| Complete 
| 190|0x000000008be00000, 0x000000008bf00000, 0x000000008bf00000|100%| E|CS|TAMS 0x000000008be00000, 0x000000008be00000| Complete 
| 191|0x000000008bf00000, 0x000000008c000000, 0x000000008c000000|100%| E|CS|TAMS 0x000000008bf00000, 0x000000008bf00000| Complete 
| 192|0x000000008c000000, 0x000000008c100000, 0x000000008c100000|100%| E|CS|TAMS 0x000000008c000000, 0x000000008c000000| Complete 
| 193|0x000000008c100000, 0x000000008c200000, 0x000000008c200000|100%| E|CS|TAMS 0x000000008c100000, 0x000000008c100000| Complete 
| 194|0x000000008c200000, 0x000000008c300000, 0x000000008c300000|100%| E|CS|TAMS 0x000000008c200000, 0x000000008c200000| Complete 
| 195|0x000000008c300000, 0x000000008c400000, 0x000000008c400000|100%| E|CS|TAMS 0x000000008c300000, 0x000000008c300000| Complete 
| 196|0x000000008c400000, 0x000000008c500000, 0x000000008c500000|100%| E|CS|TAMS 0x000000008c400000, 0x000000008c400000| Complete 
| 197|0x000000008c500000, 0x000000008c600000, 0x000000008c600000|100%| E|CS|TAMS 0x000000008c500000, 0x000000008c500000| Complete 
| 198|0x000000008c600000, 0x000000008c700000, 0x000000008c700000|100%| E|CS|TAMS 0x000000008c600000, 0x000000008c600000| Complete 
| 199|0x000000008c700000, 0x000000008c800000, 0x000000008c800000|100%| E|CS|TAMS 0x000000008c700000, 0x000000008c700000| Complete 
| 200|0x000000008c800000, 0x000000008c900000, 0x000000008c900000|100%| E|CS|TAMS 0x000000008c800000, 0x000000008c800000| Complete 
| 201|0x000000008c900000, 0x000000008ca00000, 0x000000008ca00000|100%| E|CS|TAMS 0x000000008c900000, 0x000000008c900000| Complete 
| 202|0x000000008ca00000, 0x000000008cb00000, 0x000000008cb00000|100%| E|CS|TAMS 0x000000008ca00000, 0x000000008ca00000| Complete 
| 203|0x000000008cb00000, 0x000000008cc00000, 0x000000008cc00000|100%| E|CS|TAMS 0x000000008cb00000, 0x000000008cb00000| Complete 
| 204|0x000000008cc00000, 0x000000008cd00000, 0x000000008cd00000|100%| E|CS|TAMS 0x000000008cc00000, 0x000000008cc00000| Complete 
| 205|0x000000008cd00000, 0x000000008ce00000, 0x000000008ce00000|100%| E|CS|TAMS 0x000000008cd00000, 0x000000008cd00000| Complete 
| 206|0x000000008ce00000, 0x000000008cf00000, 0x000000008cf00000|100%| E|CS|TAMS 0x000000008ce00000, 0x000000008ce00000| Complete 
| 207|0x000000008cf00000, 0x000000008d000000, 0x000000008d000000|100%| E|CS|TAMS 0x000000008cf00000, 0x000000008cf00000| Complete 
| 208|0x000000008d000000, 0x000000008d100000, 0x000000008d100000|100%| E|CS|TAMS 0x000000008d000000, 0x000000008d000000| Complete 
| 209|0x000000008d100000, 0x000000008d200000, 0x000000008d200000|100%| E|CS|TAMS 0x000000008d100000, 0x000000008d100000| Complete 
| 210|0x000000008d200000, 0x000000008d300000, 0x000000008d300000|100%| E|CS|TAMS 0x000000008d200000, 0x000000008d200000| Complete 
| 211|0x000000008d300000, 0x000000008d400000, 0x000000008d400000|100%| E|CS|TAMS 0x000000008d300000, 0x000000008d300000| Complete 
| 212|0x000000008d400000, 0x000000008d500000, 0x000000008d500000|100%| E|CS|TAMS 0x000000008d400000, 0x000000008d400000| Complete 
| 213|0x000000008d500000, 0x000000008d600000, 0x000000008d600000|100%| E|CS|TAMS 0x000000008d500000, 0x000000008d500000| Complete 
| 214|0x000000008d600000, 0x000000008d700000, 0x000000008d700000|100%| E|CS|TAMS 0x000000008d600000, 0x000000008d600000| Complete 
| 215|0x000000008d700000, 0x000000008d800000, 0x000000008d800000|100%| E|CS|TAMS 0x000000008d700000, 0x000000008d700000| Complete 
| 216|0x000000008d800000, 0x000000008d900000, 0x000000008d900000|100%| E|CS|TAMS 0x000000008d800000, 0x000000008d800000| Complete 
| 217|0x000000008d900000, 0x000000008da00000, 0x000000008da00000|100%| E|CS|TAMS 0x000000008d900000, 0x000000008d900000| Complete 
| 218|0x000000008da00000, 0x000000008db00000, 0x000000008db00000|100%| E|CS|TAMS 0x000000008da00000, 0x000000008da00000| Complete 
| 219|0x000000008db00000, 0x000000008dc00000, 0x000000008dc00000|100%| E|CS|TAMS 0x000000008db00000, 0x000000008db00000| Complete 
| 220|0x000000008dc00000, 0x000000008dd00000, 0x000000008dd00000|100%| E|CS|TAMS 0x000000008dc00000, 0x000000008dc00000| Complete 
| 221|0x000000008dd00000, 0x000000008de00000, 0x000000008de00000|100%| E|CS|TAMS 0x000000008dd00000, 0x000000008dd00000| Complete 
| 222|0x000000008de00000, 0x000000008df00000, 0x000000008df00000|100%| E|CS|TAMS 0x000000008de00000, 0x000000008de00000| Complete 
| 223|0x000000008df00000, 0x000000008e000000, 0x000000008e000000|100%| E|CS|TAMS 0x000000008df00000, 0x000000008df00000| Complete 
| 224|0x000000008e000000, 0x000000008e100000, 0x000000008e100000|100%| E|CS|TAMS 0x000000008e000000, 0x000000008e000000| Complete 
| 225|0x000000008e100000, 0x000000008e200000, 0x000000008e200000|100%| E|CS|TAMS 0x000000008e100000, 0x000000008e100000| Complete 
| 226|0x000000008e200000, 0x000000008e300000, 0x000000008e300000|100%| E|CS|TAMS 0x000000008e200000, 0x000000008e200000| Complete 
| 227|0x000000008e300000, 0x000000008e400000, 0x000000008e400000|100%| E|CS|TAMS 0x000000008e300000, 0x000000008e300000| Complete 
| 228|0x000000008e400000, 0x000000008e500000, 0x000000008e500000|100%| E|CS|TAMS 0x000000008e400000, 0x000000008e400000| Complete 
| 229|0x000000008e500000, 0x000000008e600000, 0x000000008e600000|100%| E|CS|TAMS 0x000000008e500000, 0x000000008e500000| Complete 
| 230|0x000000008e600000, 0x000000008e700000, 0x000000008e700000|100%| E|CS|TAMS 0x000000008e600000, 0x000000008e600000| Complete 
| 231|0x000000008e700000, 0x000000008e800000, 0x000000008e800000|100%| E|CS|TAMS 0x000000008e700000, 0x000000008e700000| Complete 
| 232|0x000000008e800000, 0x000000008e900000, 0x000000008e900000|100%| E|CS|TAMS 0x000000008e800000, 0x000000008e800000| Complete 
| 233|0x000000008e900000, 0x000000008ea00000, 0x000000008ea00000|100%| E|CS|TAMS 0x000000008e900000, 0x000000008e900000| Complete 
| 234|0x000000008ea00000, 0x000000008eb00000, 0x000000008eb00000|100%| E|CS|TAMS 0x000000008ea00000, 0x000000008ea00000| Complete 
| 235|0x000000008eb00000, 0x000000008ec00000, 0x000000008ec00000|100%| E|CS|TAMS 0x000000008eb00000, 0x000000008eb00000| Complete 
| 236|0x000000008ec00000, 0x000000008ed00000, 0x000000008ed00000|100%| E|CS|TAMS 0x000000008ec00000, 0x000000008ec00000| Complete 
| 237|0x000000008ed00000, 0x000000008ee00000, 0x000000008ee00000|100%| E|CS|TAMS 0x000000008ed00000, 0x000000008ed00000| Complete 
| 238|0x000000008ee00000, 0x000000008ef00000, 0x000000008ef00000|100%| E|CS|TAMS 0x000000008ee00000, 0x000000008ee00000| Complete 
| 239|0x000000008ef00000, 0x000000008f000000, 0x000000008f000000|100%| E|CS|TAMS 0x000000008ef00000, 0x000000008ef00000| Complete 
| 240|0x000000008f000000, 0x000000008f100000, 0x000000008f100000|100%| E|CS|TAMS 0x000000008f000000, 0x000000008f000000| Complete 
| 241|0x000000008f100000, 0x000000008f200000, 0x000000008f200000|100%| E|CS|TAMS 0x000000008f100000, 0x000000008f100000| Complete 
| 242|0x000000008f200000, 0x000000008f300000, 0x000000008f300000|100%| E|CS|TAMS 0x000000008f200000, 0x000000008f200000| Complete 
| 243|0x000000008f300000, 0x000000008f400000, 0x000000008f400000|100%| E|CS|TAMS 0x000000008f300000, 0x000000008f300000| Complete 
| 244|0x000000008f400000, 0x000000008f500000, 0x000000008f500000|100%| E|CS|TAMS 0x000000008f400000, 0x000000008f400000| Complete 
| 245|0x000000008f500000, 0x000000008f600000, 0x000000008f600000|100%| E|CS|TAMS 0x000000008f500000, 0x000000008f500000| Complete 
| 246|0x000000008f600000, 0x000000008f700000, 0x000000008f700000|100%| E|CS|TAMS 0x000000008f600000, 0x000000008f600000| Complete 
| 247|0x000000008f700000, 0x000000008f800000, 0x000000008f800000|100%| E|CS|TAMS 0x000000008f700000, 0x000000008f700000| Complete 
| 248|0x000000008f800000, 0x000000008f900000, 0x000000008f900000|100%| E|CS|TAMS 0x000000008f800000, 0x000000008f800000| Complete 
| 249|0x000000008f900000, 0x000000008fa00000, 0x000000008fa00000|100%| E|CS|TAMS 0x000000008f900000, 0x000000008f900000| Complete 
| 250|0x000000008fa00000, 0x000000008fb00000, 0x000000008fb00000|100%| E|CS|TAMS 0x000000008fa00000, 0x000000008fa00000| Complete 
| 251|0x000000008fb00000, 0x000000008fc00000, 0x000000008fc00000|100%| E|CS|TAMS 0x000000008fb00000, 0x000000008fb00000| Complete 
| 252|0x000000008fc00000, 0x000000008fd00000, 0x000000008fd00000|100%| E|CS|TAMS 0x000000008fc00000, 0x000000008fc00000| Complete 
| 253|0x000000008fd00000, 0x000000008fe00000, 0x000000008fe00000|100%| E|CS|TAMS 0x000000008fd00000, 0x000000008fd00000| Complete 

Card table byte_map: [0x000001c3751a0000,0x000001c3755a0000] _byte_map_base: 0x000001c374da0000

Marking Bits (Prev, Next): (CMBitMap*) 0x000001c361f92158, (CMBitMap*) 0x000001c361f92190
 Prev Bits: [0x000001c3759a0000, 0x000001c3779a0000)
 Next Bits: [0x000001c3779a0000, 0x000001c3799a0000)

Polling page: 0x000001c35fed0000

Metaspace:

Usage:
  Non-class:     45.15 MB capacity,    44.36 MB ( 98%) used,   666.25 KB (  1%) free+waste,   140.06 KB ( <1%) overhead. 
      Class:      6.91 MB capacity,     6.41 MB ( 93%) used,   440.55 KB (  6%) free+waste,    66.63 KB ( <1%) overhead. 
       Both:     52.05 MB capacity,    50.77 MB ( 98%) used,     1.08 MB (  2%) free+waste,   206.69 KB ( <1%) overhead. 

Virtual space:
  Non-class space:       50.00 MB reserved,      45.20 MB ( 90%) committed 
      Class space:        1.00 GB reserved,       7.00 MB ( <1%) committed 
             Both:        1.05 GB reserved,      52.20 MB (  5%) committed 

Chunk freelists:
   Non-Class:  58.00 KB
       Class:  1.00 KB
        Both:  59.00 KB

MaxMetaspaceSize: 17179869184.00 GB
CompressedClassSpaceSize: 1.00 GB
Initial GC threshold: 20.80 MB
Current GC threshold: 59.09 MB
CDS: off

CodeHeap 'non-profiled nmethods': size=120000Kb used=3109Kb max_used=3109Kb free=116890Kb
 bounds [0x000001c36d540000, 0x000001c36d850000, 0x000001c374a70000]
CodeHeap 'profiled nmethods': size=120000Kb used=10932Kb max_used=10932Kb free=109067Kb
 bounds [0x000001c366010000, 0x000001c366ac0000, 0x000001c36d540000]
CodeHeap 'non-nmethods': size=5760Kb used=2308Kb max_used=2343Kb free=3451Kb
 bounds [0x000001c365a70000, 0x000001c365ce0000, 0x000001c366010000]
 total_blobs=6203 nmethods=5405 adapters=709
 compilation: enabled
              stopped_count=0, restarted_count=0
 full_count=0

Compilation events (20 events):
Event: 6.062 Thread 0x000001c37ccde800 nmethod 5395 0x000001c366ab8310 code [0x000001c366ab8520, 0x000001c366ab8ab8]
Event: 6.063 Thread 0x000001c37ccd7800 nmethod 5396 0x000001c36d848a90 code [0x000001c36d848c20, 0x000001c36d848cb8]
Event: 6.066 Thread 0x000001c37ccde800 5397       3       java.lang.StringBuilder::append (8 bytes)
Event: 6.066 Thread 0x000001c37ccde800 nmethod 5397 0x000001c366ab8c90 code [0x000001c366ab8e40, 0x000001c366ab8f88]
Event: 6.067 Thread 0x000001c37ccde800 5398       1       com.android.build.gradle.options.Stage::getStatus (5 bytes)
Event: 6.067 Thread 0x000001c37ccde800 nmethod 5398 0x000001c36d848e10 code [0x000001c36d848fc0, 0x000001c36d849078]
Event: 6.068 Thread 0x000001c37ccde800 5399       3       java.util.AbstractMap$SimpleImmutableEntry::<init> (15 bytes)
Event: 6.068 Thread 0x000001c37ccde800 nmethod 5399 0x000001c366ab9010 code [0x000001c366ab91c0, 0x000001c366ab93d8]
Event: 6.068 Thread 0x000001c37ccd7800 5401       4       java.lang.Integer::rotateLeft (9 bytes)
Event: 6.068 Thread 0x000001c37ccde800 5400       3       com.google.common.collect.CollectPreconditions::checkEntryNotNull (100 bytes)
Event: 6.068 Thread 0x000001c37ccd7800 nmethod 5401 0x000001c36d849110 code [0x000001c36d8492a0, 0x000001c36d8492f8]
Event: 6.069 Thread 0x000001c37ccde800 nmethod 5400 0x000001c366ab9490 code [0x000001c366ab97a0, 0x000001c366aba508]
Event: 6.070 Thread 0x000001c37ccde800 5402       3       java.lang.StringBuilder::toString (35 bytes)
Event: 6.070 Thread 0x000001c37ccde800 nmethod 5402 0x000001c366abaa10 code [0x000001c366abac00, 0x000001c366abb098]
Event: 6.072 Thread 0x000001c37ccde800 5403       3       com.google.common.collect.MapMakerInternalMap$1::clear (1 bytes)
Event: 6.072 Thread 0x000001c37ccde800 nmethod 5403 0x000001c366abb210 code [0x000001c366abb3c0, 0x000001c366abb4b8]
Event: 6.072 Thread 0x000001c37ccde800 5404       3       java.lang.String::getBytes (44 bytes)
Event: 6.073 Thread 0x000001c37ccde800 nmethod 5404 0x000001c366abb590 code [0x000001c366abb780, 0x000001c366abbab8]
Event: 6.074 Thread 0x000001c37ccde800 5405       3       java.lang.AbstractStringBuilder::append (45 bytes)
Event: 6.074 Thread 0x000001c37ccde800 nmethod 5405 0x000001c366abbc10 code [0x000001c366abbe40, 0x000001c366abc358]

GC Heap History (10 events):
Event: 0.603 GC heap before
{Heap before GC invocations=0 (full 0):
 garbage-first heap   total 260096K, used 29696K [0x0000000080000000, 0x0000000100000000)
  region size 1024K, 24 young (24576K), 0 survivors (0K)
 Metaspace       used 10166K, capacity 10391K, committed 10624K, reserved 1058816K
  class space    used 1045K, capacity 1106K, committed 1152K, reserved 1048576K
}
Event: 0.607 GC heap after
{Heap after GC invocations=1 (full 0):
 garbage-first heap   total 260096K, used 9670K [0x0000000080000000, 0x0000000100000000)
  region size 1024K, 3 young (3072K), 3 survivors (3072K)
 Metaspace       used 10166K, capacity 10391K, committed 10624K, reserved 1058816K
  class space    used 1045K, capacity 1106K, committed 1152K, reserved 1048576K
}
Event: 2.159 GC heap before
{Heap before GC invocations=1 (full 0):
 garbage-first heap   total 260096K, used 114118K [0x0000000080000000, 0x0000000100000000)
  region size 1024K, 106 young (108544K), 3 survivors (3072K)
 Metaspace       used 20788K, capacity 21189K, committed 21296K, reserved 1069056K
  class space    used 2529K, capacity 2688K, committed 2688K, reserved 1048576K
}
Event: 2.167 GC heap after
{Heap after GC invocations=2 (full 0):
 garbage-first heap   total 260096K, used 17690K [0x0000000080000000, 0x0000000100000000)
  region size 1024K, 11 young (11264K), 11 survivors (11264K)
 Metaspace       used 20788K, capacity 21189K, committed 21296K, reserved 1069056K
  class space    used 2529K, capacity 2688K, committed 2688K, reserved 1048576K
}
Event: 2.842 GC heap before
{Heap before GC invocations=3 (full 0):
 garbage-first heap   total 260096K, used 85274K [0x0000000080000000, 0x0000000100000000)
  region size 1024K, 77 young (78848K), 11 survivors (11264K)
 Metaspace       used 27313K, capacity 28004K, committed 28160K, reserved 1073152K
  class space    used 3559K, capacity 3778K, committed 3840K, reserved 1048576K
}
Event: 2.849 GC heap after
{Heap after GC invocations=4 (full 0):
 garbage-first heap   total 260096K, used 19715K [0x0000000080000000, 0x0000000100000000)
  region size 1024K, 3 young (3072K), 3 survivors (3072K)
 Metaspace       used 27313K, capacity 28004K, committed 28160K, reserved 1073152K
  class space    used 3559K, capacity 3778K, committed 3840K, reserved 1048576K
}
Event: 3.536 GC heap before
{Heap before GC invocations=4 (full 0):
 garbage-first heap   total 260096K, used 68867K [0x0000000080000000, 0x0000000100000000)
  region size 1024K, 52 young (53248K), 3 survivors (3072K)
 Metaspace       used 35264K, capacity 35980K, committed 36048K, reserved 1081344K
  class space    used 4520K, capacity 4822K, committed 4864K, reserved 1048576K
}
Event: 3.544 GC heap after
{Heap after GC invocations=5 (full 0):
 garbage-first heap   total 260096K, used 22652K [0x0000000080000000, 0x0000000100000000)
  region size 1024K, 6 young (6144K), 6 survivors (6144K)
 Metaspace       used 35264K, capacity 35980K, committed 36048K, reserved 1081344K
  class space    used 4520K, capacity 4822K, committed 4864K, reserved 1048576K
}
Event: 4.776 GC heap before
{Heap before GC invocations=6 (full 0):
 garbage-first heap   total 260096K, used 140412K [0x0000000080000000, 0x0000000100000000)
  region size 1024K, 118 young (120832K), 6 survivors (6144K)
 Metaspace       used 45037K, capacity 46104K, committed 46288K, reserved 1089536K
  class space    used 5686K, capacity 6071K, committed 6144K, reserved 1048576K
}
Event: 4.785 GC heap after
{Heap after GC invocations=7 (full 0):
 garbage-first heap   total 260096K, used 29718K [0x0000000080000000, 0x0000000100000000)
  region size 1024K, 13 young (13312K), 13 survivors (13312K)
 Metaspace       used 45037K, capacity 46104K, committed 46288K, reserved 1089536K
  class space    used 5686K, capacity 6071K, committed 6144K, reserved 1048576K
}

Deoptimization events (20 events):
Event: 6.047 Thread 0x000001c37f260800 Uncommon trap: trap_request=0xffffff4d fr.pc=0x000001c36d5c93c0 relative=0x0000000000000380
Event: 6.047 Thread 0x000001c37f260800 Uncommon trap: reason=unstable_if action=reinterpret pc=0x000001c36d5c93c0 method=java.lang.AbstractStringBuilder.isLatin1()Z @ 10 c2
Event: 6.047 Thread 0x000001c37f260800 DEOPT PACKING pc=0x000001c36d5c93c0 sp=0x0000009d9aef5a30
Event: 6.047 Thread 0x000001c37f260800 DEOPT UNPACKING pc=0x000001c365a785af sp=0x0000009d9aef59b0 mode 2
Event: 6.058 Thread 0x000001c37f260800 Uncommon trap: trap_request=0xffffff4d fr.pc=0x000001c36d6e7688 relative=0x0000000000000448
Event: 6.058 Thread 0x000001c37f260800 Uncommon trap: reason=unstable_if action=reinterpret pc=0x000001c36d6e7688 method=java.lang.String.substring(II)Ljava/lang/String; @ 31 c2
Event: 6.058 Thread 0x000001c37f260800 DEOPT PACKING pc=0x000001c36d6e7688 sp=0x0000009d9aef5500
Event: 6.058 Thread 0x000001c37f260800 DEOPT UNPACKING pc=0x000001c365a785af sp=0x0000009d9aef5460 mode 2
Event: 6.058 Thread 0x000001c37f260800 Uncommon trap: trap_request=0xffffff4d fr.pc=0x000001c36d58ee14 relative=0x0000000000000454
Event: 6.058 Thread 0x000001c37f260800 Uncommon trap: reason=unstable_if action=reinterpret pc=0x000001c36d58ee14 method=java.lang.String.substring(II)Ljava/lang/String; @ 31 c2
Event: 6.058 Thread 0x000001c37f260800 DEOPT PACKING pc=0x000001c36d58ee14 sp=0x0000009d9aef5490
Event: 6.058 Thread 0x000001c37f260800 DEOPT UNPACKING pc=0x000001c365a785af sp=0x0000009d9aef5460 mode 2
Event: 6.061 Thread 0x000001c37f260800 Uncommon trap: trap_request=0xffffff4d fr.pc=0x000001c36d5fc420 relative=0x0000000000000080
Event: 6.061 Thread 0x000001c37f260800 Uncommon trap: reason=unstable_if action=reinterpret pc=0x000001c36d5fc420 method=java.lang.CharacterDataLatin1.isWhitespace(I)Z @ 14 c2
Event: 6.061 Thread 0x000001c37f260800 DEOPT PACKING pc=0x000001c36d5fc420 sp=0x0000009d9aef5750
Event: 6.061 Thread 0x000001c37f260800 DEOPT UNPACKING pc=0x000001c365a785af sp=0x0000009d9aef56c0 mode 2
Event: 6.066 Thread 0x000001c37f260800 Uncommon trap: trap_request=0xffffff4d fr.pc=0x000001c36d712c40 relative=0x0000000000000400
Event: 6.066 Thread 0x000001c37f260800 Uncommon trap: reason=unstable_if action=reinterpret pc=0x000001c36d712c40 method=java.lang.String.substring(I)Ljava/lang/String; @ 43 c2
Event: 6.066 Thread 0x000001c37f260800 DEOPT PACKING pc=0x000001c36d712c40 sp=0x0000009d9aef57b0
Event: 6.066 Thread 0x000001c37f260800 DEOPT UNPACKING pc=0x000001c365a785af sp=0x0000009d9aef5788 mode 2

Classes redefined (0 events):
No events

Internal exceptions (20 events):
Event: 5.669 Thread 0x000001c37f260800 Exception <a 'java/security/PrivilegedActionException'{0x000000008a72bef0}> (0x000000008a72bef0) thrown at [./src/hotspot/share/prims/jvm.cpp, line 1306]
Event: 5.669 Thread 0x000001c37f260800 Exception <a 'java/security/PrivilegedActionException'{0x000000008a72eb18}> (0x000000008a72eb18) thrown at [./src/hotspot/share/prims/jvm.cpp, line 1306]
Event: 5.670 Thread 0x000001c37f260800 Exception <a 'java/security/PrivilegedActionException'{0x000000008a72fdd8}> (0x000000008a72fdd8) thrown at [./src/hotspot/share/prims/jvm.cpp, line 1306]
Event: 5.699 Thread 0x000001c37f260800 Exception <a 'java/security/PrivilegedActionException'{0x000000008a67bb90}> (0x000000008a67bb90) thrown at [./src/hotspot/share/prims/jvm.cpp, line 1306]
Event: 5.699 Thread 0x000001c37f260800 Exception <a 'java/security/PrivilegedActionException'{0x000000008a67ce50}> (0x000000008a67ce50) thrown at [./src/hotspot/share/prims/jvm.cpp, line 1306]
Event: 5.699 Thread 0x000001c37f260800 Exception <a 'java/security/PrivilegedActionException'{0x000000008a67fa78}> (0x000000008a67fa78) thrown at [./src/hotspot/share/prims/jvm.cpp, line 1306]
Event: 5.699 Thread 0x000001c37f260800 Exception <a 'java/security/PrivilegedActionException'{0x000000008a694e28}> (0x000000008a694e28) thrown at [./src/hotspot/share/prims/jvm.cpp, line 1306]
Event: 5.699 Thread 0x000001c37f260800 Exception <a 'java/security/PrivilegedActionException'{0x000000008a697b08}> (0x000000008a697b08) thrown at [./src/hotspot/share/prims/jvm.cpp, line 1306]
Event: 5.699 Thread 0x000001c37f260800 Exception <a 'java/security/PrivilegedActionException'{0x000000008a698dc8}> (0x000000008a698dc8) thrown at [./src/hotspot/share/prims/jvm.cpp, line 1306]
Event: 5.700 Thread 0x000001c37f260800 Exception <a 'java/security/PrivilegedActionException'{0x000000008a69b9f8}> (0x000000008a69b9f8) thrown at [./src/hotspot/share/prims/jvm.cpp, line 1306]
Event: 5.700 Thread 0x000001c37f260800 Exception <a 'java/security/PrivilegedActionException'{0x000000008a69ccb8}> (0x000000008a69ccb8) thrown at [./src/hotspot/share/prims/jvm.cpp, line 1306]
Event: 5.700 Thread 0x000001c37f260800 Exception <a 'java/security/PrivilegedActionException'{0x000000008a69f938}> (0x000000008a69f938) thrown at [./src/hotspot/share/prims/jvm.cpp, line 1306]
Event: 5.700 Thread 0x000001c37f260800 Exception <a 'java/security/PrivilegedActionException'{0x000000008a6a0bf8}> (0x000000008a6a0bf8) thrown at [./src/hotspot/share/prims/jvm.cpp, line 1306]
Event: 5.700 Thread 0x000001c37f260800 Exception <a 'java/security/PrivilegedActionException'{0x000000008a6a38d8}> (0x000000008a6a38d8) thrown at [./src/hotspot/share/prims/jvm.cpp, line 1306]
Event: 5.700 Thread 0x000001c37f260800 Exception <a 'java/security/PrivilegedActionException'{0x000000008a6a4b98}> (0x000000008a6a4b98) thrown at [./src/hotspot/share/prims/jvm.cpp, line 1306]
Event: 5.850 Thread 0x000001c37f260800 Exception <a 'java/lang/ClassNotFoundException'{0x0000000089c1f518}: org/gradle/api/internal/plugins/DefaultObjectConfigurationActionBeanInfo> (0x0000000089c1f518) thrown at [./src/hotspot/share/classfile/systemDictionary.cpp, line 231]
Event: 5.851 Thread 0x000001c37f260800 Exception <a 'java/lang/ClassNotFoundException'{0x0000000089c560d0}: org/gradle/api/internal/plugins/DefaultObjectConfigurationActionCustomizer> (0x0000000089c560d0) thrown at [./src/hotspot/share/classfile/systemDictionary.cpp, line 231]
Event: 5.989 Thread 0x000001c37f260800 Exception <a 'java/lang/NoSuchMethodError'{0x000000008913bdf0}: 'java.lang.Object java.lang.invoke.DirectMethodHandle$Holder.invokeStatic(java.lang.Object, java.lang.Object, java.lang.Object, java.lang.Object, int)'> (0x000000008913bdf0) thrown at [./src/hotspot/share/interpreter/linkResolver.cpp, line 773]
Event: 5.990 Thread 0x000001c37f260800 Exception <a 'java/lang/NoSuchMethodError'{0x00000000891407e8}: 'java.lang.Object java.lang.invoke.DirectMethodHandle$Holder.invokeSpecial(java.lang.Object, java.lang.Object, java.lang.Object, java.lang.Object, java.lang.Object, int)'> (0x00000000891407e8) thrown at [./src/hotspot/share/interpreter/linkResolver.cpp, line 773]
Event: 5.990 Thread 0x000001c37f260800 Exception <a 'java/lang/NoSuchMethodError'{0x0000000089144e28}: 'java.lang.Object java.lang.invoke.Invokers$Holder.linkToTargetMethod(java.lang.Object, java.lang.Object, java.lang.Object, int, java.lang.Object)'> (0x0000000089144e28) thrown at [./src/hotspot/share/interpreter/linkResolver.cpp, line 773]

Events (20 events):
Event: 6.072 loading class com/android/tools/analytics/Environment$Companion$SYSTEM$1
Event: 6.072 loading class com/android/tools/analytics/Environment$Companion$SYSTEM$1 done
Event: 6.073 loading class com/android/tools/analytics/AnalyticsSettings
Event: 6.073 loading class com/android/tools/analytics/AnalyticsSettings done
Event: 6.074 loading class com/google/gson/JsonParseException
Event: 6.074 loading class com/google/gson/JsonParseException done
Event: 6.075 loading class com/android/utils/DateProvider
Event: 6.075 loading class com/android/utils/DateProvider done
Event: 6.075 loading class com/android/utils/DateProvider$1
Event: 6.075 loading class com/android/utils/DateProvider$1 done
Event: 6.075 loading class com/android/tools/analytics/AnalyticsPaths
Event: 6.075 loading class com/android/tools/analytics/AnalyticsPaths done
Event: 6.076 loading class com/android/tools/analytics/Environment$EnvironmentVariable
Event: 6.076 loading class com/android/tools/analytics/Environment$EnvironmentVariable done
Event: 6.076 loading class com/android/tools/analytics/Environment$SystemProperty
Event: 6.076 loading class com/android/tools/analytics/Environment$SystemProperty done
Event: 6.077 loading class java/nio/channels/Channels
Event: 6.077 loading class java/nio/channels/Channels done
Event: 6.078 loading class sun/nio/ch/ChannelInputStream
Event: 6.078 loading class sun/nio/ch/ChannelInputStream done


Dynamic libraries:
0x00007ff7997c0000 - 0x00007ff7997ca000 	C:\Program Files\Android\Android Studio1\jre\bin\java.exe
0x00007ffeb0b60000 - 0x00007ffeb0d69000 	C:\WINDOWS\SYSTEM32\ntdll.dll
0x00007ffeaf340000 - 0x00007ffeaf3fe000 	C:\WINDOWS\System32\KERNEL32.DLL
0x00007ffeae0d0000 - 0x00007ffeae44b000 	C:\WINDOWS\System32\KERNELBASE.dll
0x00007ffeae8c0000 - 0x00007ffeae9d1000 	C:\WINDOWS\System32\ucrtbase.dll
0x00007ffe93980000 - 0x00007ffe93997000 	C:\Program Files\Android\Android Studio1\jre\bin\VCRUNTIME140.dll
0x00007ffe93960000 - 0x00007ffe93979000 	C:\Program Files\Android\Android Studio1\jre\bin\jli.dll
0x00007ffeaf820000 - 0x00007ffeaf9cd000 	C:\WINDOWS\System32\USER32.dll
0x00007ffeae600000 - 0x00007ffeae626000 	C:\WINDOWS\System32\win32u.dll
0x00007ffe8b990000 - 0x00007ffe8bc35000 	C:\WINDOWS\WinSxS\amd64_microsoft.windows.common-controls_6595b64144ccf1df_6.0.22000.120_none_9d947278b86cc467\COMCTL32.dll
0x00007ffeae9e0000 - 0x00007ffeaea09000 	C:\WINDOWS\System32\GDI32.dll
0x00007ffeaf500000 - 0x00007ffeaf5a3000 	C:\WINDOWS\System32\msvcrt.dll
0x00007ffeae630000 - 0x00007ffeae748000 	C:\WINDOWS\System32\gdi32full.dll
0x00007ffeae030000 - 0x00007ffeae0cd000 	C:\WINDOWS\System32\msvcp_win.dll
0x00007ffeaf9d0000 - 0x00007ffeafa02000 	C:\WINDOWS\System32\IMM32.DLL
0x00007ffe617a0000 - 0x00007ffe6183d000 	C:\Program Files\Android\Android Studio1\jre\bin\msvcp140.dll
0x00007ffe30e70000 - 0x00007ffe31972000 	C:\Program Files\Android\Android Studio1\jre\bin\server\jvm.dll
0x00007ffeafb70000 - 0x00007ffeafc1e000 	C:\WINDOWS\System32\ADVAPI32.dll
0x00007ffeaf5b0000 - 0x00007ffeaf64e000 	C:\WINDOWS\System32\sechost.dll
0x00007ffeb0590000 - 0x00007ffeb06b0000 	C:\WINDOWS\System32\RPCRT4.dll
0x00007ffeaf1d0000 - 0x00007ffeaf1d8000 	C:\WINDOWS\System32\PSAPI.DLL
0x00007ffea7b90000 - 0x00007ffea7b99000 	C:\WINDOWS\SYSTEM32\WSOCK32.dll
0x00007ffea57d0000 - 0x00007ffea5803000 	C:\WINDOWS\SYSTEM32\WINMM.dll
0x00007ffeafa10000 - 0x00007ffeafa7f000 	C:\WINDOWS\System32\WS2_32.dll
0x00007ffea5d20000 - 0x00007ffea5d2a000 	C:\WINDOWS\SYSTEM32\VERSION.dll
0x00007ffead1a0000 - 0x00007ffead1b8000 	C:\WINDOWS\SYSTEM32\kernel.appcore.dll
0x00007ffea58d0000 - 0x00007ffea58e1000 	C:\Program Files\Android\Android Studio1\jre\bin\verify.dll
0x00007ffeabad0000 - 0x00007ffeabcf1000 	C:\WINDOWS\SYSTEM32\DBGHELP.DLL
0x00007ffe99ab0000 - 0x00007ffe99ae1000 	C:\WINDOWS\SYSTEM32\dbgcore.DLL
0x00007ffeae580000 - 0x00007ffeae5ff000 	C:\WINDOWS\System32\bcryptPrimitives.dll
0x00007ffea4590000 - 0x00007ffea45b9000 	C:\Program Files\Android\Android Studio1\jre\bin\java.dll
0x00007ffea7b80000 - 0x00007ffea7b8b000 	C:\Program Files\Android\Android Studio1\jre\bin\jimage.dll
0x00007ffe99a30000 - 0x00007ffe99a48000 	C:\Program Files\Android\Android Studio1\jre\bin\zip.dll
0x00007ffeaea10000 - 0x00007ffeaf1c8000 	C:\WINDOWS\System32\SHELL32.dll
0x00007ffeabfd0000 - 0x00007ffeac835000 	C:\WINDOWS\SYSTEM32\windows.storage.dll
0x00007ffeb0090000 - 0x00007ffeb0408000 	C:\WINDOWS\System32\combase.dll
0x00007ffeabe60000 - 0x00007ffeabfc6000 	C:\WINDOWS\SYSTEM32\wintypes.dll
0x00007ffeb04a0000 - 0x00007ffeb058a000 	C:\WINDOWS\System32\SHCORE.dll
0x00007ffeaf400000 - 0x00007ffeaf45d000 	C:\WINDOWS\System32\shlwapi.dll
0x00007ffeadf60000 - 0x00007ffeadf81000 	C:\WINDOWS\SYSTEM32\profapi.dll
0x00007ffe92bc0000 - 0x00007ffe92bda000 	C:\Program Files\Android\Android Studio1\jre\bin\net.dll
0x00007ffea6a80000 - 0x00007ffea6b94000 	C:\WINDOWS\SYSTEM32\WINHTTP.dll
0x00007ffead640000 - 0x00007ffead6a7000 	C:\WINDOWS\system32\mswsock.dll
0x00007ffe92ba0000 - 0x00007ffe92bb4000 	C:\Program Files\Android\Android Studio1\jre\bin\nio.dll
0x00007ffe7b840000 - 0x00007ffe7b867000 	C:\Users\jossa\.gradle\native\e1d6ef7f7dcc3fd88c89a11ec53ec762bb8ba0a96d01ffa2cd45eb1d1d8dd5c5\windows-amd64\native-platform.dll
0x00007ffe53500000 - 0x00007ffe53644000 	C:\Users\jossa\.gradle\native\0d407fdbe67a94daf76414ababcb853783967236a71b16ec16e742cd7a986fd3\windows-amd64\native-platform-file-events.dll
0x00007ffea74a0000 - 0x00007ffea74aa000 	C:\Program Files\Android\Android Studio1\jre\bin\management.dll
0x00007ffea5ca0000 - 0x00007ffea5cad000 	C:\Program Files\Android\Android Studio1\jre\bin\management_ext.dll
0x00007ffead880000 - 0x00007ffead898000 	C:\WINDOWS\SYSTEM32\CRYPTSP.dll
0x00007ffead100000 - 0x00007ffead135000 	C:\WINDOWS\system32\rsaenh.dll
0x00007ffead730000 - 0x00007ffead759000 	C:\WINDOWS\SYSTEM32\USERENV.dll
0x00007ffeada10000 - 0x00007ffeada37000 	C:\WINDOWS\SYSTEM32\bcrypt.dll
0x00007ffead8a0000 - 0x00007ffead8ac000 	C:\WINDOWS\SYSTEM32\CRYPTBASE.dll
0x00007ffeacc50000 - 0x00007ffeacc7d000 	C:\WINDOWS\SYSTEM32\IPHLPAPI.DLL
0x00007ffeafb60000 - 0x00007ffeafb69000 	C:\WINDOWS\System32\NSI.dll
0x00007ffea5400000 - 0x00007ffea5419000 	C:\WINDOWS\SYSTEM32\dhcpcsvc6.DLL
0x00007ffea5f90000 - 0x00007ffea5fae000 	C:\WINDOWS\SYSTEM32\dhcpcsvc.DLL
0x00007ffeacc80000 - 0x00007ffeacd68000 	C:\WINDOWS\SYSTEM32\DNSAPI.dll

dbghelp: loaded successfully - version: 4.0.5 - missing functions: none
symbol engine: initialized successfully - sym options: 0x614 - pdb path: .;C:\Program Files\Android\Android Studio1\jre\bin;C:\WINDOWS\SYSTEM32;C:\WINDOWS\WinSxS\amd64_microsoft.windows.common-controls_6595b64144ccf1df_6.0.22000.120_none_9d947278b86cc467;C:\Program Files\Android\Android Studio1\jre\bin\server;C:\Users\jossa\.gradle\native\e1d6ef7f7dcc3fd88c89a11ec53ec762bb8ba0a96d01ffa2cd45eb1d1d8dd5c5\windows-amd64;C:\Users\jossa\.gradle\native\0d407fdbe67a94daf76414ababcb853783967236a71b16ec16e742cd7a986fd3\windows-amd64

VM Arguments:
jvm_args: --add-opens=java.base/java.util=ALL-UNNAMED --add-opens=java.base/java.lang=ALL-UNNAMED --add-opens=java.base/java.lang.invoke=ALL-UNNAMED --add-opens=java.base/java.util=ALL-UNNAMED --add-opens=java.prefs/java.util.prefs=ALL-UNNAMED --add-opens=java.prefs/java.util.prefs=ALL-UNNAMED --add-opens=java.base/java.nio.charset=ALL-UNNAMED --add-opens=java.base/java.net=ALL-UNNAMED --add-opens=java.base/java.util.concurrent.atomic=ALL-UNNAMED -Xmx2048m -Dfile.encoding=UTF-8 -Duser.country=ES -Duser.language=es -Duser.variant 
java_command: org.gradle.launcher.daemon.bootstrap.GradleDaemon 7.4
java_class_path (initial): C:\Users\jossa\.gradle\wrapper\dists\gradle-7.4-bin\c0gwcg53nkjbqw7r0h0umtfvt\gradle-7.4\lib\gradle-launcher-7.4.jar
Launcher Type: SUN_STANDARD

[Global flags]
     intx CICompilerCount                          = 4                                         {product} {ergonomic}
     uint ConcGCThreads                            = 2                                         {product} {ergonomic}
     uint G1ConcRefinementThreads                  = 8                                         {product} {ergonomic}
   size_t G1HeapRegionSize                         = 1048576                                   {product} {ergonomic}
    uintx GCDrainStackTargetSize                   = 64                                        {product} {ergonomic}
   size_t InitialHeapSize                          = 266338304                                 {product} {ergonomic}
   size_t MarkStackSize                            = 4194304                                   {product} {ergonomic}
   size_t MaxHeapSize                              = 2147483648                                {product} {command line}
   size_t MaxNewSize                               = 1287651328                                {product} {ergonomic}
   size_t MinHeapDeltaBytes                        = 1048576                                   {product} {ergonomic}
    uintx NonNMethodCodeHeapSize                   = 5836300                                {pd product} {ergonomic}
    uintx NonProfiledCodeHeapSize                  = 122910970                              {pd product} {ergonomic}
    uintx ProfiledCodeHeapSize                     = 122910970                              {pd product} {ergonomic}
    uintx ReservedCodeCacheSize                    = 251658240                              {pd product} {ergonomic}
     bool SegmentedCodeCache                       = true                                      {product} {ergonomic}
     bool UseCompressedClassPointers               = true                                 {lp64_product} {ergonomic}
     bool UseCompressedOops                        = true                                 {lp64_product} {ergonomic}
     bool UseG1GC                                  = true                                      {product} {ergonomic}
     bool UseLargePagesIndividualAllocation        = false                                  {pd product} {ergonomic}

Logging:
Log output configuration:
 #0: stdout all=warning uptime,level,tags
 #1: stderr all=off uptime,level,tags

Environment Variables:
PATH=%JAVA_HOME%\bin;C:\Program Files (x86)\Common Files\Oracle\Java\javapath;C:\Program Files\Microsoft MPI\Bin\;C:\Program Files\Common Files\Oracle\Java\javapath;C:\windows\system32;C:\windows;C:\windows\System32\Wbem;C:\windows\System32\WindowsPowerShell\v1.0\;C:\windows\System32\OpenSSH\;C:\Program Files (x86)\NVIDIA Corporation\PhysX\Common;C:\Program Files\NVIDIA Corporation\NVIDIA NvDLISR;C:\WINDOWS\system32;C:\WINDOWS;C:\WINDOWS\System32\Wbem;C:\WINDOWS\System32\WindowsPowerShell\v1.0\;C:\WINDOWS\System32\OpenSSH\;C:\Program Files\dotnet\;C:\Program Files\Microsoft SQL Server\Client SDK\ODBC\170\Tools\Binn\;C:\Program Files\Microsoft SQL Server\150\Tools\Binn\;C:\Program Files (x86)\Microsoft SQL Server\150\Tools\Binn\;C:\Program Files (x86)\Microsoft SQL Server\150\DTS\Binn\;C:\Program Files\Microsoft SQL Server\150\DTS\Binn\;C:\Program Files\Azure Data Studio\bin;C:\Program Files\nodejs\;C:\apache-maven\bin;C:\Program Files\Microsoft SQL Server\130\Tools\Binn\;C:\Program Files\Git\cmd;C:\Program Files (x86)\Microsoft SQL Server\110\DTS\Binn\;C:\Program Files (x86)\Microsoft SQL Server\120\DTS\Binn\;C:\Program Files (x86)\Microsoft SQL Server\130\DTS\Binn\;C:\Program Files (x86)\Microsoft SQL Server\140\DTS\Binn\;C:\Program Files (x86)\Microsoft SQL Server\160\DTS\Binn\;C:\Users\jossa\AppData\Local\Programs\Python\Python310\Scripts;C:\Users\jossa\AppData\Local\Programs\Python\Python310\;C:\Program Files\MySQL\MySQL Shell 8.0\bin\;C:\Users\jossa\AppData\Local\Microsoft\WindowsApps;C:\Users\jossa\.dotnet\tools;C:\Program Files\Azure Data Studio\bin;C:\Users\jossa\AppData\Local\Programs\Microsoft VS Code\bin;C:\Users\jossa\AppData\Roaming\npm;
USERNAME=jossa
OS=Windows_NT
PROCESSOR_IDENTIFIER=Intel64 Family 6 Model 140 Stepping 1, GenuineIntel



---------------  S Y S T E M  ---------------

OS: Windows 11 , 64 bit Build 22000 (10.0.22000.1219)
OS uptime: 2 days 1:04 hours

CPU:total 8 (initial active 8) (4 cores per cpu, 2 threads per core) family 6 model 140 stepping 1 microcode 0x86, cmov, cx8, fxsr, mmx, sse, sse2, sse3, ssse3, sse4.1, sse4.2, popcnt, avx, avx2, aes, clmul, erms, 3dnowpref, lzcnt, ht, tsc, tscinvbit, bmi1, bmi2, adx, evex, sha, fma

Memory: 4k page, system-wide physical 16149M (2448M free)
TotalPageFile size 20917M (AvailPageFile size 4M)
current process WorkingSet (physical memory assigned to process): 342M, peak: 342M
current process commit charge ("private bytes"): 476M, peak: 476M

vm_info: OpenJDK 64-Bit Server VM (11.0.13+0-b1751.21-8125866) for windows-amd64 JRE (11.0.13+0-b1751.21-8125866), built on Feb  2 2022 03:00:22 by "builder" with MS VC++ 14.0 (VS2015)

END.
